#
# There is insufficient memory for the Java Runtime Environment to continue.
# Native memory allocation (mmap) failed to map 112721920 bytes for committing reserved memory.
# Possible reasons:
#   The system is out of physical RAM or swap space
#   In 32 bit mode, the process size limit was hit
# Possible solutions:
#   Reduce memory load on the system
#   Increase physical memory or swap space
#   Check if swap backing store is full
#   Use 64 bit Java on a 64 bit OS
#   Decrease Java heap size (-Xmx/-Xms)
#   Decrease number of Java threads
#   Decrease Java thread stack sizes (-Xss)
#   Set larger code cache with -XX:ReservedCodeCacheSize=
# This output file may be truncated or incomplete.
#
#  Out of Memory Error (os_linux.cpp:2627), pid=30586, tid=0x00007f80e308d700
#
# JRE version: OpenJDK Runtime Environment (8.0_112-b06) (build 1.8.0_112-release-b06)
# Java VM: OpenJDK 64-Bit Server VM (25.112-b06 mixed mode linux-amd64 compressed oops)
# Failed to write core dump. Core dumps have been disabled. To enable core dumping, try "ulimit -c unlimited" before starting Java again
#

---------------  T H R E A D  ---------------

Current thread (0x00007f8104081000):  VMThread [stack: 0x00007f80e2f8d000,0x00007f80e308e000] [id=30601]

Stack: [0x00007f80e2f8d000,0x00007f80e308e000],  sp=0x00007f80e308c490,  free space=1021k
Native frames: (J=compiled Java code, j=interpreted, Vv=VM code, C=native code)
V  [libjvm.so+0x9e465d]  VMError::report_and_die()+0x15d
V  [libjvm.so+0x4b6ada]  report_vm_out_of_memory(char const*, int, unsigned long, VMErrorType, char const*)+0x8a
V  [libjvm.so+0x84c860]  os::pd_commit_memory(char*, unsigned long, unsigned long, bool)+0xf0
V  [libjvm.so+0x84737f]  os::commit_memory(char*, unsigned long, unsigned long, bool)+0x1f
V  [libjvm.so+0x8bd3db]  PSVirtualSpace::expand_by(unsigned long)+0x5b
V  [libjvm.so+0x8ae1bb]  PSOldGen::expand_by(unsigned long) [clone .part.109]+0x1b
V  [libjvm.so+0x8ae37b]  PSOldGen::expand(unsigned long) [clone .part.111]+0xdb
V  [libjvm.so+0x8aec58]  PSOldGen::resize(unsigned long)+0x188
V  [libjvm.so+0x8b426c]  PSParallelCompact::invoke_no_policy(bool)+0x97c
V  [libjvm.so+0x8bb37d]  PSScavenge::invoke()+0x17d
V  [libjvm.so+0x86fcf3]  ParallelScavengeHeap::failed_mem_allocate(unsigned long)+0x63
V  [libjvm.so+0x9e6124]  VM_ParallelGCFailedAllocation::doit()+0x84
V  [libjvm.so+0x9ea537]  VM_Operation::evaluate()+0x47
V  [libjvm.so+0x9e8ff8]  VMThread::evaluate_operation(VM_Operation*)+0x2c8
V  [libjvm.so+0x9e9479]  VMThread::loop()+0x219
V  [libjvm.so+0x9e98c2]  VMThread::run()+0x72
V  [libjvm.so+0x849c82]  java_start(Thread*)+0xf2

VM_Operation (0x00007f80cf7f9c70): ParallelGCFailedAllocation, mode: safepoint, requested by thread 0x00007f8091028800


---------------  P R O C E S S  ---------------

Java Threads: ( => current thread )
  0x00007f8091028800 JavaThread "config-0-worker-7" daemon [_thread_blocked, id=30621, stack(0x00007f80cf5fb000,0x00007f80cf7fc000)]
  0x00007f8091026800 JavaThread "config-0-worker-6" daemon [_thread_blocked, id=30620, stack(0x00007f80cf7fc000,0x00007f80cf9fd000)]
  0x00007f8091024800 JavaThread "config-0-worker-5" daemon [_thread_blocked, id=30619, stack(0x00007f80cf9fd000,0x00007f80cfbfe000)]
  0x00007f8091022800 JavaThread "config-0-worker-4" daemon [_thread_blocked, id=30618, stack(0x00007f80cfbfe000,0x00007f80cfdff000)]
  0x00007f8091020800 JavaThread "config-0-worker-3" daemon [_thread_blocked, id=30617, stack(0x00007f80cfdff000,0x00007f80d0000000)]
  0x00007f809101e800 JavaThread "config-0-worker-2" daemon [_thread_blocked, id=30616, stack(0x00007f80e0051000,0x00007f80e0252000)]
  0x00007f809101d000 JavaThread "config-0-worker-1" daemon [_thread_blocked, id=30615, stack(0x00007f80e0252000,0x00007f80e0453000)]
  0x00007f8090fc4000 JavaThread "config-0-worker-0" daemon [_thread_blocked, id=30614, stack(0x00007f80e0453000,0x00007f80e0654000)]
  0x00007f81044e7000 JavaThread "Jack reporter" [_thread_blocked, id=30611, stack(0x00007f80e137f000,0x00007f80e1480000)]
  0x00007f81040d4800 JavaThread "Service Thread" daemon [_thread_blocked, id=30609, stack(0x00007f80e1f72000,0x00007f80e2073000)]
  0x00007f81040c9000 JavaThread "C1 CompilerThread3" daemon [_thread_blocked, id=30608, stack(0x00007f80e2073000,0x00007f80e2174000)]
  0x00007f81040c7000 JavaThread "C2 CompilerThread2" daemon [_thread_blocked, id=30607, stack(0x00007f80e2174000,0x00007f80e2275000)]
  0x00007f81040c5800 JavaThread "C2 CompilerThread1" daemon [_thread_blocked, id=30606, stack(0x00007f80e2275000,0x00007f80e2376000)]
  0x00007f81040c2800 JavaThread "C2 CompilerThread0" daemon [_thread_blocked, id=30605, stack(0x00007f80e2376000,0x00007f80e2477000)]
  0x00007f81040c1000 JavaThread "Signal Dispatcher" daemon [_thread_blocked, id=30604, stack(0x00007f80e2477000,0x00007f80e2578000)]
  0x00007f810408d800 JavaThread "Finalizer" daemon [_thread_blocked, id=30603, stack(0x00007f80e2d8b000,0x00007f80e2e8c000)]
  0x00007f8104089000 JavaThread "Reference Handler" daemon [_thread_blocked, id=30602, stack(0x00007f80e2e8c000,0x00007f80e2f8d000)]
  0x00007f810400b800 JavaThread "main" [_thread_blocked, id=30592, stack(0x00007f810a5f3000,0x00007f810a6f4000)]

Other Threads:
=>0x00007f8104081000 VMThread [stack: 0x00007f80e2f8d000,0x00007f80e308e000] [id=30601]
  0x00007f81040d7000 WatcherThread [stack: 0x00007f80e1e71000,0x00007f80e1f72000] [id=30610]

VM state:at safepoint (normal execution)

VM Mutex/Monitor currently owned by a thread:  ([mutex/lock_event])
[0x00007f8104007500] ExpandHeap_lock - owner thread: 0x00007f8104081000
[0x00007f8104007b80] Threads_lock - owner thread: 0x00007f8104081000
[0x00007f8104008080] Heap_lock - owner thread: 0x00007f8091028800

Heap:
 PSYoungGen      total 265728K, used 496K [0x00000000eab00000, 0x0000000100000000, 0x0000000100000000)
  eden space 233472K, 0% used [0x00000000eab00000,0x00000000eab00000,0x00000000f8f00000)
  from space 32256K, 1% used [0x00000000fe080000,0x00000000fe0fc378,0x0000000100000000)
  to   space 57856K, 0% used [0x00000000f8f00000,0x00000000f8f00000,0x00000000fc780000)
 ParOldGen       total 115712K, used 115497K [0x00000000c0000000, 0x00000000c7100000, 0x00000000eab00000)
  object space 115712K, 99% used [0x00000000c0000000,0x00000000c70ca460,0x00000000c7100000)
 Metaspace       used 24727K, capacity 24876K, committed 25088K, reserved 1071104K
  class space    used 2976K, capacity 3023K, committed 3072K, reserved 1048576K

Card table byte_map: [0x00007f80f41f2000,0x00007f80f43f3000] byte_map_base: 0x00007f80f3bf2000

Marking Bits: (ParMarkBitMap*) 0x00007f8109ac3340
 Begin Bits: [0x00007f80f1894000, 0x00007f80f2894000)
 End Bits:   [0x00007f80f2894000, 0x00007f80f3894000)

Polling page: 0x00007f810a712000

CodeCache: size=245760Kb used=15013Kb max_used=15013Kb free=230746Kb
 bounds [0x00007f80f47b3000, 0x00007f80f5673000, 0x00007f81037b3000]
 total_blobs=5451 nmethods=5064 adapters=296
 compilation: enabled

Compilation events (10 events):
Event: 3.929 Thread 0x00007f81040c9000 5146       2       com.android.jack.dx.io.instructions.DecodedInstruction::getAUnit (46 bytes)
Event: 3.929 Thread 0x00007f81040c9000 nmethod 5146 0x00007f80f5657150 code [0x00007f80f5657320, 0x00007f80f5657778]
Event: 3.934 Thread 0x00007f81040c9000 5147       2       com.android.jack.dx.io.instructions.ZeroRegisterDecodedInstruction::withIndex (34 bytes)
Event: 3.934 Thread 0x00007f81040c9000 nmethod 5147 0x00007f80f5657a10 code [0x00007f80f5657b80, 0x00007f80f5657da8]
Event: 3.938 Thread 0x00007f81040c2800 nmethod 5127 0x00007f80f565bc50 code [0x00007f80f565bec0, 0x00007f80f565d008]
Event: 3.938 Thread 0x00007f81040c2800 5129       4       com.android.jack.dx.dex.file.ImportedCodeItem::writeTo0 (547 bytes)
Event: 3.939 Thread 0x00007f81040c9000 5149       2       com.android.jack.dx.dex.file.ImportedCodeItem$GenericVisitor::<init> (10 bytes)
Event: 3.939 Thread 0x00007f81040c9000 nmethod 5149 0x00007f80f565b910 code [0x00007f80f565ba60, 0x00007f80f565bbd0]
Event: 3.939 Thread 0x00007f81040c9000 5148       2       com.android.jack.dx.dex.file.ImportedCodeItem$GenericVisitor::<init> (6 bytes)
Event: 3.939 Thread 0x00007f81040c9000 nmethod 5148 0x00007f80f565b5d0 code [0x00007f80f565b720, 0x00007f80f565b890]

GC Heap History (10 events):
Event: 2.029 GC heap after
Heap after GC invocations=5 (full 0):
 PSYoungGen      total 136192K, used 5104K [0x00000000eab00000, 0x00000000fdc00000, 0x0000000100000000)
  eden space 131072K, 0% used [0x00000000eab00000,0x00000000eab00000,0x00000000f2b00000)
  from space 5120K, 99% used [0x00000000f2b00000,0x00000000f2ffc020,0x00000000f3000000)
  to   space 25088K, 0% used [0x00000000fc380000,0x00000000fc380000,0x00000000fdc00000)
 ParOldGen       total 86016K, used 50577K [0x00000000c0000000, 0x00000000c5400000, 0x00000000eab00000)
  object space 86016K, 58% used [0x00000000c0000000,0x00000000c31646e0,0x00000000c5400000)
 Metaspace       used 20960K, capacity 21126K, committed 21296K, reserved 1069056K
  class space    used 2554K, capacity 2606K, committed 2688K, reserved 1048576K
}
Event: 2.029 GC heap before
{Heap before GC invocations=6 (full 1):
 PSYoungGen      total 136192K, used 5104K [0x00000000eab00000, 0x00000000fdc00000, 0x0000000100000000)
  eden space 131072K, 0% used [0x00000000eab00000,0x00000000eab00000,0x00000000f2b00000)
  from space 5120K, 99% used [0x00000000f2b00000,0x00000000f2ffc020,0x00000000f3000000)
  to   space 25088K, 0% used [0x00000000fc380000,0x00000000fc380000,0x00000000fdc00000)
 ParOldGen       total 86016K, used 50577K [0x00000000c0000000, 0x00000000c5400000, 0x00000000eab00000)
  object space 86016K, 58% used [0x00000000c0000000,0x00000000c31646e0,0x00000000c5400000)
 Metaspace       used 20960K, capacity 21126K, committed 21296K, reserved 1069056K
  class space    used 2554K, capacity 2606K, committed 2688K, reserved 1048576K
Event: 2.145 GC heap after
Heap after GC invocations=6 (full 1):
 PSYoungGen      total 136192K, used 0K [0x00000000eab00000, 0x00000000fdc00000, 0x0000000100000000)
  eden space 131072K, 0% used [0x00000000eab00000,0x00000000eab00000,0x00000000f2b00000)
  from space 5120K, 0% used [0x00000000f2b00000,0x00000000f2b00000,0x00000000f3000000)
  to   space 25088K, 0% used [0x00000000fc380000,0x00000000fc380000,0x00000000fdc00000)
 ParOldGen       total 115712K, used 46488K [0x00000000c0000000, 0x00000000c7100000, 0x00000000eab00000)
  object space 115712K, 40% used [0x00000000c0000000,0x00000000c2d661c8,0x00000000c7100000)
 Metaspace       used 20960K, capacity 21126K, committed 21296K, reserved 1069056K
  class space    used 2554K, capacity 2606K, committed 2688K, reserved 1048576K
}
Event: 2.403 GC heap before
{Heap before GC invocations=7 (full 1):
 PSYoungGen      total 136192K, used 131072K [0x00000000eab00000, 0x00000000fdc00000, 0x0000000100000000)
  eden space 131072K, 100% used [0x00000000eab00000,0x00000000f2b00000,0x00000000f2b00000)
  from space 5120K, 0% used [0x00000000f2b00000,0x00000000f2b00000,0x00000000f3000000)
  to   space 25088K, 0% used [0x00000000fc380000,0x00000000fc380000,0x00000000fdc00000)
 ParOldGen       total 115712K, used 46492K [0x00000000c0000000, 0x00000000c7100000, 0x00000000eab00000)
  object space 115712K, 40% used [0x00000000c0000000,0x00000000c2d67130,0x00000000c7100000)
 Metaspace       used 21180K, capacity 21382K, committed 21552K, reserved 1069056K
  class space    used 2576K, capacity 2606K, committed 2688K, reserved 1048576K
Event: 2.415 GC heap after
Heap after GC invocations=7 (full 1):
 PSYoungGen      total 208896K, used 14866K [0x00000000eab00000, 0x00000000fd280000, 0x0000000100000000)
  eden space 193536K, 0% used [0x00000000eab00000,0x00000000eab00000,0x00000000f6800000)
  from space 15360K, 96% used [0x00000000fc380000,0x00000000fd204980,0x00000000fd280000)
  to   space 23552K, 0% used [0x00000000fa480000,0x00000000fa480000,0x00000000fbb80000)
 ParOldGen       total 115712K, used 46492K [0x00000000c0000000, 0x00000000c7100000, 0x00000000eab00000)
  object space 115712K, 40% used [0x00000000c0000000,0x00000000c2d67130,0x00000000c7100000)
 Metaspace       used 21180K, capacity 21382K, committed 21552K, reserved 1069056K
  class space    used 2576K, capacity 2606K, committed 2688K, reserved 1048576K
}
Event: 2.639 GC heap before
{Heap before GC invocations=8 (full 1):
 PSYoungGen      total 208896K, used 208402K [0x00000000eab00000, 0x00000000fd280000, 0x0000000100000000)
  eden space 193536K, 100% used [0x00000000eab00000,0x00000000f6800000,0x00000000f6800000)
  from space 15360K, 96% used [0x00000000fc380000,0x00000000fd204980,0x00000000fd280000)
  to   space 23552K, 0% used [0x00000000fa480000,0x00000000fa480000,0x00000000fbb80000)
 ParOldGen       total 115712K, used 46501K [0x00000000c0000000, 0x00000000c7100000, 0x00000000eab00000)
  object space 115712K, 40% used [0x00000000c0000000,0x00000000c2d697e8,0x00000000c7100000)
 Metaspace       used 21207K, capacity 21382K, committed 21552K, reserved 1069056K
  class space    used 2576K, capacity 2606K, committed 2688K, reserved 1048576K
Event: 2.660 GC heap after
Heap after GC invocations=8 (full 1):
 PSYoungGen      total 279040K, used 23520K [0x00000000eab00000, 0x0000000100000000, 0x0000000100000000)
  eden space 255488K, 0% used [0x00000000eab00000,0x00000000eab00000,0x00000000fa480000)
  from space 23552K, 99% used [0x00000000fa480000,0x00000000fbb78070,0x00000000fbb80000)
  to   space 32256K, 0% used [0x00000000fe080000,0x00000000fe080000,0x0000000100000000)
 ParOldGen       total 115712K, used 57770K [0x00000000c0000000, 0x00000000c7100000, 0x00000000eab00000)
  object space 115712K, 49% used [0x00000000c0000000,0x00000000c386a940,0x00000000c7100000)
 Metaspace       used 21207K, capacity 21382K, committed 21552K, reserved 1069056K
  class space    used 2576K, capacity 2606K, committed 2688K, reserved 1048576K
}
Event: 3.954 GC heap before
{Heap before GC invocations=9 (full 1):
 PSYoungGen      total 279040K, used 279008K [0x00000000eab00000, 0x0000000100000000, 0x0000000100000000)
  eden space 255488K, 100% used [0x00000000eab00000,0x00000000fa480000,0x00000000fa480000)
  from space 23552K, 99% used [0x00000000fa480000,0x00000000fbb78070,0x00000000fbb80000)
  to   space 32256K, 0% used [0x00000000fe080000,0x00000000fe080000,0x0000000100000000)
 ParOldGen       total 115712K, used 57775K [0x00000000c0000000, 0x00000000c7100000, 0x00000000eab00000)
  object space 115712K, 49% used [0x00000000c0000000,0x00000000c386bdb0,0x00000000c7100000)
 Metaspace       used 24727K, capacity 24876K, committed 25088K, reserved 1071104K
  class space    used 2976K, capacity 3023K, committed 3072K, reserved 1048576K
Event: 4.217 GC heap after
Heap after GC invocations=9 (full 1):
 PSYoungGen      total 265728K, used 32241K [0x00000000eab00000, 0x0000000100000000, 0x0000000100000000)
  eden space 233472K, 0% used [0x00000000eab00000,0x00000000eab00000,0x00000000f8f00000)
  from space 32256K, 99% used [0x00000000fe080000,0x00000000ffffc518,0x0000000100000000)
  to   space 57856K, 0% used [0x00000000f8f00000,0x00000000f8f00000,0x00000000fc780000)
 ParOldGen       total 115712K, used 106162K [0x00000000c0000000, 0x00000000c7100000, 0x00000000eab00000)
  object space 115712K, 91% used [0x00000000c0000000,0x00000000c67acac0,0x00000000c7100000)
 Metaspace       used 24727K, capacity 24876K, committed 25088K, reserved 1071104K
  class space    used 2976K, capacity 3023K, committed 3072K, reserved 1048576K
}
Event: 4.217 GC heap before
{Heap before GC invocations=10 (full 2):
 PSYoungGen      total 265728K, used 32241K [0x00000000eab00000, 0x0000000100000000, 0x0000000100000000)
  eden space 233472K, 0% used [0x00000000eab00000,0x00000000eab00000,0x00000000f8f00000)
  from space 32256K, 99% used [0x00000000fe080000,0x00000000ffffc518,0x0000000100000000)
  to   space 57856K, 0% used [0x00000000f8f00000,0x00000000f8f00000,0x00000000fc780000)
 ParOldGen       total 115712K, used 106162K [0x00000000c0000000, 0x00000000c7100000, 0x00000000eab00000)
  object space 115712K, 91% used [0x00000000c0000000,0x00000000c67acac0,0x00000000c7100000)
 Metaspace       used 24727K, capacity 24876K, committed 25088K, reserved 1071104K
  class space    used 2976K, capacity 3023K, committed 3072K, reserved 1048576K

Deoptimization events (10 events):
Event: 2.886 Thread 0x00007f8091022800 Uncommon trap: reason=bimorphic action=maybe_recompile pc=0x00007f80f51fbe14 method=java.util.AbstractCollection.isEmpty()Z @ 1
Event: 2.888 Thread 0x00007f809101d000 Uncommon trap: reason=unstable_if action=reinterpret pc=0x00007f80f52b4838 method=java.util.BitSet.ensureCapacity(I)V @ 6
Event: 2.905 Thread 0x00007f8091028800 Uncommon trap: reason=bimorphic action=maybe_recompile pc=0x00007f80f51fbe14 method=java.util.AbstractCollection.isEmpty()Z @ 1
Event: 2.921 Thread 0x00007f8091022800 Uncommon trap: reason=bimorphic action=maybe_recompile pc=0x00007f80f51fbe14 method=java.util.AbstractCollection.isEmpty()Z @ 1
Event: 3.006 Thread 0x00007f8091028800 Uncommon trap: reason=speculate_class_check action=maybe_recompile pc=0x00007f80f53a06a4 method=com.android.jack.dx.rop.cst.Constant.compareTo(Lcom/android/jack/dx/rop/cst/Constant;)I @ 29
Event: 3.006 Thread 0x00007f8091028800 Uncommon trap: reason=speculate_class_check action=maybe_recompile pc=0x00007f80f53a06a4 method=com.android.jack.dx.rop.cst.Constant.compareTo(Lcom/android/jack/dx/rop/cst/Constant;)I @ 29
Event: 3.006 Thread 0x00007f8091028800 Uncommon trap: reason=speculate_class_check action=maybe_recompile pc=0x00007f80f53a06a4 method=com.android.jack.dx.rop.cst.Constant.compareTo(Lcom/android/jack/dx/rop/cst/Constant;)I @ 29
Event: 3.006 Thread 0x00007f8091028800 Uncommon trap: reason=speculate_class_check action=maybe_recompile pc=0x00007f80f53a06a4 method=com.android.jack.dx.rop.cst.Constant.compareTo(Lcom/android/jack/dx/rop/cst/Constant;)I @ 29
Event: 3.257 Thread 0x00007f8091028800 Uncommon trap: reason=unstable_if action=reinterpret pc=0x00007f80f4f686a0 method=java.util.zip.InflaterInputStream.close()V @ 4
Event: 3.778 Thread 0x00007f8091028800 Uncommon trap: reason=unstable_if action=reinterpret pc=0x00007f80f48cb51c method=java.lang.Long.numberOfTrailingZeros(J)I @ 3

Internal exceptions (10 events):
Event: 0.121 Thread 0x00007f810400b800 Exception <a 'java/security/PrivilegedActionException'> (0x00000000ead3fe68) thrown at [/ssd/Android/AOSP-openjdk/external/jetbrains/jdk/hotspot/src/share/vm/prims/jvm.cpp, line 1390]
Event: 0.121 Thread 0x00007f810400b800 Exception <a 'java/security/PrivilegedActionException'> (0x00000000ead40260) thrown at [/ssd/Android/AOSP-openjdk/external/jetbrains/jdk/hotspot/src/share/vm/prims/jvm.cpp, line 1390]
Event: 0.121 Thread 0x00007f810400b800 Exception <a 'java/security/PrivilegedActionException'> (0x00000000ead411c8) thrown at [/ssd/Android/AOSP-openjdk/external/jetbrains/jdk/hotspot/src/share/vm/prims/jvm.cpp, line 1390]
Event: 0.121 Thread 0x00007f810400b800 Exception <a 'java/security/PrivilegedActionException'> (0x00000000ead415c0) thrown at [/ssd/Android/AOSP-openjdk/external/jetbrains/jdk/hotspot/src/share/vm/prims/jvm.cpp, line 1390]
Event: 0.272 Thread 0x00007f810400b800 Exception <a 'java/lang/ArrayIndexOutOfBoundsException': 18> (0x00000000eb507100) thrown at [/ssd/Android/AOSP-openjdk/external/jetbrains/jdk/hotspot/src/share/vm/interpreter/interpreterRuntime.cpp, line 366]
Event: 0.272 Thread 0x00007f810400b800 Exception <a 'java/lang/ArrayIndexOutOfBoundsException': 67> (0x00000000eb508008) thrown at [/ssd/Android/AOSP-openjdk/external/jetbrains/jdk/hotspot/src/share/vm/interpreter/interpreterRuntime.cpp, line 366]
Event: 0.871 Thread 0x00007f810400b800 Exception <a 'java/lang/ArrayIndexOutOfBoundsException': 1590> (0x00000000ec38e490) thrown at [/ssd/Android/AOSP-openjdk/external/jetbrains/jdk/hotspot/src/share/vm/interpreter/interpreterRuntime.cpp, line 366]
Event: 0.920 Thread 0x00007f810400b800 Exception <a 'java/lang/ArrayIndexOutOfBoundsException': 28539> (0x00000000ec4a9f10) thrown at [/ssd/Android/AOSP-openjdk/external/jetbrains/jdk/hotspot/src/share/vm/interpreter/interpreterRuntime.cpp, line 366]
Event: 1.741 Thread 0x00007f810400b800 Implicit null exception at 0x00007f80f4fcdc3b to 0x00007f80f4fce235
Event: 1.741 Thread 0x00007f810400b800 Implicit null exception at 0x00007f80f49bf26f to 0x00007f80f49bf2d9

Events (10 events):
Event: 3.868 loading class com/android/jack/dx/io/CodeReader$1 done
Event: 3.869 loading class com/android/jack/dx/io/instructions/ShortArrayCodeOutput
Event: 3.869 loading class com/android/jack/dx/io/instructions/ShortArrayCodeOutput done
Event: 3.891 Thread 0x00007f8091028800 DEOPT PACKING pc=0x00007f80f55e95f4 sp=0x00007f80cf7fa0b0
Event: 3.891 Thread 0x00007f8091028800 DEOPT UNPACKING pc=0x00007f80f47fa373 sp=0x00007f80cf7f9e90 mode 0
Event: 3.892 Thread 0x00007f8091028800 DEOPT PACKING pc=0x00007f80f55d3a96 sp=0x00007f80cf7fa1d0
Event: 3.892 Thread 0x00007f8091028800 DEOPT UNPACKING pc=0x00007f80f47fa373 sp=0x00007f80cf7fa078 mode 0
Event: 3.893 Thread 0x00007f8091028800 DEOPT PACKING pc=0x00007f80f55c6028 sp=0x00007f80cf7fa060
Event: 3.893 Thread 0x00007f8091028800 DEOPT UNPACKING pc=0x00007f80f47fa373 sp=0x00007f80cf7f9d98 mode 0
Event: 3.954 Executing VM operation: ParallelGCFailedAllocation


Dynamic libraries:
00400000-00401000 r-xp 00000000 08:05 1580616                            /home/mustafa/work/tools/android-studio/jre/bin/java
00600000-00601000 r--p 00000000 08:05 1580616                            /home/mustafa/work/tools/android-studio/jre/bin/java
00601000-00602000 rw-p 00001000 08:05 1580616                            /home/mustafa/work/tools/android-studio/jre/bin/java
02170000-02191000 rw-p 00000000 00:00 0                                  [heap]
c0000000-c7100000 rw-p 00000000 00:00 0 
cdc80000-eab00000 ---p 00000000 00:00 0 
eab00000-100000000 rw-p 00000000 00:00 0 
100000000-100300000 rw-p 00000000 00:00 0 
100300000-140000000 ---p 00000000 00:00 0 
7f8070000000-7f8070221000 rw-p 00000000 00:00 0 
7f8070221000-7f8074000000 ---p 00000000 00:00 0 
7f8078000000-7f80784e1000 rw-p 00000000 00:00 0 
7f80784e1000-7f807c000000 ---p 00000000 00:00 0 
7f807c000000-7f807fff9000 rw-p 00000000 00:00 0 
7f807fff9000-7f8080000000 ---p 00000000 00:00 0 
7f8080000000-7f80805fd000 rw-p 00000000 00:00 0 
7f80805fd000-7f8084000000 ---p 00000000 00:00 0 
7f8084000000-7f8084572000 rw-p 00000000 00:00 0 
7f8084572000-7f8088000000 ---p 00000000 00:00 0 
7f8088000000-7f80885c6000 rw-p 00000000 00:00 0 
7f80885c6000-7f808c000000 ---p 00000000 00:00 0 
7f808c000000-7f808c5c5000 rw-p 00000000 00:00 0 
7f808c5c5000-7f8090000000 ---p 00000000 00:00 0 
7f8090000000-7f809102b000 rw-p 00000000 00:00 0 
7f809102b000-7f8094000000 ---p 00000000 00:00 0 
7f8094000000-7f809458d000 rw-p 00000000 00:00 0 
7f809458d000-7f8098000000 ---p 00000000 00:00 0 
7f8098000000-7f8098021000 rw-p 00000000 00:00 0 
7f8098021000-7f809c000000 ---p 00000000 00:00 0 
7f809c000000-7f809d27b000 rw-p 00000000 00:00 0 
7f809d27b000-7f80a0000000 ---p 00000000 00:00 0 
7f80a0000000-7f80a0021000 rw-p 00000000 00:00 0 
7f80a0021000-7f80a4000000 ---p 00000000 00:00 0 
7f80a4000000-7f80a4021000 rw-p 00000000 00:00 0 
7f80a4021000-7f80a8000000 ---p 00000000 00:00 0 
7f80a8000000-7f80a9ce8000 rw-p 00000000 00:00 0 
7f80a9ce8000-7f80ac000000 ---p 00000000 00:00 0 
7f80ac000000-7f80ad64a000 rw-p 00000000 00:00 0 
7f80ad64a000-7f80b0000000 ---p 00000000 00:00 0 
7f80b0000000-7f80b1595000 rw-p 00000000 00:00 0 
7f80b1595000-7f80b4000000 ---p 00000000 00:00 0 
7f80b4000000-7f80b572d000 rw-p 00000000 00:00 0 
7f80b572d000-7f80b8000000 ---p 00000000 00:00 0 
7f80b8000000-7f80b8021000 rw-p 00000000 00:00 0 
7f80b8021000-7f80bc000000 ---p 00000000 00:00 0 
7f80bc000000-7f80bc021000 rw-p 00000000 00:00 0 
7f80bc021000-7f80c0000000 ---p 00000000 00:00 0 
7f80c0000000-7f80c0286000 rw-p 00000000 00:00 0 
7f80c0286000-7f80c4000000 ---p 00000000 00:00 0 
7f80c4000000-7f80c4021000 rw-p 00000000 00:00 0 
7f80c4021000-7f80c8000000 ---p 00000000 00:00 0 
7f80c8000000-7f80c8021000 rw-p 00000000 00:00 0 
7f80c8021000-7f80cc000000 ---p 00000000 00:00 0 
7f80cf1fb000-7f80cf37b000 rw-p 00000000 00:00 0 
7f80cf37b000-7f80cf3fb000 ---p 00000000 00:00 0 
7f80cf3fb000-7f80cf5fb000 rw-p 00000000 00:00 0 
7f80cf5fb000-7f80cf5fe000 ---p 00000000 00:00 0 
7f80cf5fe000-7f80cf7fc000 rw-p 00000000 00:00 0                          [stack:30621]
7f80cf7fc000-7f80cf7ff000 ---p 00000000 00:00 0 
7f80cf7ff000-7f80cf9fd000 rw-p 00000000 00:00 0                          [stack:30620]
7f80cf9fd000-7f80cfa00000 ---p 00000000 00:00 0 
7f80cfa00000-7f80cfbfe000 rw-p 00000000 00:00 0                          [stack:30619]
7f80cfbfe000-7f80cfc01000 ---p 00000000 00:00 0 
7f80cfc01000-7f80cfdff000 rw-p 00000000 00:00 0                          [stack:30618]
7f80cfdff000-7f80cfe02000 ---p 00000000 00:00 0 
7f80cfe02000-7f80d0000000 rw-p 00000000 00:00 0                          [stack:30617]
7f80d0000000-7f80d0021000 rw-p 00000000 00:00 0 
7f80d0021000-7f80d4000000 ---p 00000000 00:00 0 
7f80d4000000-7f80d4021000 rw-p 00000000 00:00 0 
7f80d4021000-7f80d8000000 ---p 00000000 00:00 0 
7f80d8000000-7f80d8021000 rw-p 00000000 00:00 0 
7f80d8021000-7f80dc000000 ---p 00000000 00:00 0 
7f80dc000000-7f80dc021000 rw-p 00000000 00:00 0 
7f80dc021000-7f80e0000000 ---p 00000000 00:00 0 
7f80e0051000-7f80e0054000 ---p 00000000 00:00 0 
7f80e0054000-7f80e0252000 rw-p 00000000 00:00 0                          [stack:30616]
7f80e0252000-7f80e0255000 ---p 00000000 00:00 0 
7f80e0255000-7f80e0453000 rw-p 00000000 00:00 0                          [stack:30615]
7f80e0453000-7f80e0456000 ---p 00000000 00:00 0 
7f80e0456000-7f80e0854000 rw-p 00000000 00:00 0                          [stack:30614]
7f80e0854000-7f80e0857000 ---p 00000000 00:00 0 
7f80e0857000-7f80e0b55000 rw-p 00000000 00:00 0 
7f80e0b55000-7f80e0d55000 rw-p 00000000 00:00 0 
7f80e0d55000-7f80e0f55000 rw-p 00000000 00:00 0 
7f80e0f55000-7f80e0f6c000 r-xp 00000000 08:05 1580707                    /home/mustafa/work/tools/android-studio/jre/jre/lib/amd64/libnet.so
7f80e0f6c000-7f80e116b000 ---p 00017000 08:05 1580707                    /home/mustafa/work/tools/android-studio/jre/jre/lib/amd64/libnet.so
7f80e116b000-7f80e116c000 r--p 00016000 08:05 1580707                    /home/mustafa/work/tools/android-studio/jre/jre/lib/amd64/libnet.so
7f80e116c000-7f80e116d000 rw-p 00017000 08:05 1580707                    /home/mustafa/work/tools/android-studio/jre/jre/lib/amd64/libnet.so
7f80e116d000-7f80e117e000 r-xp 00000000 08:05 1580708                    /home/mustafa/work/tools/android-studio/jre/jre/lib/amd64/libnio.so
7f80e117e000-7f80e137d000 ---p 00011000 08:05 1580708                    /home/mustafa/work/tools/android-studio/jre/jre/lib/amd64/libnio.so
7f80e137d000-7f80e137e000 r--p 00010000 08:05 1580708                    /home/mustafa/work/tools/android-studio/jre/jre/lib/amd64/libnio.so
7f80e137e000-7f80e137f000 rw-p 00011000 08:05 1580708                    /home/mustafa/work/tools/android-studio/jre/jre/lib/amd64/libnio.so
7f80e137f000-7f80e1382000 ---p 00000000 00:00 0 
7f80e1382000-7f80e1480000 rw-p 00000000 00:00 0                          [stack:30611]
7f80e1480000-7f80e148b000 r--s 0006e000 08:05 936229                     /home/mustafa/work/apps/ringdroid/app/build/intermediates/transforms/preJackRuntimeLibraries/debug/jars/8000/40/org.apache.http.legacy-ab9308e21bd6734b618c2803ec8f19ce48961397.jar
7f80e148b000-7f80e14e2000 r--s 00540000 08:05 936228                     /home/mustafa/work/apps/ringdroid/app/build/intermediates/transforms/preJackRuntimeLibraries/debug/jars/8000/40/android-60a6732893213a84eafbee97271077d9c958254c.jar
7f80e14e2000-7f80e1504000 r--s 001c9000 08:05 936207                     /home/mustafa/work/apps/ringdroid/app/build/intermediates/transforms/preJackPackagedLibraries/debug/jars/8000/1f/classes-8e2c9f4144f1db6d866d9ae06627e068f687b286.jar
7f80e1504000-7f80e1518000 r--s 0020a000 08:05 936206                     /home/mustafa/work/apps/ringdroid/app/build/intermediates/transforms/preJackPackagedLibraries/debug/jars/8000/1f/classes-0629759d2bf7d207db07edb499455341ef86d2d2.jar
7f80e1518000-7f80e151c000 r--s 0004b000 08:05 936220                     /home/mustafa/work/apps/ringdroid/app/build/intermediates/transforms/preJackPackagedLibraries/debug/jars/8000/1f/classes-3ac11d8bfea5ba0a0bd8e524854d3079fedcb088.jar
7f80e151c000-7f80e171c000 rw-p 00000000 00:00 0 
7f80e171c000-7f80e1725000 r-xp 00000000 08:05 1580711                    /home/mustafa/work/tools/android-studio/jre/jre/lib/amd64/libmanagement.so
7f80e1725000-7f80e1924000 ---p 00009000 08:05 1580711                    /home/mustafa/work/tools/android-studio/jre/jre/lib/amd64/libmanagement.so
7f80e1924000-7f80e1925000 r--p 00008000 08:05 1580711                    /home/mustafa/work/tools/android-studio/jre/jre/lib/amd64/libmanagement.so
7f80e1925000-7f80e1926000 rw-p 00009000 08:05 1580711                    /home/mustafa/work/tools/android-studio/jre/jre/lib/amd64/libmanagement.so
7f80e1926000-7f80e193c000 r-xp 00000000 08:05 2363341                    /lib/x86_64-linux-gnu/libgcc_s.so.1
7f80e193c000-7f80e1b3b000 ---p 00016000 08:05 2363341                    /lib/x86_64-linux-gnu/libgcc_s.so.1
7f80e1b3b000-7f80e1b3c000 rw-p 00015000 08:05 2363341                    /lib/x86_64-linux-gnu/libgcc_s.so.1
7f80e1b3f000-7f80e1b4f000 r--s 000de000 08:05 936209                     /home/mustafa/work/apps/ringdroid/app/build/intermediates/transforms/preJackPackagedLibraries/debug/jars/8000/1f/classes-3fb421b33ae0d8c30b34eef06a1aaf4cfd49b7f3.jar
7f80e1b4f000-7f80e1b57000 r--s 000d5000 08:05 936222                     /home/mustafa/work/apps/ringdroid/app/build/intermediates/transforms/preJackPackagedLibraries/debug/jars/8000/1f/classes-75ea7071acd8800b94f55c24a9e15126e5d50fb7.jar
7f80e1b57000-7f80e1b8d000 r-xp 00000000 08:05 1580715                    /home/mustafa/work/tools/android-studio/jre/jre/lib/amd64/libsunec.so
7f80e1b8d000-7f80e1d8c000 ---p 00036000 08:05 1580715                    /home/mustafa/work/tools/android-studio/jre/jre/lib/amd64/libsunec.so
7f80e1d8c000-7f80e1d91000 r--p 00035000 08:05 1580715                    /home/mustafa/work/tools/android-studio/jre/jre/lib/amd64/libsunec.so
7f80e1d91000-7f80e1d93000 rw-p 0003a000 08:05 1580715                    /home/mustafa/work/tools/android-studio/jre/jre/lib/amd64/libsunec.so
7f80e1d93000-7f80e1da4000 rw-p 00000000 00:00 0 
7f80e1da4000-7f80e1e71000 r--s 00aca000 08:05 3696278                    /home/mustafa/Android/Sdk/build-tools/25.0.0/jack.jar
7f80e1e71000-7f80e1e72000 ---p 00000000 00:00 0 
7f80e1e72000-7f80e1f72000 rw-p 00000000 00:00 0                          [stack:30610]
7f80e1f72000-7f80e1f75000 ---p 00000000 00:00 0 
7f80e1f75000-7f80e2073000 rw-p 00000000 00:00 0                          [stack:30609]
7f80e2073000-7f80e2076000 ---p 00000000 00:00 0 
7f80e2076000-7f80e2174000 rw-p 00000000 00:00 0                          [stack:30608]
7f80e2174000-7f80e2177000 ---p 00000000 00:00 0 
7f80e2177000-7f80e2275000 rw-p 00000000 00:00 0                          [stack:30607]
7f80e2275000-7f80e2278000 ---p 00000000 00:00 0 
7f80e2278000-7f80e2376000 rw-p 00000000 00:00 0                          [stack:30606]
7f80e2376000-7f80e2379000 ---p 00000000 00:00 0 
7f80e2379000-7f80e2477000 rw-p 00000000 00:00 0                          [stack:30605]
7f80e2477000-7f80e247a000 ---p 00000000 00:00 0 
7f80e247a000-7f80e2578000 rw-p 00000000 00:00 0                          [stack:30604]
7f80e2578000-7f80e2d8b000 r--p 00000000 08:05 2891582                    /usr/lib/locale/locale-archive
7f80e2d8b000-7f80e2d8e000 ---p 00000000 00:00 0 
7f80e2d8e000-7f80e2e8c000 rw-p 00000000 00:00 0                          [stack:30603]
7f80e2e8c000-7f80e2e8f000 ---p 00000000 00:00 0 
7f80e2e8f000-7f80e2f8d000 rw-p 00000000 00:00 0                          [stack:30602]
7f80e2f8d000-7f80e2f8e000 ---p 00000000 00:00 0 
7f80e2f8e000-7f80e4000000 rw-p 00000000 00:00 0                          [stack:30601]
7f80e4000000-7f80e4021000 rw-p 00000000 00:00 0 
7f80e4021000-7f80e8000000 ---p 00000000 00:00 0 
7f80e8000000-7f80e8021000 rw-p 00000000 00:00 0 
7f80e8021000-7f80ec000000 ---p 00000000 00:00 0 
7f80ec000000-7f80ec021000 rw-p 00000000 00:00 0 
7f80ec021000-7f80f0000000 ---p 00000000 00:00 0 
7f80f0003000-7f80f0008000 r--s 0008f000 08:05 936210                     /home/mustafa/work/apps/ringdroid/app/build/intermediates/transforms/preJackPackagedLibraries/debug/jars/8000/1f/classes-9b4ce8db62d83d5ebd40e563f32a165b2ad5aee1.jar
7f80f0008000-7f80f0cc5000 rw-p 00000000 00:00 0 
7f80f0cc5000-7f80f0e94000 r--s 03c1b000 08:05 1580675                    /home/mustafa/work/tools/android-studio/jre/jre/lib/rt.jar
7f80f0e94000-7f80f3894000 rw-p 00000000 00:00 0 
7f80f3894000-7f80f3895000 ---p 00000000 00:00 0 
7f80f3895000-7f80f3995000 rw-p 00000000 00:00 0                          [stack:30600]
7f80f3995000-7f80f3996000 ---p 00000000 00:00 0 
7f80f3996000-7f80f3a96000 rw-p 00000000 00:00 0                          [stack:30599]
7f80f3a96000-7f80f3a97000 ---p 00000000 00:00 0 
7f80f3a97000-7f80f3b97000 rw-p 00000000 00:00 0                          [stack:30598]
7f80f3b97000-7f80f3b98000 ---p 00000000 00:00 0 
7f80f3b98000-7f80f3c98000 rw-p 00000000 00:00 0                          [stack:30597]
7f80f3c98000-7f80f3c99000 ---p 00000000 00:00 0 
7f80f3c99000-7f80f3d99000 rw-p 00000000 00:00 0                          [stack:30596]
7f80f3d99000-7f80f3d9a000 ---p 00000000 00:00 0 
7f80f3d9a000-7f80f3e9a000 rw-p 00000000 00:00 0                          [stack:30595]
7f80f3e9a000-7f80f3e9b000 ---p 00000000 00:00 0 
7f80f3e9b000-7f80f3f9b000 rw-p 00000000 00:00 0                          [stack:30594]
7f80f3f9b000-7f80f3f9c000 ---p 00000000 00:00 0 
7f80f3f9c000-7f80f40d5000 rw-p 00000000 00:00 0                          [stack:30593]
7f80f40d5000-7f80f41f2000 ---p 00000000 00:00 0 
7f80f41f2000-7f80f422b000 rw-p 00000000 00:00 0 
7f80f422b000-7f80f4347000 ---p 00000000 00:00 0 
7f80f4347000-7f80f43f2000 rw-p 00000000 00:00 0 
7f80f43f2000-7f80f442e000 rw-p 00000000 00:00 0 
7f80f442e000-7f80f47b3000 ---p 00000000 00:00 0 
7f80f47b3000-7f80f5673000 rwxp 00000000 00:00 0 
7f80f5673000-7f81037b3000 ---p 00000000 00:00 0 
7f81037b3000-7f81037cd000 r-xp 00000000 08:05 1580692                    /home/mustafa/work/tools/android-studio/jre/jre/lib/amd64/libzip.so
7f81037cd000-7f81039cd000 ---p 0001a000 08:05 1580692                    /home/mustafa/work/tools/android-studio/jre/jre/lib/amd64/libzip.so
7f81039cd000-7f81039ce000 r--p 0001a000 08:05 1580692                    /home/mustafa/work/tools/android-studio/jre/jre/lib/amd64/libzip.so
7f81039ce000-7f81039cf000 rw-p 0001b000 08:05 1580692                    /home/mustafa/work/tools/android-studio/jre/jre/lib/amd64/libzip.so
7f81039cf000-7f81039d9000 r-xp 00000000 08:05 2360515                    /lib/x86_64-linux-gnu/libnss_files-2.19.so
7f81039d9000-7f8103bd8000 ---p 0000a000 08:05 2360515                    /lib/x86_64-linux-gnu/libnss_files-2.19.so
7f8103bd8000-7f8103bd9000 r--p 00009000 08:05 2360515                    /lib/x86_64-linux-gnu/libnss_files-2.19.so
7f8103bd9000-7f8103bda000 rw-p 0000a000 08:05 2360515                    /lib/x86_64-linux-gnu/libnss_files-2.19.so
7f8103bda000-7f8103be5000 r-xp 00000000 08:05 2359388                    /lib/x86_64-linux-gnu/libnss_nis-2.19.so
7f8103be5000-7f8103de4000 ---p 0000b000 08:05 2359388                    /lib/x86_64-linux-gnu/libnss_nis-2.19.so
7f8103de4000-7f8103de5000 r--p 0000a000 08:05 2359388                    /lib/x86_64-linux-gnu/libnss_nis-2.19.so
7f8103de5000-7f8103de6000 rw-p 0000b000 08:05 2359388                    /lib/x86_64-linux-gnu/libnss_nis-2.19.so
7f8103de6000-7f8103dfd000 r-xp 00000000 08:05 2360272                    /lib/x86_64-linux-gnu/libnsl-2.19.so
7f8103dfd000-7f8103ffc000 ---p 00017000 08:05 2360272                    /lib/x86_64-linux-gnu/libnsl-2.19.so
7f8103ffc000-7f8103ffd000 r--p 00016000 08:05 2360272                    /lib/x86_64-linux-gnu/libnsl-2.19.so
7f8103ffd000-7f8103ffe000 rw-p 00017000 08:05 2360272                    /lib/x86_64-linux-gnu/libnsl-2.19.so
7f8103ffe000-7f8104000000 rw-p 00000000 00:00 0 
7f8104000000-7f8107fff000 rw-p 00000000 00:00 0 
7f8107fff000-7f8108000000 ---p 00000000 00:00 0 
7f8108000000-7f8108005000 r--s 0003b000 08:05 1580744                    /home/mustafa/work/tools/android-studio/jre/jre/lib/ext/sunjce_provider.jar
7f8108005000-7f810809c000 rw-p 00000000 00:00 0 
7f810809c000-7f81080a5000 r-xp 00000000 08:05 2359399                    /lib/x86_64-linux-gnu/libnss_compat-2.19.so
7f81080a5000-7f81082a4000 ---p 00009000 08:05 2359399                    /lib/x86_64-linux-gnu/libnss_compat-2.19.so
7f81082a4000-7f81082a5000 r--p 00008000 08:05 2359399                    /lib/x86_64-linux-gnu/libnss_compat-2.19.so
7f81082a5000-7f81082a6000 rw-p 00009000 08:05 2359399                    /lib/x86_64-linux-gnu/libnss_compat-2.19.so
7f81082a6000-7f81082d3000 r-xp 00000000 08:05 1580710                    /home/mustafa/work/tools/android-studio/jre/jre/lib/amd64/libjava.so
7f81082d3000-7f81084d2000 ---p 0002d000 08:05 1580710                    /home/mustafa/work/tools/android-studio/jre/jre/lib/amd64/libjava.so
7f81084d2000-7f81084d3000 r--p 0002c000 08:05 1580710                    /home/mustafa/work/tools/android-studio/jre/jre/lib/amd64/libjava.so
7f81084d3000-7f81084d5000 rw-p 0002d000 08:05 1580710                    /home/mustafa/work/tools/android-studio/jre/jre/lib/amd64/libjava.so
7f81084d5000-7f81084e5000 r-xp 00000000 08:05 1580681                    /home/mustafa/work/tools/android-studio/jre/jre/lib/amd64/libverify.so
7f81084e5000-7f81086e4000 ---p 00010000 08:05 1580681                    /home/mustafa/work/tools/android-studio/jre/jre/lib/amd64/libverify.so
7f81086e4000-7f81086e6000 r--p 0000f000 08:05 1580681                    /home/mustafa/work/tools/android-studio/jre/jre/lib/amd64/libverify.so
7f81086e6000-7f81086e7000 rw-p 00011000 08:05 1580681                    /home/mustafa/work/tools/android-studio/jre/jre/lib/amd64/libverify.so
7f81086e7000-7f81086ee000 r-xp 00000000 08:05 2359326                    /lib/x86_64-linux-gnu/librt-2.19.so
7f81086ee000-7f81088ed000 ---p 00007000 08:05 2359326                    /lib/x86_64-linux-gnu/librt-2.19.so
7f81088ed000-7f81088ee000 r--p 00006000 08:05 2359326                    /lib/x86_64-linux-gnu/librt-2.19.so
7f81088ee000-7f81088ef000 rw-p 00007000 08:05 2359326                    /lib/x86_64-linux-gnu/librt-2.19.so
7f81088ef000-7f81089f4000 r-xp 00000000 08:05 2360276                    /lib/x86_64-linux-gnu/libm-2.19.so
7f81089f4000-7f8108bf3000 ---p 00105000 08:05 2360276                    /lib/x86_64-linux-gnu/libm-2.19.so
7f8108bf3000-7f8108bf4000 r--p 00104000 08:05 2360276                    /lib/x86_64-linux-gnu/libm-2.19.so
7f8108bf4000-7f8108bf5000 rw-p 00105000 08:05 2360276                    /lib/x86_64-linux-gnu/libm-2.19.so
7f8108bf5000-7f81097e6000 r-xp 00000000 08:05 1580690                    /home/mustafa/work/tools/android-studio/jre/jre/lib/amd64/server/libjvm.so
7f81097e6000-7f81099e6000 ---p 00bf1000 08:05 1580690                    /home/mustafa/work/tools/android-studio/jre/jre/lib/amd64/server/libjvm.so
7f81099e6000-7f8109a85000 r--p 00bf1000 08:05 1580690                    /home/mustafa/work/tools/android-studio/jre/jre/lib/amd64/server/libjvm.so
7f8109a85000-7f8109aae000 rw-p 00c90000 08:05 1580690                    /home/mustafa/work/tools/android-studio/jre/jre/lib/amd64/server/libjvm.so
7f8109aae000-7f8109af2000 rw-p 00000000 00:00 0 
7f8109af2000-7f8109b0b000 r-xp 00000000 08:05 2360519                    /lib/x86_64-linux-gnu/libpthread-2.19.so
7f8109b0b000-7f8109d0a000 ---p 00019000 08:05 2360519                    /lib/x86_64-linux-gnu/libpthread-2.19.so
7f8109d0a000-7f8109d0b000 r--p 00018000 08:05 2360519                    /lib/x86_64-linux-gnu/libpthread-2.19.so
7f8109d0b000-7f8109d0c000 rw-p 00019000 08:05 2360519                    /lib/x86_64-linux-gnu/libpthread-2.19.so
7f8109d0c000-7f8109d10000 rw-p 00000000 00:00 0 
7f8109d10000-7f8109d13000 r-xp 00000000 08:05 2360517                    /lib/x86_64-linux-gnu/libdl-2.19.so
7f8109d13000-7f8109f12000 ---p 00003000 08:05 2360517                    /lib/x86_64-linux-gnu/libdl-2.19.so
7f8109f12000-7f8109f13000 r--p 00002000 08:05 2360517                    /lib/x86_64-linux-gnu/libdl-2.19.so
7f8109f13000-7f8109f14000 rw-p 00003000 08:05 2360517                    /lib/x86_64-linux-gnu/libdl-2.19.so
7f8109f14000-7f810a0d2000 r-xp 00000000 08:05 2359397                    /lib/x86_64-linux-gnu/libc-2.19.so
7f810a0d2000-7f810a2d1000 ---p 001be000 08:05 2359397                    /lib/x86_64-linux-gnu/libc-2.19.so
7f810a2d1000-7f810a2d5000 r--p 001bd000 08:05 2359397                    /lib/x86_64-linux-gnu/libc-2.19.so
7f810a2d5000-7f810a2d7000 rw-p 001c1000 08:05 2359397                    /lib/x86_64-linux-gnu/libc-2.19.so
7f810a2d7000-7f810a2dc000 rw-p 00000000 00:00 0 
7f810a2dc000-7f810a2f2000 r-xp 00000000 08:05 1580632                    /home/mustafa/work/tools/android-studio/jre/lib/amd64/jli/libjli.so
7f810a2f2000-7f810a4f1000 ---p 00016000 08:05 1580632                    /home/mustafa/work/tools/android-studio/jre/lib/amd64/jli/libjli.so
7f810a4f1000-7f810a4f2000 r--p 00015000 08:05 1580632                    /home/mustafa/work/tools/android-studio/jre/lib/amd64/jli/libjli.so
7f810a4f2000-7f810a4f3000 rw-p 00016000 08:05 1580632                    /home/mustafa/work/tools/android-studio/jre/lib/amd64/jli/libjli.so
7f810a4f3000-7f810a516000 r-xp 00000000 08:05 2360513                    /lib/x86_64-linux-gnu/ld-2.19.so
7f810a516000-7f810a517000 rw-p 00000000 00:00 0 
7f810a517000-7f810a51a000 r--s 0000d000 08:05 936226                     /home/mustafa/work/apps/ringdroid/app/build/intermediates/transforms/preJackPackagedLibraries/debug/jars/8000/1f/support-annotations-26.0.0-alpha1-81535b28afa8bc53af082bfa24696f1a6d0888aa.jar
7f810a51a000-7f810a5f3000 rw-p 00000000 00:00 0 
7f810a5f3000-7f810a5f6000 ---p 00000000 00:00 0 
7f810a5f6000-7f810a6f8000 rw-p 00000000 00:00 0                          [stack:30592]
7f810a6f8000-7f810a6f9000 r--s 00001000 08:05 936224                     /home/mustafa/work/apps/ringdroid/app/build/intermediates/transforms/preJackPackagedLibraries/debug/jars/8000/1f/classes-39b2b7fb12f42635ecbf55516e7e3409516e1319.jar
7f810a6f9000-7f810a6fa000 r--s 00009000 08:05 936227                     /home/mustafa/work/apps/ringdroid/app/build/intermediates/transforms/preJackPackagedLibraries/debug/jars/8000/1f/classes-44416e0ae53b27c675a9d3074aa8ad2194a34b79.jar
7f810a6fa000-7f810a6fc000 r--s 00022000 08:05 936225                     /home/mustafa/work/apps/ringdroid/app/build/intermediates/transforms/preJackPackagedLibraries/debug/jars/8000/1f/classes-8286af90831b750a989146b11cecfa2635e4e968.jar
7f810a6fc000-7f810a6fd000 r--s 00008000 08:05 1580742                    /home/mustafa/work/tools/android-studio/jre/jre/lib/ext/sunec.jar
7f810a6fd000-7f810a701000 r--s 00037000 08:05 1580746                    /home/mustafa/work/tools/android-studio/jre/jre/lib/ext/sunpkcs11.jar
7f810a701000-7f810a704000 r--s 00015000 08:05 1580651                    /home/mustafa/work/tools/android-studio/jre/jre/lib/jce.jar
7f810a704000-7f810a709000 r--s 00098000 08:05 1580672                    /home/mustafa/work/tools/android-studio/jre/jre/lib/jsse.jar
7f810a709000-7f810a711000 rw-s 00000000 08:05 3696690                    /tmp/hsperfdata_mustafa/30586
7f810a711000-7f810a712000 rw-p 00000000 00:00 0 
7f810a712000-7f810a713000 ---p 00000000 00:00 0 
7f810a713000-7f810a715000 rw-p 00000000 00:00 0 
7f810a715000-7f810a716000 r--p 00022000 08:05 2360513                    /lib/x86_64-linux-gnu/ld-2.19.so
7f810a716000-7f810a717000 rw-p 00023000 08:05 2360513                    /lib/x86_64-linux-gnu/ld-2.19.so
7f810a717000-7f810a718000 rw-p 00000000 00:00 0 
7ffe4b31b000-7ffe4b33d000 rw-p 00000000 00:00 0                          [stack]
7ffe4b3e3000-7ffe4b3e5000 r-xp 00000000 00:00 0                          [vdso]
ffffffffff600000-ffffffffff601000 r-xp 00000000 00:00 0                  [vsyscall]

VM Arguments:
jvm_args: -Djava.awt.headless=true -Xmx1024M -Dfile.encoding=UTF-8 -Duser.country=US -Duser.language=en -Duser.variant 
java_command: com.android.jack.Main -D jack.dex.optimize=true -D jack.reporter=sdk -D jack.dex.debug.vars=true --classpath /home/mustafa/work/apps/ringdroid/app/build/intermediates/transforms/preJackRuntimeLibraries/debug/jars/8000/40/android-60a6732893213a84eafbee97271077d9c958254c.jar:/home/mustafa/work/apps/ringdroid/app/build/intermediates/transforms/preJackRuntimeLibraries/debug/jars/8000/40/org.apache.http.legacy-ab9308e21bd6734b618c2803ec8f19ce48961397.jar --import /home/mustafa/work/apps/ringdroid/app/build/intermediates/transforms/preJackPackagedLibraries/debug/jars/8000/1f/classes-9b4ce8db62d83d5ebd40e563f32a165b2ad5aee1.jar --import /home/mustafa/work/apps/ringdroid/app/build/intermediates/transforms/preJackPackagedLibraries/debug/jars/8000/1f/classes-75ea7071acd8800b94f55c24a9e15126e5d50fb7.jar --import /home/mustafa/work/apps/ringdroid/app/build/intermediates/transforms/preJackPackagedLibraries/debug/jars/8000/1f/classes-8286af90831b750a989146b11cecfa2635e4e968.jar --import /home/mustafa/work/apps/ringdroid/app/build/intermediates/transforms/preJackPackagedLibraries/debug/jars/8000/1f/classes-3fb421b33ae0d8c30b34eef06a1aaf4cfd49b7f3.jar --import /home/mustafa/work/apps/ringdroid/app/build/intermediates/transforms/preJackPackagedLibraries/debug/jars/8000/1f/classes-44416e0ae53b27c675a9d3074aa8ad2194a34b79.jar --import /home/mustafa/work/apps/ringdroid/app/build/intermediates/transforms/preJackPackagedLibraries/debug/jars/8000/1f/support-annotations-26.0.0-alpha1-81535b28afa8bc53af082bfa24696f1a6d0888aa.jar --import /home/mustafa/work/apps/ringdroid/app/build/intermediates/transforms/preJackPackagedLibraries/debug/jars/8000/1f/classes-3ac11d8bfea5ba0a0bd8e524854d3079fedcb088.jar --import /home/mustafa/work/apps/ringdroid/app/build/intermediates/transforms/preJackPackagedLibraries/debug/jars/8000/1f/classes-0629759d2bf7d207db07edb499455341ef86d2d2.jar --import /home/mustafa/work/apps/ringdroid/app/build/intermediates/transforms/preJackPackagedLibraries/d
java_class_path (initial): /home/mustafa/Android/Sdk/build-tools/25.0.0/jack.jar
Launcher Type: SUN_STANDARD

Environment Variables:
JAVA_HOME=/home/mustafa/work/tools/jdk1.8.0_73
PATH=/usr/local/heroku/bin:/home/mustafa/work/tools/apache-maven-3.3.9/bin:/home/mustafa/work/tools/jdk1.8.0_73/bin:/home/mustafa/work/tools/dibs/plugins/org.tizen.cli-tools:/home/mustafa/work/tools/node-v6.9.1-linux-x64/bin:/usr/local/sbin:/usr/local/bin:/usr/sbin:/usr/bin:/sbin:/bin:/usr/games:/usr/local/games:/home/mustafa/mustafa/tools:/Users/nide/mustafa/android/sdk/platform-tools
LD_LIBRARY_PATH=/home/mustafa/work/tools/android-studio/bin:
SHELL=/bin/bash
DISPLAY=:0

Signal Handlers:
SIGSEGV: [libjvm.so+0x9e5150], sa_mask[0]=11111111011111111101111111111110, sa_flags=SA_RESTART|SA_SIGINFO
SIGBUS: [libjvm.so+0x9e5150], sa_mask[0]=11111111011111111101111111111110, sa_flags=SA_RESTART|SA_SIGINFO
SIGFPE: [libjvm.so+0x848450], sa_mask[0]=11111111011111111101111111111110, sa_flags=SA_RESTART|SA_SIGINFO
SIGPIPE: [libjvm.so+0x848450], sa_mask[0]=11111111011111111101111111111110, sa_flags=SA_RESTART|SA_SIGINFO
SIGXFSZ: [libjvm.so+0x848450], sa_mask[0]=11111111011111111101111111111110, sa_flags=SA_RESTART|SA_SIGINFO
SIGILL: [libjvm.so+0x848450], sa_mask[0]=11111111011111111101111111111110, sa_flags=SA_RESTART|SA_SIGINFO
SIGUSR1: SIG_DFL, sa_mask[0]=00000000000000000000000000000000, sa_flags=none
SIGUSR2: [libjvm.so+0x848320], sa_mask[0]=00100000000000000000000000000000, sa_flags=SA_RESTART|SA_SIGINFO
SIGHUP: [libjvm.so+0x848510], sa_mask[0]=11111111011111111101111111111110, sa_flags=SA_RESTART|SA_SIGINFO
SIGINT: [libjvm.so+0x848510], sa_mask[0]=11111111011111111101111111111110, sa_flags=SA_RESTART|SA_SIGINFO
SIGTERM: [libjvm.so+0x848510], sa_mask[0]=11111111011111111101111111111110, sa_flags=SA_RESTART|SA_SIGINFO
SIGQUIT: [libjvm.so+0x848510], sa_mask[0]=11111111011111111101111111111110, sa_flags=SA_RESTART|SA_SIGINFO


---------------  S Y S T E M  ---------------

OS:DISTRIB_ID=Ubuntu
DISTRIB_RELEASE=14.04
DISTRIB_CODENAME=trusty
DISTRIB_DESCRIPTION="Ubuntu 14.04.4 LTS"

uname:Linux 3.13.0-108-generic #155-Ubuntu SMP Wed Jan 11 16:58:52 UTC 2017 x86_64
libc:glibc 2.19 NPTL 2.19 
rlimit: STACK 8192k, CORE 0k, NPROC 63353, NOFILE 4096, AS infinity
load average:1.51 1.22 1.28

/proc/meminfo:
MemTotal:        8130828 kB
MemFree:          130872 kB
Buffers:            1280 kB
Cached:           100240 kB
SwapCached:            0 kB
Active:          7591532 kB
Inactive:          77556 kB
Active(anon):    7568792 kB
Inactive(anon):    51940 kB
Active(file):      22740 kB
Inactive(file):    25616 kB
Unevictable:          48 kB
Mlocked:              48 kB
SwapTotal:             0 kB
SwapFree:              0 kB
Dirty:               676 kB
Writeback:             8 kB
AnonPages:       7567240 kB
Mapped:           157036 kB
Shmem:             53316 kB
Slab:             108760 kB
SReclaimable:      53372 kB
SUnreclaim:        55388 kB
KernelStack:        7400 kB
PageTables:        58976 kB
NFS_Unstable:          0 kB
Bounce:                0 kB
WritebackTmp:          0 kB
CommitLimit:     4065412 kB
Committed_AS:   12305028 kB
VmallocTotal:   34359738367 kB
VmallocUsed:      119392 kB
VmallocChunk:   34359613436 kB
HardwareCorrupted:     0 kB
AnonHugePages:   5181440 kB
HugePages_Total:       0
HugePages_Free:        0
HugePages_Rsvd:        0
HugePages_Surp:        0
Hugepagesize:       2048 kB
DirectMap4k:      390708 kB
DirectMap2M:     7952384 kB
DirectMap1G:           0 kB


CPU:total 8 (4 cores per cpu, 2 threads per core) family 6 model 60 stepping 3, cmov, cx8, fxsr, mmx, sse, sse2, sse3, ssse3, sse4.1, sse4.2, popcnt, avx, avx2, aes, clmul, erms, lzcnt, ht, tsc, tscinvbit, bmi1, bmi2

/proc/cpuinfo:
processor	: 0
vendor_id	: GenuineIntel
cpu family	: 6
model		: 60
model name	: Intel(R) Core(TM) i7-4790 CPU @ 3.60GHz
stepping	: 3
microcode	: 0x1c
cpu MHz		: 3601.000
cache size	: 8192 KB
physical id	: 0
siblings	: 8
core id		: 0
cpu cores	: 4
apicid		: 0
initial apicid	: 0
fpu		: yes
fpu_exception	: yes
cpuid level	: 13
wp		: yes
flags		: fpu vme de pse tsc msr pae mce cx8 apic sep mtrr pge mca cmov pat pse36 clflush dts acpi mmx fxsr sse sse2 ss ht tm pbe syscall nx pdpe1gb rdtscp lm constant_tsc arch_perfmon pebs bts rep_good nopl xtopology nonstop_tsc aperfmperf eagerfpu pni pclmulqdq dtes64 monitor ds_cpl vmx smx est tm2 ssse3 fma cx16 xtpr pdcm pcid sse4_1 sse4_2 x2apic movbe popcnt tsc_deadline_timer aes xsave avx f16c rdrand lahf_lm abm ida arat epb xsaveopt pln pts dtherm tpr_shadow vnmi flexpriority ept vpid fsgsbase tsc_adjust bmi1 avx2 smep bmi2 erms invpcid
bogomips	: 7183.73
clflush size	: 64
cache_alignment	: 64
address sizes	: 39 bits physical, 48 bits virtual
power management:

processor	: 1
vendor_id	: GenuineIntel
cpu family	: 6
model		: 60
model name	: Intel(R) Core(TM) i7-4790 CPU @ 3.60GHz
stepping	: 3
microcode	: 0x1c
cpu MHz		: 3601.000
cache size	: 8192 KB
physical id	: 0
siblings	: 8
core id		: 1
cpu cores	: 4
apicid		: 2
initial apicid	: 2
fpu		: yes
fpu_exception	: yes
cpuid level	: 13
wp		: yes
flags		: fpu vme de pse tsc msr pae mce cx8 apic sep mtrr pge mca cmov pat pse36 clflush dts acpi mmx fxsr sse sse2 ss ht tm pbe syscall nx pdpe1gb rdtscp lm constant_tsc arch_perfmon pebs bts rep_good nopl xtopology nonstop_tsc aperfmperf eagerfpu pni pclmulqdq dtes64 monitor ds_cpl vmx smx est tm2 ssse3 fma cx16 xtpr pdcm pcid sse4_1 sse4_2 x2apic movbe popcnt tsc_deadline_timer aes xsave avx f16c rdrand lahf_lm abm ida arat epb xsaveopt pln pts dtherm tpr_shadow vnmi flexpriority ept vpid fsgsbase tsc_adjust bmi1 avx2 smep bmi2 erms invpcid
bogomips	: 7183.73
clflush size	: 64
cache_alignment	: 64
address sizes	: 39 bits physical, 48 bits virtual
power management:

processor	: 2
vendor_id	: GenuineIntel
cpu family	: 6
model		: 60
model name	: Intel(R) Core(TM) i7-4790 CPU @ 3.60GHz
stepping	: 3
microcode	: 0x1c
cpu MHz		: 3601.000
cache size	: 8192 KB
physical id	: 0
siblings	: 8
core id		: 2
cpu cores	: 4
apicid		: 4
initial apicid	: 4
fpu		: yes
fpu_exception	: yes
cpuid level	: 13
wp		: yes
flags		: fpu vme de pse tsc msr pae mce cx8 apic sep mtrr pge mca cmov pat pse36 clflush dts acpi mmx fxsr sse sse2 ss ht tm pbe syscall nx pdpe1gb rdtscp lm constant_tsc arch_perfmon pebs bts rep_good nopl xtopology nonstop_tsc aperfmperf eagerfpu pni pclmulqdq dtes64 monitor ds_cpl vmx smx est tm2 ssse3 fma cx16 xtpr pdcm pcid sse4_1 sse4_2 x2apic movbe popcnt tsc_deadline_timer aes xsave avx f16c rdrand lahf_lm abm ida arat epb xsaveopt pln pts dtherm tpr_shadow vnmi flexpriority ept vpid fsgsbase tsc_adjust bmi1 avx2 smep bmi2 erms invpcid
bogomips	: 7183.73
clflush size	: 64
cache_alignment	: 64
address sizes	: 39 bits physical, 48 bits virtual
power management:

processor	: 3
vendor_id	: GenuineIntel
cpu family	: 6
model		: 60
model name	: Intel(R) Core(TM) i7-4790 CPU @ 3.60GHz
stepping	: 3
microcode	: 0x1c
cpu MHz		: 3601.000
cache size	: 8192 KB
physical id	: 0
siblings	: 8
core id		: 3
cpu cores	: 4
apicid		: 6
initial apicid	: 6
fpu		: yes
fpu_exception	: yes
cpuid level	: 13
wp		: yes
flags		: fpu vme de pse tsc msr pae mce cx8 apic sep mtrr pge mca cmov pat pse36 clflush dts acpi mmx fxsr sse sse2 ss ht tm pbe syscall nx pdpe1gb rdtscp lm constant_tsc arch_perfmon pebs bts rep_good nopl xtopology nonstop_tsc aperfmperf eagerfpu pni pclmulqdq dtes64 monitor ds_cpl vmx smx est tm2 ssse3 fma cx16 xtpr pdcm pcid sse4_1 sse4_2 x2apic movbe popcnt tsc_deadline_timer aes xsave avx f16c rdrand lahf_lm abm ida arat epb xsaveopt pln pts dtherm tpr_shadow vnmi flexpriority ept vpid fsgsbase tsc_adjust bmi1 avx2 smep bmi2 erms invpcid
bogomips	: 7183.73
clflush size	: 64
cache_alignment	: 64
address sizes	: 39 bits physical, 48 bits virtual
power management:

processor	: 4
vendor_id	: GenuineIntel
cpu family	: 6
model		: 60
model name	: Intel(R) Core(TM) i7-4790 CPU @ 3.60GHz
stepping	: 3
microcode	: 0x1c
cpu MHz		: 3601.000
cache size	: 8192 KB
physical id	: 0
siblings	: 8
core id		: 0
cpu cores	: 4
apicid		: 1
initial apicid	: 1
fpu		: yes
fpu_exception	: yes
cpuid level	: 13
wp		: yes
flags		: fpu vme de pse tsc msr pae mce cx8 apic sep mtrr pge mca cmov pat pse36 clflush dts acpi mmx fxsr sse sse2 ss ht tm pbe syscall nx pdpe1gb rdtscp lm constant_tsc arch_perfmon pebs bts rep_good nopl xtopology nonstop_tsc aperfmperf eagerfpu pni pclmulqdq dtes64 monitor ds_cpl vmx smx est tm2 ssse3 fma cx16 xtpr pdcm pcid sse4_1 sse4_2 x2apic movbe popcnt tsc_deadline_timer aes xsave avx f16c rdrand lahf_lm abm ida arat epb xsaveopt pln pts dtherm tpr_shadow vnmi flexpriority ept vpid fsgsbase tsc_adjust bmi1 avx2 smep bmi2 erms invpcid
bogomips	: 7183.73
clflush size	: 64
cache_alignment	: 64
address sizes	: 39 bits physical, 48 bits virtual
power management:

processor	: 5
vendor_id	: GenuineIntel
cpu family	: 6
model		: 60
model name	: Intel(R) Core(TM) i7-4790 CPU @ 3.60GHz
stepping	: 3
microcode	: 0x1c
cpu MHz		: 3601.000
cache size	: 8192 KB
physical id	: 0
siblings	: 8
core id		: 1
cpu cores	: 4
apicid		: 3
initial apicid	: 3
fpu		: yes
fpu_exception	: yes
cpuid level	: 13
wp		: yes
flags		: fpu vme de pse tsc msr pae mce cx8 apic sep mtrr pge mca cmov pat pse36 clflush dts acpi mmx fxsr sse sse2 ss ht tm pbe syscall nx pdpe1gb rdtscp lm constant_tsc arch_perfmon pebs bts rep_good nopl xtopology nonstop_tsc aperfmperf eagerfpu pni pclmulqdq dtes64 monitor ds_cpl vmx smx est tm2 ssse3 fma cx16 xtpr pdcm pcid sse4_1 sse4_2 x2apic movbe popcnt tsc_deadline_timer aes xsave avx f16c rdrand lahf_lm abm ida arat epb xsaveopt pln pts dtherm tpr_shadow vnmi flexpriority ept vpid fsgsbase tsc_adjust bmi1 avx2 smep bmi2 erms invpcid
bogomips	: 7183.73
clflush size	: 64
cache_alignment	: 64
address sizes	: 39 bits physical, 48 bits virtual
power management:

processor	: 6
vendor_id	: GenuineIntel
cpu family	: 6
model		: 60
model name	: Intel(R) Core(TM) i7-4790 CPU @ 3.60GHz
stepping	: 3
microcode	: 0x1c
cpu MHz		: 3601.000
cache size	: 8192 KB
physical id	: 0
siblings	: 8
core id		: 2
cpu cores	: 4
apicid		: 5
initial apicid	: 5
fpu		: yes
fpu_exception	: yes
cpuid level	: 13
wp		: yes
flags		: fpu vme de pse tsc msr pae mce cx8 apic sep mtrr pge mca cmov pat pse36 clflush dts acpi mmx fxsr sse sse2 ss ht tm pbe syscall nx pdpe1gb rdtscp lm constant_tsc arch_perfmon pebs bts rep_good nopl xtopology nonstop_tsc aperfmperf eagerfpu pni pclmulqdq dtes64 monitor ds_cpl vmx smx est tm2 ssse3 fma cx16 xtpr pdcm pcid sse4_1 sse4_2 x2apic movbe popcnt tsc_deadline_timer aes xsave avx f16c rdrand lahf_lm abm ida arat epb xsaveopt pln pts dtherm tpr_shadow vnmi flexpriority ept vpid fsgsbase tsc_adjust bmi1 avx2 smep bmi2 erms invpcid
bogomips	: 7183.73
clflush size	: 64
cache_alignment	: 64
address sizes	: 39 bits physical, 48 bits virtual
power management:

processor	: 7
vendor_id	: GenuineIntel
cpu family	: 6
model		: 60
model name	: Intel(R) Core(TM) i7-4790 CPU @ 3.60GHz
stepping	: 3
microcode	: 0x1c
cpu MHz		: 2600.000
cache size	: 8192 KB
physical id	: 0
siblings	: 8
core id		: 3
cpu cores	: 4
apicid		: 7
initial apicid	: 7
fpu		: yes
fpu_exception	: yes
cpuid level	: 13
wp		: yes
flags		: fpu vme de pse tsc msr pae mce cx8 apic sep mtrr pge mca cmov pat pse36 clflush dts acpi mmx fxsr sse sse2 ss ht tm pbe syscall nx pdpe1gb rdtscp lm constant_tsc arch_perfmon pebs bts rep_good nopl xtopology nonstop_tsc aperfmperf eagerfpu pni pclmulqdq dtes64 monitor ds_cpl vmx smx est tm2 ssse3 fma cx16 xtpr pdcm pcid sse4_1 sse4_2 x2apic movbe popcnt tsc_deadline_timer aes xsave avx f16c rdrand lahf_lm abm ida arat epb xsaveopt pln pts dtherm tpr_shadow vnmi flexpriority ept vpid fsgsbase tsc_adjust bmi1 avx2 smep bmi2 erms invpcid
bogomips	: 7183.73
clflush size	: 64
cache_alignment	: 64
address sizes	: 39 bits physical, 48 bits virtual
power management:



Memory: 4k page, physical 8130828k(130872k free), swap 0k(0k free)

vm_info: OpenJDK 64-Bit Server VM (25.112-b06) for linux-amd64 JRE (1.8.0_112-release-b06), built on Dec  6 2016 12:11:18 by "builder" with gcc 4.8.4

time: Tue Mar 28 16:57:17 2017
elapsed time: 4 seconds (0d 0h 0m 4s)

