#
# There is insufficient memory for the Java Runtime Environment to continue.
# Native memory allocation (mmap) failed to map 195035136 bytes for committing reserved memory.
# Possible reasons:
#   The system is out of physical RAM or swap space
#   In 32 bit mode, the process size limit was hit
# Possible solutions:
#   Reduce memory load on the system
#   Increase physical memory or swap space
#   Check if swap backing store is full
#   Use 64 bit Java on a 64 bit OS
#   Decrease Java heap size (-Xmx/-Xms)
#   Decrease number of Java threads
#   Decrease Java thread stack sizes (-Xss)
#   Set larger code cache with -XX:ReservedCodeCacheSize=
# This output file may be truncated or incomplete.
#
#  Out of Memory Error (os_linux.cpp:2627), pid=25844, tid=0x00007ff093cfc700
#
# JRE version: OpenJDK Runtime Environment (8.0_112-b06) (build 1.8.0_112-release-b06)
# Java VM: OpenJDK 64-Bit Server VM (25.112-b06 mixed mode linux-amd64 compressed oops)
# Failed to write core dump. Core dumps have been disabled. To enable core dumping, try "ulimit -c unlimited" before starting Java again
#

---------------  T H R E A D  ---------------

Current thread (0x00007ff0c8081000):  VMThread [stack: 0x00007ff093bfc000,0x00007ff093cfd000] [id=25858]

Stack: [0x00007ff093bfc000,0x00007ff093cfd000],  sp=0x00007ff093cfb480,  free space=1021k
Native frames: (J=compiled Java code, j=interpreted, Vv=VM code, C=native code)
V  [libjvm.so+0x9e465d]  VMError::report_and_die()+0x15d
V  [libjvm.so+0x4b6ada]  report_vm_out_of_memory(char const*, int, unsigned long, VMErrorType, char const*)+0x8a
V  [libjvm.so+0x84c860]  os::pd_commit_memory(char*, unsigned long, unsigned long, bool)+0xf0
V  [libjvm.so+0x84737f]  os::commit_memory(char*, unsigned long, unsigned long, bool)+0x1f
V  [libjvm.so+0x8bd3db]  PSVirtualSpace::expand_by(unsigned long)+0x5b
V  [libjvm.so+0x8be050]  PSYoungGen::resize_generation(unsigned long, unsigned long)+0xb0
V  [libjvm.so+0x8be36b]  PSYoungGen::resize(unsigned long, unsigned long)+0x1b
V  [libjvm.so+0x8baa5c]  PSScavenge::invoke_no_policy()+0xdac
V  [libjvm.so+0x8bb238]  PSScavenge::invoke()+0x38
V  [libjvm.so+0x86fcf3]  ParallelScavengeHeap::failed_mem_allocate(unsigned long)+0x63
V  [libjvm.so+0x9e6124]  VM_ParallelGCFailedAllocation::doit()+0x84
V  [libjvm.so+0x9ea537]  VM_Operation::evaluate()+0x47
V  [libjvm.so+0x9e8ff8]  VMThread::evaluate_operation(VM_Operation*)+0x2c8
V  [libjvm.so+0x9e9479]  VMThread::loop()+0x219
V  [libjvm.so+0x9e98c2]  VMThread::run()+0x72
V  [libjvm.so+0x849c82]  java_start(Thread*)+0xf2

VM_Operation (0x00007ff0cf413960): ParallelGCFailedAllocation, mode: safepoint, requested by thread 0x00007ff0c800b800


---------------  P R O C E S S  ---------------

Java Threads: ( => current thread )
  0x00007ff0c84b0800 JavaThread "Jack reporter" [_thread_blocked, id=25868, stack(0x00007ff09209a000,0x00007ff09219b000)]
  0x00007ff0c80d4800 JavaThread "Service Thread" daemon [_thread_blocked, id=25866, stack(0x00007ff092be1000,0x00007ff092ce2000)]
  0x00007ff0c80c9000 JavaThread "C1 CompilerThread3" daemon [_thread_blocked, id=25865, stack(0x00007ff092ce2000,0x00007ff092de3000)]
  0x00007ff0c80c7000 JavaThread "C2 CompilerThread2" daemon [_thread_blocked, id=25864, stack(0x00007ff092de3000,0x00007ff092ee4000)]
  0x00007ff0c80c5800 JavaThread "C2 CompilerThread1" daemon [_thread_in_native, id=25863, stack(0x00007ff092ee4000,0x00007ff092fe5000)]
  0x00007ff0c80c2800 JavaThread "C2 CompilerThread0" daemon [_thread_blocked, id=25862, stack(0x00007ff092fe5000,0x00007ff0930e6000)]
  0x00007ff0c80c1000 JavaThread "Signal Dispatcher" daemon [_thread_blocked, id=25861, stack(0x00007ff0930e6000,0x00007ff0931e7000)]
  0x00007ff0c808d800 JavaThread "Finalizer" daemon [_thread_blocked, id=25860, stack(0x00007ff0939fa000,0x00007ff093afb000)]
  0x00007ff0c8089000 JavaThread "Reference Handler" daemon [_thread_blocked, id=25859, stack(0x00007ff093afb000,0x00007ff093bfc000)]
  0x00007ff0c800b800 JavaThread "main" [_thread_blocked, id=25849, stack(0x00007ff0cf318000,0x00007ff0cf419000)]

Other Threads:
=>0x00007ff0c8081000 VMThread [stack: 0x00007ff093bfc000,0x00007ff093cfd000] [id=25858]
  0x00007ff0c80d7000 WatcherThread [stack: 0x00007ff092ae0000,0x00007ff092be1000] [id=25867]

VM state:at safepoint (normal execution)

VM Mutex/Monitor currently owned by a thread:  ([mutex/lock_event])
[0x00007ff0c8007b80] Threads_lock - owner thread: 0x00007ff0c8081000
[0x00007ff0c8008080] Heap_lock - owner thread: 0x00007ff0c800b800

Heap:
 PSYoungGen      total 136192K, used 5088K [0x00000000eab00000, 0x00000000f3500000, 0x0000000100000000)
  eden space 131072K, 0% used [0x00000000eab00000,0x00000000eab00000,0x00000000f2b00000)
  from space 5120K, 99% used [0x00000000f2b00000,0x00000000f2ff8030,0x00000000f3000000)
  to   space 5120K, 0% used [0x00000000f3000000,0x00000000f3000000,0x00000000f3500000)
 ParOldGen       total 86016K, used 68635K [0x00000000c0000000, 0x00000000c5400000, 0x00000000eab00000)
  object space 86016K, 79% used [0x00000000c0000000,0x00000000c4306f68,0x00000000c5400000)
 Metaspace       used 20793K, capacity 20904K, committed 21248K, reserved 1069056K
  class space    used 2448K, capacity 2473K, committed 2560K, reserved 1048576K

Card table byte_map: [0x00007ff0b8dff000,0x00007ff0b9000000] byte_map_base: 0x00007ff0b87ff000

Marking Bits: (ParMarkBitMap*) 0x00007ff0ce7e8340
 Begin Bits: [0x00007ff09a000000, 0x00007ff09b000000)
 End Bits:   [0x00007ff09b000000, 0x00007ff09c000000)

Polling page: 0x00007ff0cf437000

CodeCache: size=245760Kb used=11510Kb max_used=11510Kb free=234249Kb
 bounds [0x00007ff0b9000000, 0x00007ff0b9b50000, 0x00007ff0c8000000]
 total_blobs=3538 nmethods=3181 adapters=269
 compilation: enabled

Compilation events (10 events):
Event: 3.566 Thread 0x00007ff0c80c9000 3209       1       com.android.sched.util.config.id.PropertyId::access$200 (5 bytes)
Event: 3.566 Thread 0x00007ff0c80c9000 nmethod 3209 0x00007ff0b9b436d0 code [0x00007ff0b9b43820, 0x00007ff0b9b43910]
Event: 3.567 Thread 0x00007ff0c80c9000 3210       3       java.util.logging.LogManager::getLogger (9 bytes)
Event: 3.567 Thread 0x00007ff0c80c9000 nmethod 3210 0x00007ff0b9b43990 code [0x00007ff0b9b43b00, 0x00007ff0b9b43d58]
Event: 3.568 Thread 0x00007ff0c80c9000 3211       1       com.android.sched.scheduler.Scheduler::getSchedulableManager (5 bytes)
Event: 3.568 Thread 0x00007ff0c80c9000 nmethod 3211 0x00007ff0b9b43e50 code [0x00007ff0b9b43fa0, 0x00007ff0b9b440b0]
Event: 3.569 Thread 0x00007ff0c80c9000 3213       3       com.android.sched.scheduler.TagOrMarkerOrComponentSet::<init> (6 bytes)
Event: 3.569 Thread 0x00007ff0c80c9000 nmethod 3213 0x00007ff0b9b44110 code [0x00007ff0b9b442c0, 0x00007ff0b9b44988]
Event: 3.569 Thread 0x00007ff0c80c9000 3214       3       com.android.sched.item.ItemSet::<init> (15 bytes)
Event: 3.569 Thread 0x00007ff0c80c9000 nmethod 3214 0x00007ff0b9b44c90 code [0x00007ff0b9b44e20, 0x00007ff0b9b45488]

GC Heap History (9 events):
Event: 0.455 GC heap before
{Heap before GC invocations=1 (full 0):
 PSYoungGen      total 37888K, used 32768K [0x00000000eab00000, 0x00000000ed500000, 0x0000000100000000)
  eden space 32768K, 100% used [0x00000000eab00000,0x00000000ecb00000,0x00000000ecb00000)
  from space 5120K, 0% used [0x00000000ed000000,0x00000000ed000000,0x00000000ed500000)
  to   space 5120K, 0% used [0x00000000ecb00000,0x00000000ecb00000,0x00000000ed000000)
 ParOldGen       total 86016K, used 0K [0x00000000c0000000, 0x00000000c5400000, 0x00000000eab00000)
  object space 86016K, 0% used [0x00000000c0000000,0x00000000c0000000,0x00000000c5400000)
 Metaspace       used 9297K, capacity 9460K, committed 9728K, reserved 1058816K
  class space    used 1185K, capacity 1211K, committed 1280K, reserved 1048576K
Event: 0.761 GC heap after
Heap after GC invocations=1 (full 0):
 PSYoungGen      total 37888K, used 5088K [0x00000000eab00000, 0x00000000ef500000, 0x0000000100000000)
  eden space 32768K, 0% used [0x00000000eab00000,0x00000000eab00000,0x00000000ecb00000)
  from space 5120K, 99% used [0x00000000ecb00000,0x00000000ecff8020,0x00000000ed000000)
  to   space 5120K, 0% used [0x00000000ef000000,0x00000000ef000000,0x00000000ef500000)
 ParOldGen       total 86016K, used 4063K [0x00000000c0000000, 0x00000000c5400000, 0x00000000eab00000)
  object space 86016K, 4% used [0x00000000c0000000,0x00000000c03f7f98,0x00000000c5400000)
 Metaspace       used 9297K, capacity 9460K, committed 9728K, reserved 1058816K
  class space    used 1185K, capacity 1211K, committed 1280K, reserved 1048576K
}
Event: 0.864 GC heap before
{Heap before GC invocations=2 (full 0):
 PSYoungGen      total 37888K, used 37856K [0x00000000eab00000, 0x00000000ef500000, 0x0000000100000000)
  eden space 32768K, 100% used [0x00000000eab00000,0x00000000ecb00000,0x00000000ecb00000)
  from space 5120K, 99% used [0x00000000ecb00000,0x00000000ecff8020,0x00000000ed000000)
  to   space 5120K, 0% used [0x00000000ef000000,0x00000000ef000000,0x00000000ef500000)
 ParOldGen       total 86016K, used 4063K [0x00000000c0000000, 0x00000000c5400000, 0x00000000eab00000)
  object space 86016K, 4% used [0x00000000c0000000,0x00000000c03f7f98,0x00000000c5400000)
 Metaspace       used 11504K, capacity 11642K, committed 11776K, reserved 1058816K
  class space    used 1443K, capacity 1468K, committed 1536K, reserved 1048576K
Event: 1.080 GC heap after
Heap after GC invocations=2 (full 0):
 PSYoungGen      total 70656K, used 5104K [0x00000000eab00000, 0x00000000ef500000, 0x0000000100000000)
  eden space 65536K, 0% used [0x00000000eab00000,0x00000000eab00000,0x00000000eeb00000)
  from space 5120K, 99% used [0x00000000ef000000,0x00000000ef4fc070,0x00000000ef500000)
  to   space 5120K, 0% used [0x00000000eeb00000,0x00000000eeb00000,0x00000000ef000000)
 ParOldGen       total 86016K, used 12735K [0x00000000c0000000, 0x00000000c5400000, 0x00000000eab00000)
  object space 86016K, 14% used [0x00000000c0000000,0x00000000c0c6fed8,0x00000000c5400000)
 Metaspace       used 11504K, capacity 11642K, committed 11776K, reserved 1058816K
  class space    used 1443K, capacity 1468K, committed 1536K, reserved 1048576K
}
Event: 1.949 GC heap before
{Heap before GC invocations=3 (full 0):
 PSYoungGen      total 70656K, used 70640K [0x00000000eab00000, 0x00000000ef500000, 0x0000000100000000)
  eden space 65536K, 100% used [0x00000000eab00000,0x00000000eeb00000,0x00000000eeb00000)
  from space 5120K, 99% used [0x00000000ef000000,0x00000000ef4fc070,0x00000000ef500000)
  to   space 5120K, 0% used [0x00000000eeb00000,0x00000000eeb00000,0x00000000ef000000)
 ParOldGen       total 86016K, used 12735K [0x00000000c0000000, 0x00000000c5400000, 0x00000000eab00000)
  object space 86016K, 14% used [0x00000000c0000000,0x00000000c0c6fed8,0x00000000c5400000)
 Metaspace       used 16969K, capacity 17152K, committed 17408K, reserved 1064960K
  class space    used 2004K, capacity 2045K, committed 2048K, reserved 1048576K
Event: 2.258 GC heap after
Heap after GC invocations=3 (full 0):
 PSYoungGen      total 70656K, used 5117K [0x00000000eab00000, 0x00000000f3500000, 0x0000000100000000)
  eden space 65536K, 0% used [0x00000000eab00000,0x00000000eab00000,0x00000000eeb00000)
  from space 5120K, 99% used [0x00000000eeb00000,0x00000000eefff628,0x00000000ef000000)
  to   space 5120K, 0% used [0x00000000f3000000,0x00000000f3000000,0x00000000f3500000)
 ParOldGen       total 86016K, used 25901K [0x00000000c0000000, 0x00000000c5400000, 0x00000000eab00000)
  object space 86016K, 30% used [0x00000000c0000000,0x00000000c194b4a0,0x00000000c5400000)
 Metaspace       used 16969K, capacity 17152K, committed 17408K, reserved 1064960K
  class space    used 2004K, capacity 2045K, committed 2048K, reserved 1048576K
}
Event: 2.650 GC heap before
{Heap before GC invocations=4 (full 0):
 PSYoungGen      total 70656K, used 70653K [0x00000000eab00000, 0x00000000f3500000, 0x0000000100000000)
  eden space 65536K, 100% used [0x00000000eab00000,0x00000000eeb00000,0x00000000eeb00000)
  from space 5120K, 99% used [0x00000000eeb00000,0x00000000eefff628,0x00000000ef000000)
  to   space 5120K, 0% used [0x00000000f3000000,0x00000000f3000000,0x00000000f3500000)
 ParOldGen       total 86016K, used 25901K [0x00000000c0000000, 0x00000000c5400000, 0x00000000eab00000)
  object space 86016K, 30% used [0x00000000c0000000,0x00000000c194b4a0,0x00000000c5400000)
 Metaspace       used 18292K, capacity 18464K, committed 18560K, reserved 1064960K
  class space    used 2094K, capacity 2141K, committed 2176K, reserved 1048576K
Event: 2.665 GC heap after
Heap after GC invocations=4 (full 0):
 PSYoungGen      total 136192K, used 5088K [0x00000000eab00000, 0x00000000f3500000, 0x0000000100000000)
  eden space 131072K, 0% used [0x00000000eab00000,0x00000000eab00000,0x00000000f2b00000)
  from space 5120K, 99% used [0x00000000f3000000,0x00000000f34f8040,0x00000000f3500000)
  to   space 5120K, 0% used [0x00000000f2b00000,0x00000000f2b00000,0x00000000f3000000)
 ParOldGen       total 86016K, used 38930K [0x00000000c0000000, 0x00000000c5400000, 0x00000000eab00000)
  object space 86016K, 45% used [0x00000000c0000000,0x00000000c2604ad0,0x00000000c5400000)
 Metaspace       used 18292K, capacity 18464K, committed 18560K, reserved 1064960K
  class space    used 2094K, capacity 2141K, committed 2176K, reserved 1048576K
}
Event: 3.570 GC heap before
{Heap before GC invocations=5 (full 0):
 PSYoungGen      total 136192K, used 136160K [0x00000000eab00000, 0x00000000f3500000, 0x0000000100000000)
  eden space 131072K, 100% used [0x00000000eab00000,0x00000000f2b00000,0x00000000f2b00000)
  from space 5120K, 99% used [0x00000000f3000000,0x00000000f34f8040,0x00000000f3500000)
  to   space 5120K, 0% used [0x00000000f2b00000,0x00000000f2b00000,0x00000000f3000000)
 ParOldGen       total 86016K, used 38930K [0x00000000c0000000, 0x00000000c5400000, 0x00000000eab00000)
  object space 86016K, 45% used [0x00000000c0000000,0x00000000c2604ad0,0x00000000c5400000)
 Metaspace       used 20793K, capacity 20904K, committed 21248K, reserved 1069056K
  class space    used 2448K, capacity 2473K, committed 2560K, reserved 1048576K

Deoptimization events (10 events):
Event: 3.047 Thread 0x00007ff0c9b8c800 Uncommon trap: reason=unstable_if action=reinterpret pc=0x00007ff0b94277ec method=com.android.jack.eclipse.jdt.internal.compiler.parser.Scanner.getNextChar(C)Z @ 46
Event: 3.069 Thread 0x00007ff0c9b8c800 Uncommon trap: reason=unstable_if action=reinterpret pc=0x00007ff0b97ecaec method=com.android.jack.eclipse.jdt.internal.compiler.parser.Scanner.getNextToken0()I @ 831
Event: 3.098 Thread 0x00007ff0c9b8c800 Uncommon trap: reason=unstable_if action=reinterpret pc=0x00007ff0b996ce90 method=com.android.jack.eclipse.jdt.internal.compiler.lookup.Scope.getBinding([CILcom/android/jack/eclipse/jdt/internal/compiler/lookup/InvocationSite;Z)Lcom/android/jack/eclipse/j
Event: 3.142 Thread 0x00007ff0c9b8c800 Uncommon trap: reason=unstable_if action=reinterpret pc=0x00007ff0b9856240 method=com.android.jack.eclipse.jdt.internal.compiler.lookup.SourceTypeBinding.resolveTypeFor(Lcom/android/jack/eclipse/jdt/internal/compiler/lookup/FieldBinding;)Lcom/android/jack
Event: 3.225 Thread 0x00007ff0c9b8c800 Uncommon trap: reason=unstable_if action=reinterpret pc=0x00007ff0b98d6744 method=com.android.jack.eclipse.jdt.internal.compiler.parser.Scanner.disambiguatedToken(I)I @ 25
Event: 3.230 Thread 0x00007ff0c9b8c800 Uncommon trap: reason=unstable_if action=reinterpret pc=0x00007ff0b976edc4 method=com.android.jack.eclipse.jdt.internal.compiler.parser.Scanner.getNextToken()I @ 4
Event: 3.240 Thread 0x00007ff0c9b8c800 Uncommon trap: reason=unstable_if action=reinterpret pc=0x00007ff0b98998a4 method=com.android.jack.eclipse.jdt.internal.compiler.parser.Scanner.scanIdentifierOrKeyword()I @ 27
Event: 3.249 Thread 0x00007ff0c9b8c800 Uncommon trap: reason=unstable_if action=reinterpret pc=0x00007ff0b9744680 method=com.android.jack.ir.sourceinfo.SourceInfoFactory.create(IILcom/android/jack/ir/sourceinfo/SourceInfo;)Lcom/android/jack/ir/sourceinfo/SourceInfo; @ 4
Event: 3.252 Thread 0x00007ff0c9b8c800 Uncommon trap: reason=unstable_if action=reinterpret pc=0x00007ff0b9573840 method=com.android.jack.ir.ast.JVisitor.accept(Ljava/util/Collection;)V @ 13
Event: 3.362 Thread 0x00007ff0c800b800 Uncommon trap: reason=bimorphic action=maybe_recompile pc=0x00007ff0b9262ad0 method=java.util.HashMap.putVal(ILjava/lang/Object;Ljava/lang/Object;ZZ)Ljava/lang/Object; @ 203

Internal exceptions (10 events):
Event: 1.323 Thread 0x00007ff0c800b800 Exception <a 'java/lang/ArrayIndexOutOfBoundsException': 32494> (0x00000000ec5b7230) thrown at [/ssd/Android/AOSP-openjdk/external/jetbrains/jdk/hotspot/src/share/vm/interpreter/interpreterRuntime.cpp, line 366]
Event: 1.323 Thread 0x00007ff0c800b800 Exception <a 'java/lang/ArrayIndexOutOfBoundsException': 245> (0x00000000ec5ba8f8) thrown at [/ssd/Android/AOSP-openjdk/external/jetbrains/jdk/hotspot/src/share/vm/interpreter/interpreterRuntime.cpp, line 366]
Event: 1.323 Thread 0x00007ff0c800b800 Exception <a 'java/lang/ArrayIndexOutOfBoundsException': 262> (0x00000000ec5c0298) thrown at [/ssd/Android/AOSP-openjdk/external/jetbrains/jdk/hotspot/src/share/vm/interpreter/interpreterRuntime.cpp, line 366]
Event: 1.324 Thread 0x00007ff0c800b800 Exception <a 'java/lang/ArrayIndexOutOfBoundsException': 4733> (0x00000000ec5c4c68) thrown at [/ssd/Android/AOSP-openjdk/external/jetbrains/jdk/hotspot/src/share/vm/interpreter/interpreterRuntime.cpp, line 366]
Event: 1.324 Thread 0x00007ff0c800b800 Exception <a 'java/lang/ArrayIndexOutOfBoundsException': 3656> (0x00000000ec5c71d0) thrown at [/ssd/Android/AOSP-openjdk/external/jetbrains/jdk/hotspot/src/share/vm/interpreter/interpreterRuntime.cpp, line 366]
Event: 1.324 Thread 0x00007ff0c800b800 Exception <a 'java/lang/ArrayIndexOutOfBoundsException': 525> (0x00000000ec5c8ff8) thrown at [/ssd/Android/AOSP-openjdk/external/jetbrains/jdk/hotspot/src/share/vm/interpreter/interpreterRuntime.cpp, line 366]
Event: 1.327 Thread 0x00007ff0c800b800 Exception <a 'java/lang/ArrayIndexOutOfBoundsException': 28615> (0x00000000ec5d7a60) thrown at [/ssd/Android/AOSP-openjdk/external/jetbrains/jdk/hotspot/src/share/vm/interpreter/interpreterRuntime.cpp, line 366]
Event: 1.328 Thread 0x00007ff0c800b800 Exception <a 'java/lang/ArrayIndexOutOfBoundsException': 4248> (0x00000000ec5dc9f8) thrown at [/ssd/Android/AOSP-openjdk/external/jetbrains/jdk/hotspot/src/share/vm/interpreter/interpreterRuntime.cpp, line 366]
Event: 2.759 Thread 0x00007ff0c9b8c800 Implicit null exception at 0x00007ff0b9871271 to 0x00007ff0b98712ae
Event: 3.142 Thread 0x00007ff0c9b8c800 Implicit null exception at 0x00007ff0b98559de to 0x00007ff0b9856219

Events (10 events):
Event: 3.569 loading class com/android/sched/item/ItemSet$ItemIterator done
Event: 3.569 loading class com/android/sched/item/ItemSet$ManagedItemIterator
Event: 3.569 loading class com/android/sched/item/ItemSet$ManagedItemIterator done
Event: 3.569 loading class com/android/jack/google/common/collect/Ordering
Event: 3.569 loading class com/android/jack/google/common/collect/Ordering done
Event: 3.570 loading class com/android/jack/google/common/collect/NaturalOrdering
Event: 3.570 loading class com/android/jack/google/common/collect/NaturalOrdering done
Event: 3.570 loading class com/android/jack/google/common/collect/ExplicitOrdering
Event: 3.570 loading class com/android/jack/google/common/collect/ExplicitOrdering done
Event: 3.570 Executing VM operation: ParallelGCFailedAllocation


Dynamic libraries:
00400000-00401000 r-xp 00000000 08:05 1580616                            /home/mustafa/work/tools/android-studio/jre/bin/java
00600000-00601000 r--p 00000000 08:05 1580616                            /home/mustafa/work/tools/android-studio/jre/bin/java
00601000-00602000 rw-p 00001000 08:05 1580616                            /home/mustafa/work/tools/android-studio/jre/bin/java
01fea000-0200b000 rw-p 00000000 00:00 0                                  [heap]
c0000000-c5400000 rw-p 00000000 00:00 0 
c5400000-eab00000 ---p 00000000 00:00 0 
eab00000-f3500000 rw-p 00000000 00:00 0 
fef00000-100000000 ---p 00000000 00:00 0 
100000000-100280000 rw-p 00000000 00:00 0 
100280000-140000000 ---p 00000000 00:00 0 
7ff03c000000-7ff03c021000 rw-p 00000000 00:00 0 
7ff03c021000-7ff040000000 ---p 00000000 00:00 0 
7ff040000000-7ff0413bd000 rw-p 00000000 00:00 0 
7ff0413bd000-7ff044000000 ---p 00000000 00:00 0 
7ff044000000-7ff044021000 rw-p 00000000 00:00 0 
7ff044021000-7ff048000000 ---p 00000000 00:00 0 
7ff048000000-7ff048021000 rw-p 00000000 00:00 0 
7ff048021000-7ff04c000000 ---p 00000000 00:00 0 
7ff04c000000-7ff04e0f4000 rw-p 00000000 00:00 0 
7ff04e0f4000-7ff050000000 ---p 00000000 00:00 0 
7ff050000000-7ff050021000 rw-p 00000000 00:00 0 
7ff050021000-7ff054000000 ---p 00000000 00:00 0 
7ff054000000-7ff054021000 rw-p 00000000 00:00 0 
7ff054021000-7ff058000000 ---p 00000000 00:00 0 
7ff058000000-7ff058021000 rw-p 00000000 00:00 0 
7ff058021000-7ff05c000000 ---p 00000000 00:00 0 
7ff05c000000-7ff05c021000 rw-p 00000000 00:00 0 
7ff05c021000-7ff060000000 ---p 00000000 00:00 0 
7ff060000000-7ff060021000 rw-p 00000000 00:00 0 
7ff060021000-7ff064000000 ---p 00000000 00:00 0 
7ff064000000-7ff064021000 rw-p 00000000 00:00 0 
7ff064021000-7ff068000000 ---p 00000000 00:00 0 
7ff068000000-7ff068021000 rw-p 00000000 00:00 0 
7ff068021000-7ff06c000000 ---p 00000000 00:00 0 
7ff06c000000-7ff06d777000 rw-p 00000000 00:00 0 
7ff06d777000-7ff070000000 ---p 00000000 00:00 0 
7ff070000000-7ff070021000 rw-p 00000000 00:00 0 
7ff070021000-7ff074000000 ---p 00000000 00:00 0 
7ff074000000-7ff0757cb000 rw-p 00000000 00:00 0 
7ff0757cb000-7ff078000000 ---p 00000000 00:00 0 
7ff078000000-7ff079b22000 rw-p 00000000 00:00 0 
7ff079b22000-7ff07c000000 ---p 00000000 00:00 0 
7ff07c000000-7ff07c021000 rw-p 00000000 00:00 0 
7ff07c021000-7ff080000000 ---p 00000000 00:00 0 
7ff080000000-7ff080dc7000 rw-p 00000000 00:00 0 
7ff080dc7000-7ff084000000 ---p 00000000 00:00 0 
7ff084000000-7ff084021000 rw-p 00000000 00:00 0 
7ff084021000-7ff088000000 ---p 00000000 00:00 0 
7ff088000000-7ff088021000 rw-p 00000000 00:00 0 
7ff088021000-7ff08c000000 ---p 00000000 00:00 0 
7ff08c000000-7ff08c27d000 rw-p 00000000 00:00 0 
7ff08c27d000-7ff090000000 ---p 00000000 00:00 0 
7ff090b10000-7ff090b50000 rw-p 00000000 00:00 0 
7ff090b50000-7ff090d10000 ---p 00000000 00:00 0 
7ff090f91000-7ff091191000 rw-p 00000000 00:00 0 
7ff091191000-7ff091391000 rw-p 00000000 00:00 0 
7ff091391000-7ff091394000 ---p 00000000 00:00 0 
7ff091394000-7ff091492000 rw-p 00000000 00:00 0 
7ff091492000-7ff091495000 ---p 00000000 00:00 0 
7ff091495000-7ff091593000 rw-p 00000000 00:00 0 
7ff091593000-7ff091596000 ---p 00000000 00:00 0 
7ff091596000-7ff091694000 rw-p 00000000 00:00 0 
7ff091694000-7ff091697000 ---p 00000000 00:00 0 
7ff091697000-7ff091795000 rw-p 00000000 00:00 0 
7ff091795000-7ff091798000 ---p 00000000 00:00 0 
7ff091798000-7ff091896000 rw-p 00000000 00:00 0 
7ff091896000-7ff091899000 ---p 00000000 00:00 0 
7ff091899000-7ff091997000 rw-p 00000000 00:00 0 
7ff091997000-7ff09199a000 ---p 00000000 00:00 0 
7ff09199a000-7ff091a98000 rw-p 00000000 00:00 0 
7ff091a98000-7ff091a9b000 ---p 00000000 00:00 0 
7ff091a9b000-7ff091b99000 rw-p 00000000 00:00 0 
7ff091b99000-7ff091b9c000 ---p 00000000 00:00 0 
7ff091b9c000-7ff091e9a000 rw-p 00000000 00:00 0 
7ff091e9a000-7ff09209a000 rw-p 00000000 00:00 0 
7ff09209a000-7ff09209d000 ---p 00000000 00:00 0 
7ff09209d000-7ff09219b000 rw-p 00000000 00:00 0                          [stack:25868]
7ff09219b000-7ff0921a6000 r--s 0006e000 08:05 936230                     /home/mustafa/work/apps/ringdroid/app/build/intermediates/transforms/preJackRuntimeLibraries/debug/jars/8000/40/org.apache.http.legacy-ab9308e21bd6734b618c2803ec8f19ce48961397.jar
7ff0921a6000-7ff0923a6000 rw-p 00000000 00:00 0 
7ff0923a6000-7ff0923af000 r-xp 00000000 08:05 1580711                    /home/mustafa/work/tools/android-studio/jre/jre/lib/amd64/libmanagement.so
7ff0923af000-7ff0925ae000 ---p 00009000 08:05 1580711                    /home/mustafa/work/tools/android-studio/jre/jre/lib/amd64/libmanagement.so
7ff0925ae000-7ff0925af000 r--p 00008000 08:05 1580711                    /home/mustafa/work/tools/android-studio/jre/jre/lib/amd64/libmanagement.so
7ff0925af000-7ff0925b0000 rw-p 00009000 08:05 1580711                    /home/mustafa/work/tools/android-studio/jre/jre/lib/amd64/libmanagement.so
7ff0925b0000-7ff0925c6000 r-xp 00000000 08:05 2363341                    /lib/x86_64-linux-gnu/libgcc_s.so.1
7ff0925c6000-7ff0927c5000 ---p 00016000 08:05 2363341                    /lib/x86_64-linux-gnu/libgcc_s.so.1
7ff0927c5000-7ff0927c6000 rw-p 00015000 08:05 2363341                    /lib/x86_64-linux-gnu/libgcc_s.so.1
7ff0927c6000-7ff0927fc000 r-xp 00000000 08:05 1580715                    /home/mustafa/work/tools/android-studio/jre/jre/lib/amd64/libsunec.so
7ff0927fc000-7ff0929fb000 ---p 00036000 08:05 1580715                    /home/mustafa/work/tools/android-studio/jre/jre/lib/amd64/libsunec.so
7ff0929fb000-7ff092a00000 r--p 00035000 08:05 1580715                    /home/mustafa/work/tools/android-studio/jre/jre/lib/amd64/libsunec.so
7ff092a00000-7ff092a02000 rw-p 0003a000 08:05 1580715                    /home/mustafa/work/tools/android-studio/jre/jre/lib/amd64/libsunec.so
7ff092a02000-7ff092a13000 rw-p 00000000 00:00 0 
7ff092a13000-7ff092ae0000 r--s 00aca000 08:05 3696278                    /home/mustafa/Android/Sdk/build-tools/25.0.0/jack.jar
7ff092ae0000-7ff092ae1000 ---p 00000000 00:00 0 
7ff092ae1000-7ff092be1000 rw-p 00000000 00:00 0                          [stack:25867]
7ff092be1000-7ff092be4000 ---p 00000000 00:00 0 
7ff092be4000-7ff092ce2000 rw-p 00000000 00:00 0                          [stack:25866]
7ff092ce2000-7ff092ce5000 ---p 00000000 00:00 0 
7ff092ce5000-7ff092de3000 rw-p 00000000 00:00 0                          [stack:25865]
7ff092de3000-7ff092de6000 ---p 00000000 00:00 0 
7ff092de6000-7ff092ee4000 rw-p 00000000 00:00 0                          [stack:25864]
7ff092ee4000-7ff092ee7000 ---p 00000000 00:00 0 
7ff092ee7000-7ff092fe5000 rw-p 00000000 00:00 0                          [stack:25863]
7ff092fe5000-7ff092fe8000 ---p 00000000 00:00 0 
7ff092fe8000-7ff0930e6000 rw-p 00000000 00:00 0                          [stack:25862]
7ff0930e6000-7ff0930e9000 ---p 00000000 00:00 0 
7ff0930e9000-7ff0931e7000 rw-p 00000000 00:00 0                          [stack:25861]
7ff0931e7000-7ff0939fa000 r--p 00000000 08:05 2891582                    /usr/lib/locale/locale-archive
7ff0939fa000-7ff0939fd000 ---p 00000000 00:00 0 
7ff0939fd000-7ff093afb000 rw-p 00000000 00:00 0                          [stack:25860]
7ff093afb000-7ff093afe000 ---p 00000000 00:00 0 
7ff093afe000-7ff093bfc000 rw-p 00000000 00:00 0                          [stack:25859]
7ff093bfc000-7ff093bfd000 ---p 00000000 00:00 0 
7ff093bfd000-7ff094000000 rw-p 00000000 00:00 0                          [stack:25858]
7ff094000000-7ff094021000 rw-p 00000000 00:00 0 
7ff094021000-7ff098000000 ---p 00000000 00:00 0 
7ff09800a000-7ff098061000 r--s 00540000 08:05 936229                     /home/mustafa/work/apps/ringdroid/app/build/intermediates/transforms/preJackRuntimeLibraries/debug/jars/8000/40/android-60a6732893213a84eafbee97271077d9c958254c.jar
7ff098061000-7ff098083000 r--s 001c9000 08:05 936209                     /home/mustafa/work/apps/ringdroid/app/build/intermediates/transforms/preJackPackagedLibraries/debug/jars/8000/1f/classes-8e2c9f4144f1db6d866d9ae06627e068f687b286.jar
7ff098083000-7ff098097000 r--s 0020a000 08:05 936207                     /home/mustafa/work/apps/ringdroid/app/build/intermediates/transforms/preJackPackagedLibraries/debug/jars/8000/1f/classes-0629759d2bf7d207db07edb499455341ef86d2d2.jar
7ff098097000-7ff0980a7000 r--s 000de000 08:05 936210                     /home/mustafa/work/apps/ringdroid/app/build/intermediates/transforms/preJackPackagedLibraries/debug/jars/8000/1f/classes-3fb421b33ae0d8c30b34eef06a1aaf4cfd49b7f3.jar
7ff0980a7000-7ff09c000000 rw-p 00000000 00:00 0 
7ff09c000000-7ff09c021000 rw-p 00000000 00:00 0 
7ff09c021000-7ff0a0000000 ---p 00000000 00:00 0 
7ff0a0000000-7ff0a0021000 rw-p 00000000 00:00 0 
7ff0a0021000-7ff0a4000000 ---p 00000000 00:00 0 
7ff0a4000000-7ff0a4021000 rw-p 00000000 00:00 0 
7ff0a4021000-7ff0a8000000 ---p 00000000 00:00 0 
7ff0a8000000-7ff0a8021000 rw-p 00000000 00:00 0 
7ff0a8021000-7ff0ac000000 ---p 00000000 00:00 0 
7ff0ac000000-7ff0ac021000 rw-p 00000000 00:00 0 
7ff0ac021000-7ff0b0000000 ---p 00000000 00:00 0 
7ff0b0000000-7ff0b0021000 rw-p 00000000 00:00 0 
7ff0b0021000-7ff0b4000000 ---p 00000000 00:00 0 
7ff0b4000000-7ff0b4021000 rw-p 00000000 00:00 0 
7ff0b4021000-7ff0b8000000 ---p 00000000 00:00 0 
7ff0b8004000-7ff0b800c000 r--s 000d5000 08:05 936224                     /home/mustafa/work/apps/ringdroid/app/build/intermediates/transforms/preJackPackagedLibraries/debug/jars/8000/1f/classes-75ea7071acd8800b94f55c24a9e15126e5d50fb7.jar
7ff0b800c000-7ff0b81b2000 rw-p 00000000 00:00 0 
7ff0b81b2000-7ff0b8381000 r--s 03c1b000 08:05 1580675                    /home/mustafa/work/tools/android-studio/jre/jre/lib/rt.jar
7ff0b8381000-7ff0b85f7000 rw-p 00000000 00:00 0 
7ff0b85f7000-7ff0b85f8000 ---p 00000000 00:00 0 
7ff0b85f8000-7ff0b86f8000 rw-p 00000000 00:00 0                          [stack:25857]
7ff0b86f8000-7ff0b86f9000 ---p 00000000 00:00 0 
7ff0b86f9000-7ff0b87f9000 rw-p 00000000 00:00 0                          [stack:25856]
7ff0b87f9000-7ff0b87fa000 ---p 00000000 00:00 0 
7ff0b87fa000-7ff0b88fa000 rw-p 00000000 00:00 0                          [stack:25855]
7ff0b88fa000-7ff0b88fb000 ---p 00000000 00:00 0 
7ff0b88fb000-7ff0b89fb000 rw-p 00000000 00:00 0                          [stack:25854]
7ff0b89fb000-7ff0b89fc000 ---p 00000000 00:00 0 
7ff0b89fc000-7ff0b8afc000 rw-p 00000000 00:00 0                          [stack:25853]
7ff0b8afc000-7ff0b8afd000 ---p 00000000 00:00 0 
7ff0b8afd000-7ff0b8bfd000 rw-p 00000000 00:00 0                          [stack:25852]
7ff0b8bfd000-7ff0b8bfe000 ---p 00000000 00:00 0 
7ff0b8bfe000-7ff0b8cfe000 rw-p 00000000 00:00 0                          [stack:25851]
7ff0b8cfe000-7ff0b8cff000 ---p 00000000 00:00 0 
7ff0b8cff000-7ff0b8e29000 rw-p 00000000 00:00 0                          [stack:25850]
7ff0b8e29000-7ff0b8f54000 ---p 00000000 00:00 0 
7ff0b8f54000-7ff0b8f9a000 rw-p 00000000 00:00 0 
7ff0b8f9a000-7ff0b8fff000 ---p 00000000 00:00 0 
7ff0b8fff000-7ff0b9000000 rw-p 00000000 00:00 0 
7ff0b9000000-7ff0b9b50000 rwxp 00000000 00:00 0 
7ff0b9b50000-7ff0c8000000 ---p 00000000 00:00 0 
7ff0c8000000-7ff0cbffa000 rw-p 00000000 00:00 0 
7ff0cbffa000-7ff0cc000000 ---p 00000000 00:00 0 
7ff0cc002000-7ff0cc006000 r--s 0004b000 08:05 936222                     /home/mustafa/work/apps/ringdroid/app/build/intermediates/transforms/preJackPackagedLibraries/debug/jars/8000/1f/classes-3ac11d8bfea5ba0a0bd8e524854d3079fedcb088.jar
7ff0cc006000-7ff0cc00b000 r--s 0008f000 08:05 936220                     /home/mustafa/work/apps/ringdroid/app/build/intermediates/transforms/preJackPackagedLibraries/debug/jars/8000/1f/classes-9b4ce8db62d83d5ebd40e563f32a165b2ad5aee1.jar
7ff0cc00b000-7ff0cc010000 r--s 0003b000 08:05 1580744                    /home/mustafa/work/tools/android-studio/jre/jre/lib/ext/sunjce_provider.jar
7ff0cc010000-7ff0cc088000 rw-p 00000000 00:00 0 
7ff0cc088000-7ff0cc1b4000 ---p 00000000 00:00 0 
7ff0cc1b4000-7ff0cc1e2000 rw-p 00000000 00:00 0 
7ff0cc1e2000-7ff0cc574000 ---p 00000000 00:00 0 
7ff0cc574000-7ff0cc58e000 r-xp 00000000 08:05 1580692                    /home/mustafa/work/tools/android-studio/jre/jre/lib/amd64/libzip.so
7ff0cc58e000-7ff0cc78e000 ---p 0001a000 08:05 1580692                    /home/mustafa/work/tools/android-studio/jre/jre/lib/amd64/libzip.so
7ff0cc78e000-7ff0cc78f000 r--p 0001a000 08:05 1580692                    /home/mustafa/work/tools/android-studio/jre/jre/lib/amd64/libzip.so
7ff0cc78f000-7ff0cc790000 rw-p 0001b000 08:05 1580692                    /home/mustafa/work/tools/android-studio/jre/jre/lib/amd64/libzip.so
7ff0cc790000-7ff0cc79a000 r-xp 00000000 08:05 2360515                    /lib/x86_64-linux-gnu/libnss_files-2.19.so
7ff0cc79a000-7ff0cc999000 ---p 0000a000 08:05 2360515                    /lib/x86_64-linux-gnu/libnss_files-2.19.so
7ff0cc999000-7ff0cc99a000 r--p 00009000 08:05 2360515                    /lib/x86_64-linux-gnu/libnss_files-2.19.so
7ff0cc99a000-7ff0cc99b000 rw-p 0000a000 08:05 2360515                    /lib/x86_64-linux-gnu/libnss_files-2.19.so
7ff0cc99b000-7ff0cc9a6000 r-xp 00000000 08:05 2359388                    /lib/x86_64-linux-gnu/libnss_nis-2.19.so
7ff0cc9a6000-7ff0ccba5000 ---p 0000b000 08:05 2359388                    /lib/x86_64-linux-gnu/libnss_nis-2.19.so
7ff0ccba5000-7ff0ccba6000 r--p 0000a000 08:05 2359388                    /lib/x86_64-linux-gnu/libnss_nis-2.19.so
7ff0ccba6000-7ff0ccba7000 rw-p 0000b000 08:05 2359388                    /lib/x86_64-linux-gnu/libnss_nis-2.19.so
7ff0ccba7000-7ff0ccbbe000 r-xp 00000000 08:05 2360272                    /lib/x86_64-linux-gnu/libnsl-2.19.so
7ff0ccbbe000-7ff0ccdbd000 ---p 00017000 08:05 2360272                    /lib/x86_64-linux-gnu/libnsl-2.19.so
7ff0ccdbd000-7ff0ccdbe000 r--p 00016000 08:05 2360272                    /lib/x86_64-linux-gnu/libnsl-2.19.so
7ff0ccdbe000-7ff0ccdbf000 rw-p 00017000 08:05 2360272                    /lib/x86_64-linux-gnu/libnsl-2.19.so
7ff0ccdbf000-7ff0ccdc1000 rw-p 00000000 00:00 0 
7ff0ccdc1000-7ff0ccdca000 r-xp 00000000 08:05 2359399                    /lib/x86_64-linux-gnu/libnss_compat-2.19.so
7ff0ccdca000-7ff0ccfc9000 ---p 00009000 08:05 2359399                    /lib/x86_64-linux-gnu/libnss_compat-2.19.so
7ff0ccfc9000-7ff0ccfca000 r--p 00008000 08:05 2359399                    /lib/x86_64-linux-gnu/libnss_compat-2.19.so
7ff0ccfca000-7ff0ccfcb000 rw-p 00009000 08:05 2359399                    /lib/x86_64-linux-gnu/libnss_compat-2.19.so
7ff0ccfcb000-7ff0ccff8000 r-xp 00000000 08:05 1580710                    /home/mustafa/work/tools/android-studio/jre/jre/lib/amd64/libjava.so
7ff0ccff8000-7ff0cd1f7000 ---p 0002d000 08:05 1580710                    /home/mustafa/work/tools/android-studio/jre/jre/lib/amd64/libjava.so
7ff0cd1f7000-7ff0cd1f8000 r--p 0002c000 08:05 1580710                    /home/mustafa/work/tools/android-studio/jre/jre/lib/amd64/libjava.so
7ff0cd1f8000-7ff0cd1fa000 rw-p 0002d000 08:05 1580710                    /home/mustafa/work/tools/android-studio/jre/jre/lib/amd64/libjava.so
7ff0cd1fa000-7ff0cd20a000 r-xp 00000000 08:05 1580681                    /home/mustafa/work/tools/android-studio/jre/jre/lib/amd64/libverify.so
7ff0cd20a000-7ff0cd409000 ---p 00010000 08:05 1580681                    /home/mustafa/work/tools/android-studio/jre/jre/lib/amd64/libverify.so
7ff0cd409000-7ff0cd40b000 r--p 0000f000 08:05 1580681                    /home/mustafa/work/tools/android-studio/jre/jre/lib/amd64/libverify.so
7ff0cd40b000-7ff0cd40c000 rw-p 00011000 08:05 1580681                    /home/mustafa/work/tools/android-studio/jre/jre/lib/amd64/libverify.so
7ff0cd40c000-7ff0cd413000 r-xp 00000000 08:05 2359326                    /lib/x86_64-linux-gnu/librt-2.19.so
7ff0cd413000-7ff0cd612000 ---p 00007000 08:05 2359326                    /lib/x86_64-linux-gnu/librt-2.19.so
7ff0cd612000-7ff0cd613000 r--p 00006000 08:05 2359326                    /lib/x86_64-linux-gnu/librt-2.19.so
7ff0cd613000-7ff0cd614000 rw-p 00007000 08:05 2359326                    /lib/x86_64-linux-gnu/librt-2.19.so
7ff0cd614000-7ff0cd719000 r-xp 00000000 08:05 2360276                    /lib/x86_64-linux-gnu/libm-2.19.so
7ff0cd719000-7ff0cd918000 ---p 00105000 08:05 2360276                    /lib/x86_64-linux-gnu/libm-2.19.so
7ff0cd918000-7ff0cd919000 r--p 00104000 08:05 2360276                    /lib/x86_64-linux-gnu/libm-2.19.so
7ff0cd919000-7ff0cd91a000 rw-p 00105000 08:05 2360276                    /lib/x86_64-linux-gnu/libm-2.19.so
7ff0cd91a000-7ff0ce50b000 r-xp 00000000 08:05 1580690                    /home/mustafa/work/tools/android-studio/jre/jre/lib/amd64/server/libjvm.so
7ff0ce50b000-7ff0ce70b000 ---p 00bf1000 08:05 1580690                    /home/mustafa/work/tools/android-studio/jre/jre/lib/amd64/server/libjvm.so
7ff0ce70b000-7ff0ce7aa000 r--p 00bf1000 08:05 1580690                    /home/mustafa/work/tools/android-studio/jre/jre/lib/amd64/server/libjvm.so
7ff0ce7aa000-7ff0ce7d3000 rw-p 00c90000 08:05 1580690                    /home/mustafa/work/tools/android-studio/jre/jre/lib/amd64/server/libjvm.so
7ff0ce7d3000-7ff0ce817000 rw-p 00000000 00:00 0 
7ff0ce817000-7ff0ce830000 r-xp 00000000 08:05 2360519                    /lib/x86_64-linux-gnu/libpthread-2.19.so
7ff0ce830000-7ff0cea2f000 ---p 00019000 08:05 2360519                    /lib/x86_64-linux-gnu/libpthread-2.19.so
7ff0cea2f000-7ff0cea30000 r--p 00018000 08:05 2360519                    /lib/x86_64-linux-gnu/libpthread-2.19.so
7ff0cea30000-7ff0cea31000 rw-p 00019000 08:05 2360519                    /lib/x86_64-linux-gnu/libpthread-2.19.so
7ff0cea31000-7ff0cea35000 rw-p 00000000 00:00 0 
7ff0cea35000-7ff0cea38000 r-xp 00000000 08:05 2360517                    /lib/x86_64-linux-gnu/libdl-2.19.so
7ff0cea38000-7ff0cec37000 ---p 00003000 08:05 2360517                    /lib/x86_64-linux-gnu/libdl-2.19.so
7ff0cec37000-7ff0cec38000 r--p 00002000 08:05 2360517                    /lib/x86_64-linux-gnu/libdl-2.19.so
7ff0cec38000-7ff0cec39000 rw-p 00003000 08:05 2360517                    /lib/x86_64-linux-gnu/libdl-2.19.so
7ff0cec39000-7ff0cedf7000 r-xp 00000000 08:05 2359397                    /lib/x86_64-linux-gnu/libc-2.19.so
7ff0cedf7000-7ff0ceff6000 ---p 001be000 08:05 2359397                    /lib/x86_64-linux-gnu/libc-2.19.so
7ff0ceff6000-7ff0ceffa000 r--p 001bd000 08:05 2359397                    /lib/x86_64-linux-gnu/libc-2.19.so
7ff0ceffa000-7ff0ceffc000 rw-p 001c1000 08:05 2359397                    /lib/x86_64-linux-gnu/libc-2.19.so
7ff0ceffc000-7ff0cf001000 rw-p 00000000 00:00 0 
7ff0cf001000-7ff0cf017000 r-xp 00000000 08:05 1580632                    /home/mustafa/work/tools/android-studio/jre/lib/amd64/jli/libjli.so
7ff0cf017000-7ff0cf216000 ---p 00016000 08:05 1580632                    /home/mustafa/work/tools/android-studio/jre/lib/amd64/jli/libjli.so
7ff0cf216000-7ff0cf217000 r--p 00015000 08:05 1580632                    /home/mustafa/work/tools/android-studio/jre/lib/amd64/jli/libjli.so
7ff0cf217000-7ff0cf218000 rw-p 00016000 08:05 1580632                    /home/mustafa/work/tools/android-studio/jre/lib/amd64/jli/libjli.so
7ff0cf218000-7ff0cf23b000 r-xp 00000000 08:05 2360513                    /lib/x86_64-linux-gnu/ld-2.19.so
7ff0cf23b000-7ff0cf23c000 rw-p 00000000 00:00 0 
7ff0cf23c000-7ff0cf23f000 r--s 0000d000 08:05 936227                     /home/mustafa/work/apps/ringdroid/app/build/intermediates/transforms/preJackPackagedLibraries/debug/jars/8000/1f/support-annotations-26.0.0-alpha1-81535b28afa8bc53af082bfa24696f1a6d0888aa.jar
7ff0cf23f000-7ff0cf318000 rw-p 00000000 00:00 0 
7ff0cf318000-7ff0cf31b000 ---p 00000000 00:00 0 
7ff0cf31b000-7ff0cf41d000 rw-p 00000000 00:00 0                          [stack:25849]
7ff0cf41d000-7ff0cf41e000 r--s 00001000 08:05 936225                     /home/mustafa/work/apps/ringdroid/app/build/intermediates/transforms/preJackPackagedLibraries/debug/jars/8000/1f/classes-39b2b7fb12f42635ecbf55516e7e3409516e1319.jar
7ff0cf41e000-7ff0cf41f000 r--s 00009000 08:05 936228                     /home/mustafa/work/apps/ringdroid/app/build/intermediates/transforms/preJackPackagedLibraries/debug/jars/8000/1f/classes-44416e0ae53b27c675a9d3074aa8ad2194a34b79.jar
7ff0cf41f000-7ff0cf421000 r--s 00022000 08:05 936226                     /home/mustafa/work/apps/ringdroid/app/build/intermediates/transforms/preJackPackagedLibraries/debug/jars/8000/1f/classes-8286af90831b750a989146b11cecfa2635e4e968.jar
7ff0cf421000-7ff0cf422000 r--s 00008000 08:05 1580742                    /home/mustafa/work/tools/android-studio/jre/jre/lib/ext/sunec.jar
7ff0cf422000-7ff0cf426000 r--s 00037000 08:05 1580746                    /home/mustafa/work/tools/android-studio/jre/jre/lib/ext/sunpkcs11.jar
7ff0cf426000-7ff0cf429000 r--s 00015000 08:05 1580651                    /home/mustafa/work/tools/android-studio/jre/jre/lib/jce.jar
7ff0cf429000-7ff0cf42e000 r--s 00098000 08:05 1580672                    /home/mustafa/work/tools/android-studio/jre/jre/lib/jsse.jar
7ff0cf42e000-7ff0cf436000 rw-s 00000000 08:05 3696661                    /tmp/hsperfdata_mustafa/25844
7ff0cf436000-7ff0cf437000 rw-p 00000000 00:00 0 
7ff0cf437000-7ff0cf438000 ---p 00000000 00:00 0 
7ff0cf438000-7ff0cf43a000 rw-p 00000000 00:00 0 
7ff0cf43a000-7ff0cf43b000 r--p 00022000 08:05 2360513                    /lib/x86_64-linux-gnu/ld-2.19.so
7ff0cf43b000-7ff0cf43c000 rw-p 00023000 08:05 2360513                    /lib/x86_64-linux-gnu/ld-2.19.so
7ff0cf43c000-7ff0cf43d000 rw-p 00000000 00:00 0 
7ffd86fac000-7ffd86fce000 rw-p 00000000 00:00 0                          [stack]
7ffd86fdc000-7ffd86fde000 r-xp 00000000 00:00 0                          [vdso]
ffffffffff600000-ffffffffff601000 r-xp 00000000 00:00 0                  [vsyscall]

VM Arguments:
jvm_args: -Djava.awt.headless=true -Xmx1024M -Dfile.encoding=UTF-8 -Duser.country=US -Duser.language=en -Duser.variant 
java_command: com.android.jack.Main -D jack.dex.optimize=true -D jack.reporter=sdk -D jack.dex.debug.vars=true --classpath /home/mustafa/work/apps/ringdroid/app/build/intermediates/transforms/preJackRuntimeLibraries/debug/jars/8000/40/android-60a6732893213a84eafbee97271077d9c958254c.jar:/home/mustafa/work/apps/ringdroid/app/build/intermediates/transforms/preJackRuntimeLibraries/debug/jars/8000/40/org.apache.http.legacy-ab9308e21bd6734b618c2803ec8f19ce48961397.jar --import /home/mustafa/work/apps/ringdroid/app/build/intermediates/transforms/preJackPackagedLibraries/debug/jars/8000/1f/classes-9b4ce8db62d83d5ebd40e563f32a165b2ad5aee1.jar --import /home/mustafa/work/apps/ringdroid/app/build/intermediates/transforms/preJackPackagedLibraries/debug/jars/8000/1f/classes-75ea7071acd8800b94f55c24a9e15126e5d50fb7.jar --import /home/mustafa/work/apps/ringdroid/app/build/intermediates/transforms/preJackPackagedLibraries/debug/jars/8000/1f/classes-8286af90831b750a989146b11cecfa2635e4e968.jar --import /home/mustafa/work/apps/ringdroid/app/build/intermediates/transforms/preJackPackagedLibraries/debug/jars/8000/1f/classes-3fb421b33ae0d8c30b34eef06a1aaf4cfd49b7f3.jar --import /home/mustafa/work/apps/ringdroid/app/build/intermediates/transforms/preJackPackagedLibraries/debug/jars/8000/1f/classes-44416e0ae53b27c675a9d3074aa8ad2194a34b79.jar --import /home/mustafa/work/apps/ringdroid/app/build/intermediates/transforms/preJackPackagedLibraries/debug/jars/8000/1f/support-annotations-26.0.0-alpha1-81535b28afa8bc53af082bfa24696f1a6d0888aa.jar --import /home/mustafa/work/apps/ringdroid/app/build/intermediates/transforms/preJackPackagedLibraries/debug/jars/8000/1f/classes-3ac11d8bfea5ba0a0bd8e524854d3079fedcb088.jar --import /home/mustafa/work/apps/ringdroid/app/build/intermediates/transforms/preJackPackagedLibraries/debug/jars/8000/1f/classes-0629759d2bf7d207db07edb499455341ef86d2d2.jar --import /home/mustafa/work/apps/ringdroid/app/build/intermediates/transforms/preJackPackagedLibraries/d
java_class_path (initial): /home/mustafa/Android/Sdk/build-tools/25.0.0/jack.jar
Launcher Type: SUN_STANDARD

Environment Variables:
JAVA_HOME=/home/mustafa/work/tools/jdk1.8.0_73
PATH=/usr/local/heroku/bin:/home/mustafa/work/tools/apache-maven-3.3.9/bin:/home/mustafa/work/tools/jdk1.8.0_73/bin:/home/mustafa/work/tools/dibs/plugins/org.tizen.cli-tools:/home/mustafa/work/tools/node-v6.9.1-linux-x64/bin:/usr/local/sbin:/usr/local/bin:/usr/sbin:/usr/bin:/sbin:/bin:/usr/games:/usr/local/games:/home/mustafa/mustafa/tools:/Users/nide/mustafa/android/sdk/platform-tools
LD_LIBRARY_PATH=/home/mustafa/work/tools/android-studio/bin:
SHELL=/bin/bash
DISPLAY=:0

Signal Handlers:
SIGSEGV: [libjvm.so+0x9e5150], sa_mask[0]=11111111011111111101111111111110, sa_flags=SA_RESTART|SA_SIGINFO
SIGBUS: [libjvm.so+0x9e5150], sa_mask[0]=11111111011111111101111111111110, sa_flags=SA_RESTART|SA_SIGINFO
SIGFPE: [libjvm.so+0x848450], sa_mask[0]=11111111011111111101111111111110, sa_flags=SA_RESTART|SA_SIGINFO
SIGPIPE: [libjvm.so+0x848450], sa_mask[0]=11111111011111111101111111111110, sa_flags=SA_RESTART|SA_SIGINFO
SIGXFSZ: [libjvm.so+0x848450], sa_mask[0]=11111111011111111101111111111110, sa_flags=SA_RESTART|SA_SIGINFO
SIGILL: [libjvm.so+0x848450], sa_mask[0]=11111111011111111101111111111110, sa_flags=SA_RESTART|SA_SIGINFO
SIGUSR1: SIG_DFL, sa_mask[0]=00000000000000000000000000000000, sa_flags=none
SIGUSR2: [libjvm.so+0x848320], sa_mask[0]=00100000000000000000000000000000, sa_flags=SA_RESTART|SA_SIGINFO
SIGHUP: [libjvm.so+0x848510], sa_mask[0]=11111111011111111101111111111110, sa_flags=SA_RESTART|SA_SIGINFO
SIGINT: [libjvm.so+0x848510], sa_mask[0]=11111111011111111101111111111110, sa_flags=SA_RESTART|SA_SIGINFO
SIGTERM: [libjvm.so+0x848510], sa_mask[0]=11111111011111111101111111111110, sa_flags=SA_RESTART|SA_SIGINFO
SIGQUIT: [libjvm.so+0x848510], sa_mask[0]=11111111011111111101111111111110, sa_flags=SA_RESTART|SA_SIGINFO


---------------  S Y S T E M  ---------------

OS:DISTRIB_ID=Ubuntu
DISTRIB_RELEASE=14.04
DISTRIB_CODENAME=trusty
DISTRIB_DESCRIPTION="Ubuntu 14.04.4 LTS"

uname:Linux 3.13.0-108-generic #155-Ubuntu SMP Wed Jan 11 16:58:52 UTC 2017 x86_64
libc:glibc 2.19 NPTL 2.19 
rlimit: STACK 8192k, CORE 0k, NPROC 63353, NOFILE 4096, AS infinity
load average:2.15 1.80 1.67

/proc/meminfo:
MemTotal:        8130828 kB
MemFree:          170572 kB
Buffers:            3200 kB
Cached:           202032 kB
SwapCached:            0 kB
Active:          7455844 kB
Inactive:         160052 kB
Active(anon):    7413584 kB
Inactive(anon):   115432 kB
Active(file):      42260 kB
Inactive(file):    44620 kB
Unevictable:          48 kB
Mlocked:              48 kB
SwapTotal:             0 kB
SwapFree:              0 kB
Dirty:               520 kB
Writeback:             0 kB
AnonPages:       7412416 kB
Mapped:           223244 kB
Shmem:            116796 kB
Slab:             119132 kB
SReclaimable:      64304 kB
SUnreclaim:        54828 kB
KernelStack:        7480 kB
PageTables:        59376 kB
NFS_Unstable:          0 kB
Bounce:                0 kB
WritebackTmp:          0 kB
CommitLimit:     4065412 kB
Committed_AS:   12181780 kB
VmallocTotal:   34359738367 kB
VmallocUsed:      119392 kB
VmallocChunk:   34359613436 kB
HardwareCorrupted:     0 kB
AnonHugePages:   3612672 kB
HugePages_Total:       0
HugePages_Free:        0
HugePages_Rsvd:        0
HugePages_Surp:        0
Hugepagesize:       2048 kB
DirectMap4k:      390708 kB
DirectMap2M:     7952384 kB
DirectMap1G:           0 kB


CPU:total 8 (4 cores per cpu, 2 threads per core) family 6 model 60 stepping 3, cmov, cx8, fxsr, mmx, sse, sse2, sse3, ssse3, sse4.1, sse4.2, popcnt, avx, avx2, aes, clmul, erms, lzcnt, ht, tsc, tscinvbit, bmi1, bmi2

/proc/cpuinfo:
processor	: 0
vendor_id	: GenuineIntel
cpu family	: 6
model		: 60
model name	: Intel(R) Core(TM) i7-4790 CPU @ 3.60GHz
stepping	: 3
microcode	: 0x1c
cpu MHz		: 3600.000
cache size	: 8192 KB
physical id	: 0
siblings	: 8
core id		: 0
cpu cores	: 4
apicid		: 0
initial apicid	: 0
fpu		: yes
fpu_exception	: yes
cpuid level	: 13
wp		: yes
flags		: fpu vme de pse tsc msr pae mce cx8 apic sep mtrr pge mca cmov pat pse36 clflush dts acpi mmx fxsr sse sse2 ss ht tm pbe syscall nx pdpe1gb rdtscp lm constant_tsc arch_perfmon pebs bts rep_good nopl xtopology nonstop_tsc aperfmperf eagerfpu pni pclmulqdq dtes64 monitor ds_cpl vmx smx est tm2 ssse3 fma cx16 xtpr pdcm pcid sse4_1 sse4_2 x2apic movbe popcnt tsc_deadline_timer aes xsave avx f16c rdrand lahf_lm abm ida arat epb xsaveopt pln pts dtherm tpr_shadow vnmi flexpriority ept vpid fsgsbase tsc_adjust bmi1 avx2 smep bmi2 erms invpcid
bogomips	: 7183.73
clflush size	: 64
cache_alignment	: 64
address sizes	: 39 bits physical, 48 bits virtual
power management:

processor	: 1
vendor_id	: GenuineIntel
cpu family	: 6
model		: 60
model name	: Intel(R) Core(TM) i7-4790 CPU @ 3.60GHz
stepping	: 3
microcode	: 0x1c
cpu MHz		: 3601.000
cache size	: 8192 KB
physical id	: 0
siblings	: 8
core id		: 1
cpu cores	: 4
apicid		: 2
initial apicid	: 2
fpu		: yes
fpu_exception	: yes
cpuid level	: 13
wp		: yes
flags		: fpu vme de pse tsc msr pae mce cx8 apic sep mtrr pge mca cmov pat pse36 clflush dts acpi mmx fxsr sse sse2 ss ht tm pbe syscall nx pdpe1gb rdtscp lm constant_tsc arch_perfmon pebs bts rep_good nopl xtopology nonstop_tsc aperfmperf eagerfpu pni pclmulqdq dtes64 monitor ds_cpl vmx smx est tm2 ssse3 fma cx16 xtpr pdcm pcid sse4_1 sse4_2 x2apic movbe popcnt tsc_deadline_timer aes xsave avx f16c rdrand lahf_lm abm ida arat epb xsaveopt pln pts dtherm tpr_shadow vnmi flexpriority ept vpid fsgsbase tsc_adjust bmi1 avx2 smep bmi2 erms invpcid
bogomips	: 7183.73
clflush size	: 64
cache_alignment	: 64
address sizes	: 39 bits physical, 48 bits virtual
power management:

processor	: 2
vendor_id	: GenuineIntel
cpu family	: 6
model		: 60
model name	: Intel(R) Core(TM) i7-4790 CPU @ 3.60GHz
stepping	: 3
microcode	: 0x1c
cpu MHz		: 3400.000
cache size	: 8192 KB
physical id	: 0
siblings	: 8
core id		: 2
cpu cores	: 4
apicid		: 4
initial apicid	: 4
fpu		: yes
fpu_exception	: yes
cpuid level	: 13
wp		: yes
flags		: fpu vme de pse tsc msr pae mce cx8 apic sep mtrr pge mca cmov pat pse36 clflush dts acpi mmx fxsr sse sse2 ss ht tm pbe syscall nx pdpe1gb rdtscp lm constant_tsc arch_perfmon pebs bts rep_good nopl xtopology nonstop_tsc aperfmperf eagerfpu pni pclmulqdq dtes64 monitor ds_cpl vmx smx est tm2 ssse3 fma cx16 xtpr pdcm pcid sse4_1 sse4_2 x2apic movbe popcnt tsc_deadline_timer aes xsave avx f16c rdrand lahf_lm abm ida arat epb xsaveopt pln pts dtherm tpr_shadow vnmi flexpriority ept vpid fsgsbase tsc_adjust bmi1 avx2 smep bmi2 erms invpcid
bogomips	: 7183.73
clflush size	: 64
cache_alignment	: 64
address sizes	: 39 bits physical, 48 bits virtual
power management:

processor	: 3
vendor_id	: GenuineIntel
cpu family	: 6
model		: 60
model name	: Intel(R) Core(TM) i7-4790 CPU @ 3.60GHz
stepping	: 3
microcode	: 0x1c
cpu MHz		: 3601.000
cache size	: 8192 KB
physical id	: 0
siblings	: 8
core id		: 3
cpu cores	: 4
apicid		: 6
initial apicid	: 6
fpu		: yes
fpu_exception	: yes
cpuid level	: 13
wp		: yes
flags		: fpu vme de pse tsc msr pae mce cx8 apic sep mtrr pge mca cmov pat pse36 clflush dts acpi mmx fxsr sse sse2 ss ht tm pbe syscall nx pdpe1gb rdtscp lm constant_tsc arch_perfmon pebs bts rep_good nopl xtopology nonstop_tsc aperfmperf eagerfpu pni pclmulqdq dtes64 monitor ds_cpl vmx smx est tm2 ssse3 fma cx16 xtpr pdcm pcid sse4_1 sse4_2 x2apic movbe popcnt tsc_deadline_timer aes xsave avx f16c rdrand lahf_lm abm ida arat epb xsaveopt pln pts dtherm tpr_shadow vnmi flexpriority ept vpid fsgsbase tsc_adjust bmi1 avx2 smep bmi2 erms invpcid
bogomips	: 7183.73
clflush size	: 64
cache_alignment	: 64
address sizes	: 39 bits physical, 48 bits virtual
power management:

processor	: 4
vendor_id	: GenuineIntel
cpu family	: 6
model		: 60
model name	: Intel(R) Core(TM) i7-4790 CPU @ 3.60GHz
stepping	: 3
microcode	: 0x1c
cpu MHz		: 3601.000
cache size	: 8192 KB
physical id	: 0
siblings	: 8
core id		: 0
cpu cores	: 4
apicid		: 1
initial apicid	: 1
fpu		: yes
fpu_exception	: yes
cpuid level	: 13
wp		: yes
flags		: fpu vme de pse tsc msr pae mce cx8 apic sep mtrr pge mca cmov pat pse36 clflush dts acpi mmx fxsr sse sse2 ss ht tm pbe syscall nx pdpe1gb rdtscp lm constant_tsc arch_perfmon pebs bts rep_good nopl xtopology nonstop_tsc aperfmperf eagerfpu pni pclmulqdq dtes64 monitor ds_cpl vmx smx est tm2 ssse3 fma cx16 xtpr pdcm pcid sse4_1 sse4_2 x2apic movbe popcnt tsc_deadline_timer aes xsave avx f16c rdrand lahf_lm abm ida arat epb xsaveopt pln pts dtherm tpr_shadow vnmi flexpriority ept vpid fsgsbase tsc_adjust bmi1 avx2 smep bmi2 erms invpcid
bogomips	: 7183.73
clflush size	: 64
cache_alignment	: 64
address sizes	: 39 bits physical, 48 bits virtual
power management:

processor	: 5
vendor_id	: GenuineIntel
cpu family	: 6
model		: 60
model name	: Intel(R) Core(TM) i7-4790 CPU @ 3.60GHz
stepping	: 3
microcode	: 0x1c
cpu MHz		: 3601.000
cache size	: 8192 KB
physical id	: 0
siblings	: 8
core id		: 1
cpu cores	: 4
apicid		: 3
initial apicid	: 3
fpu		: yes
fpu_exception	: yes
cpuid level	: 13
wp		: yes
flags		: fpu vme de pse tsc msr pae mce cx8 apic sep mtrr pge mca cmov pat pse36 clflush dts acpi mmx fxsr sse sse2 ss ht tm pbe syscall nx pdpe1gb rdtscp lm constant_tsc arch_perfmon pebs bts rep_good nopl xtopology nonstop_tsc aperfmperf eagerfpu pni pclmulqdq dtes64 monitor ds_cpl vmx smx est tm2 ssse3 fma cx16 xtpr pdcm pcid sse4_1 sse4_2 x2apic movbe popcnt tsc_deadline_timer aes xsave avx f16c rdrand lahf_lm abm ida arat epb xsaveopt pln pts dtherm tpr_shadow vnmi flexpriority ept vpid fsgsbase tsc_adjust bmi1 avx2 smep bmi2 erms invpcid
bogomips	: 7183.73
clflush size	: 64
cache_alignment	: 64
address sizes	: 39 bits physical, 48 bits virtual
power management:

processor	: 6
vendor_id	: GenuineIntel
cpu family	: 6
model		: 60
model name	: Intel(R) Core(TM) i7-4790 CPU @ 3.60GHz
stepping	: 3
microcode	: 0x1c
cpu MHz		: 3601.000
cache size	: 8192 KB
physical id	: 0
siblings	: 8
core id		: 2
cpu cores	: 4
apicid		: 5
initial apicid	: 5
fpu		: yes
fpu_exception	: yes
cpuid level	: 13
wp		: yes
flags		: fpu vme de pse tsc msr pae mce cx8 apic sep mtrr pge mca cmov pat pse36 clflush dts acpi mmx fxsr sse sse2 ss ht tm pbe syscall nx pdpe1gb rdtscp lm constant_tsc arch_perfmon pebs bts rep_good nopl xtopology nonstop_tsc aperfmperf eagerfpu pni pclmulqdq dtes64 monitor ds_cpl vmx smx est tm2 ssse3 fma cx16 xtpr pdcm pcid sse4_1 sse4_2 x2apic movbe popcnt tsc_deadline_timer aes xsave avx f16c rdrand lahf_lm abm ida arat epb xsaveopt pln pts dtherm tpr_shadow vnmi flexpriority ept vpid fsgsbase tsc_adjust bmi1 avx2 smep bmi2 erms invpcid
bogomips	: 7183.73
clflush size	: 64
cache_alignment	: 64
address sizes	: 39 bits physical, 48 bits virtual
power management:

processor	: 7
vendor_id	: GenuineIntel
cpu family	: 6
model		: 60
model name	: Intel(R) Core(TM) i7-4790 CPU @ 3.60GHz
stepping	: 3
microcode	: 0x1c
cpu MHz		: 3601.000
cache size	: 8192 KB
physical id	: 0
siblings	: 8
core id		: 3
cpu cores	: 4
apicid		: 7
initial apicid	: 7
fpu		: yes
fpu_exception	: yes
cpuid level	: 13
wp		: yes
flags		: fpu vme de pse tsc msr pae mce cx8 apic sep mtrr pge mca cmov pat pse36 clflush dts acpi mmx fxsr sse sse2 ss ht tm pbe syscall nx pdpe1gb rdtscp lm constant_tsc arch_perfmon pebs bts rep_good nopl xtopology nonstop_tsc aperfmperf eagerfpu pni pclmulqdq dtes64 monitor ds_cpl vmx smx est tm2 ssse3 fma cx16 xtpr pdcm pcid sse4_1 sse4_2 x2apic movbe popcnt tsc_deadline_timer aes xsave avx f16c rdrand lahf_lm abm ida arat epb xsaveopt pln pts dtherm tpr_shadow vnmi flexpriority ept vpid fsgsbase tsc_adjust bmi1 avx2 smep bmi2 erms invpcid
bogomips	: 7183.73
clflush size	: 64
cache_alignment	: 64
address sizes	: 39 bits physical, 48 bits virtual
power management:



Memory: 4k page, physical 8130828k(170572k free), swap 0k(0k free)

vm_info: OpenJDK 64-Bit Server VM (25.112-b06) for linux-amd64 JRE (1.8.0_112-release-b06), built on Dec  6 2016 12:11:18 by "builder" with gcc 4.8.4

time: Tue Mar 28 14:28:52 2017
elapsed time: 3 seconds (0d 0h 0m 3s)

