#
# There is insufficient memory for the Java Runtime Environment to continue.
# Native memory allocation (mmap) failed to map 189792256 bytes for committing reserved memory.
# Possible reasons:
#   The system is out of physical RAM or swap space
#   In 32 bit mode, the process size limit was hit
# Possible solutions:
#   Reduce memory load on the system
#   Increase physical memory or swap space
#   Check if swap backing store is full
#   Use 64 bit Java on a 64 bit OS
#   Decrease Java heap size (-Xmx/-Xms)
#   Decrease number of Java threads
#   Decrease Java thread stack sizes (-Xss)
#   Set larger code cache with -XX:ReservedCodeCacheSize=
# This output file may be truncated or incomplete.
#
#  Out of Memory Error (os_linux.cpp:2627), pid=2763, tid=0x00007f363328f700
#
# JRE version: OpenJDK Runtime Environment (8.0_112-b06) (build 1.8.0_112-release-b06)
# Java VM: OpenJDK 64-Bit Server VM (25.112-b06 mixed mode linux-amd64 compressed oops)
# Failed to write core dump. Core dumps have been disabled. To enable core dumping, try "ulimit -c unlimited" before starting Java again
#

---------------  T H R E A D  ---------------

Current thread (0x00007f3658081000):  VMThread [stack: 0x00007f363318f000,0x00007f3633290000] [id=2790]

Stack: [0x00007f363318f000,0x00007f3633290000],  sp=0x00007f363328e460,  free space=1021k
Native frames: (J=compiled Java code, j=interpreted, Vv=VM code, C=native code)
V  [libjvm.so+0x9e465d]  VMError::report_and_die()+0x15d
V  [libjvm.so+0x4b6ada]  report_vm_out_of_memory(char const*, int, unsigned long, VMErrorType, char const*)+0x8a
V  [libjvm.so+0x84c860]  os::pd_commit_memory(char*, unsigned long, unsigned long, bool)+0xf0
V  [libjvm.so+0x84737f]  os::commit_memory(char*, unsigned long, unsigned long, bool)+0x1f
V  [libjvm.so+0x8bd3db]  PSVirtualSpace::expand_by(unsigned long)+0x5b
V  [libjvm.so+0x8be050]  PSYoungGen::resize_generation(unsigned long, unsigned long)+0xb0
V  [libjvm.so+0x8be36b]  PSYoungGen::resize(unsigned long, unsigned long)+0x1b
V  [libjvm.so+0x8baa5c]  PSScavenge::invoke_no_policy()+0xdac
V  [libjvm.so+0x8b4560]  PSParallelCompact::invoke(bool)+0x40
V  [libjvm.so+0x446d63]  CollectedHeap::collect_as_vm_thread(GCCause::Cause)+0x143
V  [libjvm.so+0x9e5a91]  VM_CollectForMetadataAllocation::doit()+0x141
V  [libjvm.so+0x9ea537]  VM_Operation::evaluate()+0x47
V  [libjvm.so+0x9e8ff8]  VMThread::evaluate_operation(VM_Operation*)+0x2c8
V  [libjvm.so+0x9e9479]  VMThread::loop()+0x219
V  [libjvm.so+0x9e98c2]  VMThread::run()+0x72
V  [libjvm.so+0x849c82]  java_start(Thread*)+0xf2

VM_Operation (0x00007f362bbfd3f0): CollectForMetadataAllocation, mode: safepoint, requested by thread 0x00007f35bc5a7000


---------------  P R O C E S S  ---------------

Java Threads: ( => current thread )
  0x00007f35bc5ad800 JavaThread "config-0-worker-7" daemon [_thread_blocked, id=2827, stack(0x00007f362adf8000,0x00007f362aff9000)]
  0x00007f35bc5ac800 JavaThread "config-0-worker-6" daemon [_thread_blocked, id=2826, stack(0x00007f362aff9000,0x00007f362b1fa000)]
  0x00007f35bc5ab800 JavaThread "config-0-worker-5" daemon [_thread_blocked, id=2825, stack(0x00007f362b1fa000,0x00007f362b3fb000)]
  0x00007f35bc5aa800 JavaThread "config-0-worker-4" daemon [_thread_blocked, id=2824, stack(0x00007f362b3fb000,0x00007f362b5fc000)]
  0x00007f35bc5a9000 JavaThread "config-0-worker-3" daemon [_thread_blocked, id=2823, stack(0x00007f362b5fc000,0x00007f362b7fd000)]
  0x00007f35bc5a8000 JavaThread "config-0-worker-2" daemon [_thread_blocked, id=2822, stack(0x00007f362b7fd000,0x00007f362b9fe000)]
  0x00007f35bc5a7000 JavaThread "config-0-worker-1" daemon [_thread_blocked, id=2821, stack(0x00007f362b9fe000,0x00007f362bbff000)]
  0x00007f35bc561000 JavaThread "config-0-worker-0" daemon [_thread_blocked, id=2820, stack(0x00007f362bbff000,0x00007f362be00000)]
  0x00007f3658498800 JavaThread "Jack reporter" [_thread_blocked, id=2806, stack(0x00007f36315a0000,0x00007f36316a1000)]
  0x00007f36580cc800 JavaThread "Service Thread" daemon [_thread_blocked, id=2801, stack(0x00007f3632174000,0x00007f3632275000)]
  0x00007f36580c9000 JavaThread "C1 CompilerThread3" daemon [_thread_blocked, id=2800, stack(0x00007f3632275000,0x00007f3632376000)]
  0x00007f36580c7000 JavaThread "C2 CompilerThread2" daemon [_thread_in_native, id=2799, stack(0x00007f3632376000,0x00007f3632477000)]
  0x00007f36580c5800 JavaThread "C2 CompilerThread1" daemon [_thread_blocked, id=2798, stack(0x00007f3632477000,0x00007f3632578000)]
  0x00007f36580c2800 JavaThread "C2 CompilerThread0" daemon [_thread_blocked, id=2797, stack(0x00007f3632578000,0x00007f3632679000)]
  0x00007f36580c1000 JavaThread "Signal Dispatcher" daemon [_thread_blocked, id=2796, stack(0x00007f3632679000,0x00007f363277a000)]
  0x00007f365808d800 JavaThread "Finalizer" daemon [_thread_blocked, id=2794, stack(0x00007f3632f8d000,0x00007f363308e000)]
  0x00007f3658089000 JavaThread "Reference Handler" daemon [_thread_blocked, id=2792, stack(0x00007f363308e000,0x00007f363318f000)]
  0x00007f365800b800 JavaThread "main" [_thread_blocked, id=2774, stack(0x00007f365e813000,0x00007f365e914000)]

Other Threads:
=>0x00007f3658081000 VMThread [stack: 0x00007f363318f000,0x00007f3633290000] [id=2790]
  0x00007f36580cf000 WatcherThread [stack: 0x00007f3632073000,0x00007f3632174000] [id=2805]

VM state:at safepoint (normal execution)

VM Mutex/Monitor currently owned by a thread:  ([mutex/lock_event])
[0x00007f3658007b80] Threads_lock - owner thread: 0x00007f3658081000
[0x00007f3658008080] Heap_lock - owner thread: 0x00007f35bc5a7000

Heap:
 PSYoungGen      total 136192K, used 5104K [0x00000000eab00000, 0x00000000f3500000, 0x0000000100000000)
  eden space 131072K, 0% used [0x00000000eab00000,0x00000000eab00000,0x00000000f2b00000)
  from space 5120K, 99% used [0x00000000f2b00000,0x00000000f2ffc070,0x00000000f3000000)
  to   space 5120K, 0% used [0x00000000f3000000,0x00000000f3000000,0x00000000f3500000)
 ParOldGen       total 86016K, used 64978K [0x00000000c0000000, 0x00000000c5400000, 0x00000000eab00000)
  object space 86016K, 75% used [0x00000000c0000000,0x00000000c3f74980,0x00000000c5400000)
 Metaspace       used 20975K, capacity 21088K, committed 21248K, reserved 1069056K
  class space    used 2482K, capacity 2509K, committed 2560K, reserved 1048576K

Card table byte_map: [0x00007f364840c000,0x00007f364860d000] byte_map_base: 0x00007f3647e0c000

Marking Bits: (ParMarkBitMap*) 0x00007f365dce3340
 Begin Bits: [0x00007f3645aae000, 0x00007f3646aae000)
 End Bits:   [0x00007f3646aae000, 0x00007f3647aae000)

Polling page: 0x00007f365e932000

CodeCache: size=245760Kb used=11417Kb max_used=11417Kb free=234342Kb
 bounds [0x00007f36489cd000, 0x00007f364950d000, 0x00007f36579cd000]
 total_blobs=3537 nmethods=3177 adapters=270
 compilation: enabled

Compilation events (10 events):
Event: 2.282 Thread 0x00007f36580c9000 nmethod 3198 0x00007f36494f8210 code [0x00007f36494f8460, 0x00007f36494f9458]
Event: 2.282 Thread 0x00007f36580c9000 3199       3       com.android.sched.scheduler.MultiWorkersScheduleInstance$Task::enqueue (32 bytes)
Event: 2.282 Thread 0x00007f36580c9000 nmethod 3199 0x00007f36494f9990 code [0x00007f36494f9b00, 0x00007f36494f9d28]
Event: 2.282 Thread 0x00007f36580c9000 3202       3       com.android.jack.scheduling.filter.SourceTypeFilter::accept (9 bytes)
Event: 2.282 Thread 0x00007f36580c9000 nmethod 3202 0x00007f36494f9dd0 code [0x00007f36494f9f60, 0x00007f36494fa3f0]
Event: 2.282 Thread 0x00007f36580c9000 3203       3       com.android.jack.scheduling.filter.SourceTypeFilter::accept (16 bytes)
Event: 2.283 Thread 0x00007f36580c9000 nmethod 3203 0x00007f36494fa510 code [0x00007f36494fa680, 0x00007f36494fa9b0]
Event: 2.283 Thread 0x00007f36580c9000 3191       3       com.android.sched.util.log.DummyTracer::open (6 bytes)
Event: 2.283 Thread 0x00007f36580c9000 nmethod 3191 0x00007f36494fbf50 code [0x00007f36494fc0c0, 0x00007f36494fc2f0]
Event: 2.283 Thread 0x00007f36580c9000 3192       3       com.android.sched.util.log.DummyTracer::open (29 bytes)

GC Heap History (9 events):
Event: 0.442 GC heap before
{Heap before GC invocations=1 (full 0):
 PSYoungGen      total 37888K, used 32768K [0x00000000eab00000, 0x00000000ed500000, 0x0000000100000000)
  eden space 32768K, 100% used [0x00000000eab00000,0x00000000ecb00000,0x00000000ecb00000)
  from space 5120K, 0% used [0x00000000ed000000,0x00000000ed000000,0x00000000ed500000)
  to   space 5120K, 0% used [0x00000000ecb00000,0x00000000ecb00000,0x00000000ed000000)
 ParOldGen       total 86016K, used 0K [0x00000000c0000000, 0x00000000c5400000, 0x00000000eab00000)
  object space 86016K, 0% used [0x00000000c0000000,0x00000000c0000000,0x00000000c5400000)
 Metaspace       used 9294K, capacity 9460K, committed 9728K, reserved 1058816K
  class space    used 1185K, capacity 1211K, committed 1280K, reserved 1048576K
Event: 0.448 GC heap after
Heap after GC invocations=1 (full 0):
 PSYoungGen      total 37888K, used 5104K [0x00000000eab00000, 0x00000000ef500000, 0x0000000100000000)
  eden space 32768K, 0% used [0x00000000eab00000,0x00000000eab00000,0x00000000ecb00000)
  from space 5120K, 99% used [0x00000000ecb00000,0x00000000ecffc050,0x00000000ed000000)
  to   space 5120K, 0% used [0x00000000ef000000,0x00000000ef000000,0x00000000ef500000)
 ParOldGen       total 86016K, used 3979K [0x00000000c0000000, 0x00000000c5400000, 0x00000000eab00000)
  object space 86016K, 4% used [0x00000000c0000000,0x00000000c03e2cc8,0x00000000c5400000)
 Metaspace       used 9294K, capacity 9460K, committed 9728K, reserved 1058816K
  class space    used 1185K, capacity 1211K, committed 1280K, reserved 1048576K
}
Event: 0.559 GC heap before
{Heap before GC invocations=2 (full 0):
 PSYoungGen      total 37888K, used 37872K [0x00000000eab00000, 0x00000000ef500000, 0x0000000100000000)
  eden space 32768K, 100% used [0x00000000eab00000,0x00000000ecb00000,0x00000000ecb00000)
  from space 5120K, 99% used [0x00000000ecb00000,0x00000000ecffc050,0x00000000ed000000)
  to   space 5120K, 0% used [0x00000000ef000000,0x00000000ef000000,0x00000000ef500000)
 ParOldGen       total 86016K, used 3979K [0x00000000c0000000, 0x00000000c5400000, 0x00000000eab00000)
  object space 86016K, 4% used [0x00000000c0000000,0x00000000c03e2cc8,0x00000000c5400000)
 Metaspace       used 11715K, capacity 11866K, committed 12032K, reserved 1060864K
  class space    used 1460K, capacity 1500K, committed 1536K, reserved 1048576K
Event: 0.585 GC heap after
Heap after GC invocations=2 (full 0):
 PSYoungGen      total 70656K, used 5098K [0x00000000eab00000, 0x00000000ef500000, 0x0000000100000000)
  eden space 65536K, 0% used [0x00000000eab00000,0x00000000eab00000,0x00000000eeb00000)
  from space 5120K, 99% used [0x00000000ef000000,0x00000000ef4fa9c8,0x00000000ef500000)
  to   space 5120K, 0% used [0x00000000eeb00000,0x00000000eeb00000,0x00000000ef000000)
 ParOldGen       total 86016K, used 12916K [0x00000000c0000000, 0x00000000c5400000, 0x00000000eab00000)
  object space 86016K, 15% used [0x00000000c0000000,0x00000000c0c9d080,0x00000000c5400000)
 Metaspace       used 11715K, capacity 11866K, committed 12032K, reserved 1060864K
  class space    used 1460K, capacity 1500K, committed 1536K, reserved 1048576K
}
Event: 1.176 GC heap before
{Heap before GC invocations=3 (full 0):
 PSYoungGen      total 70656K, used 70634K [0x00000000eab00000, 0x00000000ef500000, 0x0000000100000000)
  eden space 65536K, 100% used [0x00000000eab00000,0x00000000eeb00000,0x00000000eeb00000)
  from space 5120K, 99% used [0x00000000ef000000,0x00000000ef4fa9c8,0x00000000ef500000)
  to   space 5120K, 0% used [0x00000000eeb00000,0x00000000eeb00000,0x00000000ef000000)
 ParOldGen       total 86016K, used 12916K [0x00000000c0000000, 0x00000000c5400000, 0x00000000eab00000)
  object space 86016K, 15% used [0x00000000c0000000,0x00000000c0c9d080,0x00000000c5400000)
 Metaspace       used 16983K, capacity 17152K, committed 17408K, reserved 1064960K
  class space    used 2006K, capacity 2045K, committed 2048K, reserved 1048576K
Event: 1.193 GC heap after
Heap after GC invocations=3 (full 0):
 PSYoungGen      total 70656K, used 5103K [0x00000000eab00000, 0x00000000f3500000, 0x0000000100000000)
  eden space 65536K, 0% used [0x00000000eab00000,0x00000000eab00000,0x00000000eeb00000)
  from space 5120K, 99% used [0x00000000eeb00000,0x00000000eeffbd00,0x00000000ef000000)
  to   space 5120K, 0% used [0x00000000f3000000,0x00000000f3000000,0x00000000f3500000)
 ParOldGen       total 86016K, used 25721K [0x00000000c0000000, 0x00000000c5400000, 0x00000000eab00000)
  object space 86016K, 29% used [0x00000000c0000000,0x00000000c191e598,0x00000000c5400000)
 Metaspace       used 16983K, capacity 17152K, committed 17408K, reserved 1064960K
  class space    used 2006K, capacity 2045K, committed 2048K, reserved 1048576K
}
Event: 1.537 GC heap before
{Heap before GC invocations=4 (full 0):
 PSYoungGen      total 70656K, used 70639K [0x00000000eab00000, 0x00000000f3500000, 0x0000000100000000)
  eden space 65536K, 100% used [0x00000000eab00000,0x00000000eeb00000,0x00000000eeb00000)
  from space 5120K, 99% used [0x00000000eeb00000,0x00000000eeffbd00,0x00000000ef000000)
  to   space 5120K, 0% used [0x00000000f3000000,0x00000000f3000000,0x00000000f3500000)
 ParOldGen       total 86016K, used 25721K [0x00000000c0000000, 0x00000000c5400000, 0x00000000eab00000)
  object space 86016K, 29% used [0x00000000c0000000,0x00000000c191e598,0x00000000c5400000)
 Metaspace       used 18027K, capacity 18144K, committed 18304K, reserved 1064960K
  class space    used 2087K, capacity 2141K, committed 2176K, reserved 1048576K
Event: 1.557 GC heap after
Heap after GC invocations=4 (full 0):
 PSYoungGen      total 136192K, used 5104K [0x00000000eab00000, 0x00000000f3500000, 0x0000000100000000)
  eden space 131072K, 0% used [0x00000000eab00000,0x00000000eab00000,0x00000000f2b00000)
  from space 5120K, 99% used [0x00000000f3000000,0x00000000f34fc060,0x00000000f3500000)
  to   space 5120K, 0% used [0x00000000f2b00000,0x00000000f2b00000,0x00000000f3000000)
 ParOldGen       total 86016K, used 38282K [0x00000000c0000000, 0x00000000c5400000, 0x00000000eab00000)
  object space 86016K, 44% used [0x00000000c0000000,0x00000000c2562908,0x00000000c5400000)
 Metaspace       used 18027K, capacity 18144K, committed 18304K, reserved 1064960K
  class space    used 2087K, capacity 2141K, committed 2176K, reserved 1048576K
}
Event: 2.283 GC heap before
{Heap before GC invocations=5 (full 0):
 PSYoungGen      total 136192K, used 128616K [0x00000000eab00000, 0x00000000f3500000, 0x0000000100000000)
  eden space 131072K, 94% used [0x00000000eab00000,0x00000000f239e380,0x00000000f2b00000)
  from space 5120K, 99% used [0x00000000f3000000,0x00000000f34fc060,0x00000000f3500000)
  to   space 5120K, 0% used [0x00000000f2b00000,0x00000000f2b00000,0x00000000f3000000)
 ParOldGen       total 86016K, used 38282K [0x00000000c0000000, 0x00000000c5400000, 0x00000000eab00000)
  object space 86016K, 44% used [0x00000000c0000000,0x00000000c2562908,0x00000000c5400000)
 Metaspace       used 20975K, capacity 21088K, committed 21248K, reserved 1069056K
  class space    used 2482K, capacity 2509K, committed 2560K, reserved 1048576K

Deoptimization events (10 events):
Event: 1.857 Thread 0x00007f36587c3000 Uncommon trap: reason=bimorphic action=maybe_recompile pc=0x00007f3648c270dc method=java.util.HashMap.putVal(ILjava/lang/Object;Ljava/lang/Object;ZZ)Ljava/lang/Object; @ 203
Event: 1.857 Thread 0x00007f36587c3000 Uncommon trap: reason=unstable_if action=reinterpret pc=0x00007f3648f7ce98 method=com.android.jack.ir.ast.JVisitor.accept(Ljava/util/Collection;)V @ 13
Event: 1.862 Thread 0x00007f36587c3000 Uncommon trap: reason=unstable_if action=reinterpret pc=0x00007f364924bec0 method=com.android.jack.eclipse.jdt.internal.compiler.lookup.SourceTypeBinding.resolveTypeFor(Lcom/android/jack/eclipse/jdt/internal/compiler/lookup/FieldBinding;)Lcom/android/jack
Event: 1.873 Thread 0x00007f36587c3000 Uncommon trap: reason=unstable_if action=reinterpret pc=0x00007f364907eff8 method=com.android.jack.eclipse.jdt.internal.compiler.lookup.SourceTypeBinding.resolveTypeFor(Lcom/android/jack/eclipse/jdt/internal/compiler/lookup/FieldBinding;)Lcom/android/jack
Event: 1.897 Thread 0x00007f36587c3000 Uncommon trap: reason=bimorphic action=maybe_recompile pc=0x00007f3648c270dc method=java.util.HashMap.putVal(ILjava/lang/Object;Ljava/lang/Object;ZZ)Ljava/lang/Object; @ 203
Event: 1.899 Thread 0x00007f36587c3000 Uncommon trap: reason=unstable_if action=reinterpret pc=0x00007f36493c9374 method=com.android.jack.eclipse.jdt.internal.compiler.parser.Scanner.getNextToken0()I @ 924
Event: 1.929 Thread 0x00007f36587c3000 Uncommon trap: reason=unstable_if action=reinterpret pc=0x00007f3648df7ca4 method=com.android.jack.eclipse.jdt.internal.compiler.ast.NumberLiteral.removePrefixZerosAndUnderscores([CZ)[C @ 40
Event: 2.032 Thread 0x00007f365800b800 Uncommon trap: reason=bimorphic action=maybe_recompile pc=0x00007f3648c301b8 method=java.util.HashMap.putVal(ILjava/lang/Object;Ljava/lang/Object;ZZ)Ljava/lang/Object; @ 203
Event: 2.263 Thread 0x00007f365800b800 Uncommon trap: reason=unstable_if action=reinterpret pc=0x00007f36494e4ffc method=java.util.concurrent.ConcurrentHashMap$Traverser.advance()Ljava/util/concurrent/ConcurrentHashMap$Node; @ 33
Event: 2.264 Thread 0x00007f365800b800 Uncommon trap: reason=unstable_if action=reinterpret pc=0x00007f36494e5544 method=java.util.concurrent.ConcurrentHashMap$Traverser.advance()Ljava/util/concurrent/ConcurrentHashMap$Node; @ 33

Internal exceptions (10 events):
Event: 0.847 Thread 0x00007f365800b800 Exception <a 'java/lang/ArrayIndexOutOfBoundsException': 8547> (0x00000000ec4f4a48) thrown at [/ssd/Android/AOSP-openjdk/external/jetbrains/jdk/hotspot/src/share/vm/interpreter/interpreterRuntime.cpp, line 366]
Event: 0.847 Thread 0x00007f365800b800 Exception <a 'java/lang/ArrayIndexOutOfBoundsException': 244> (0x00000000ec4f6688) thrown at [/ssd/Android/AOSP-openjdk/external/jetbrains/jdk/hotspot/src/share/vm/interpreter/interpreterRuntime.cpp, line 366]
Event: 0.848 Thread 0x00007f365800b800 Exception <a 'java/lang/ArrayIndexOutOfBoundsException': 242> (0x00000000ec4fbf80) thrown at [/ssd/Android/AOSP-openjdk/external/jetbrains/jdk/hotspot/src/share/vm/interpreter/interpreterRuntime.cpp, line 366]
Event: 0.852 Thread 0x00007f365800b800 Exception <a 'java/lang/ArrayIndexOutOfBoundsException': 32469> (0x00000000ec526658) thrown at [/ssd/Android/AOSP-openjdk/external/jetbrains/jdk/hotspot/src/share/vm/interpreter/interpreterRuntime.cpp, line 366]
Event: 0.853 Thread 0x00007f365800b800 Exception <a 'java/lang/ArrayIndexOutOfBoundsException': 4280> (0x00000000ec52c4b8) thrown at [/ssd/Android/AOSP-openjdk/external/jetbrains/jdk/hotspot/src/share/vm/interpreter/interpreterRuntime.cpp, line 366]
Event: 0.855 Thread 0x00007f365800b800 Exception <a 'java/lang/ArrayIndexOutOfBoundsException': 24861> (0x00000000ec531720) thrown at [/ssd/Android/AOSP-openjdk/external/jetbrains/jdk/hotspot/src/share/vm/interpreter/interpreterRuntime.cpp, line 366]
Event: 0.855 Thread 0x00007f365800b800 Exception <a 'java/lang/ArrayIndexOutOfBoundsException': 247> (0x00000000ec534108) thrown at [/ssd/Android/AOSP-openjdk/external/jetbrains/jdk/hotspot/src/share/vm/interpreter/interpreterRuntime.cpp, line 366]
Event: 0.856 Thread 0x00007f365800b800 Exception <a 'java/lang/ArrayIndexOutOfBoundsException': 2158> (0x00000000ec53a328) thrown at [/ssd/Android/AOSP-openjdk/external/jetbrains/jdk/hotspot/src/share/vm/interpreter/interpreterRuntime.cpp, line 366]
Event: 0.856 Thread 0x00007f365800b800 Exception <a 'java/lang/ArrayIndexOutOfBoundsException': 4248> (0x00000000ec53e4a0) thrown at [/ssd/Android/AOSP-openjdk/external/jetbrains/jdk/hotspot/src/share/vm/interpreter/interpreterRuntime.cpp, line 366]
Event: 1.862 Thread 0x00007f36587c3000 Implicit null exception at 0x00007f364924b65e to 0x00007f364924be99

Events (10 events):
Event: 2.279 loading class com/android/jack/ir/impl/BaseGenerationVisitor done
Event: 2.280 loading class com/android/jack/ir/impl/TextOutputVisitor
Event: 2.280 loading class com/android/jack/ir/impl/TextOutputVisitor done
Event: 2.281 Thread 0x00007f35bc5ac800 Thread added: 0x00007f35bc5ac800
Event: 2.281 Executing VM operation: Deoptimize
Event: 2.281 Executing VM operation: Deoptimize done
Event: 2.281 Thread 0x00007f35bc5ad800 Thread added: 0x00007f35bc5ad800
Event: 2.283 loading class com/android/jack/digest/DigestOutput
Event: 2.283 loading class com/android/jack/digest/DigestOutput done
Event: 2.283 Executing VM operation: CollectForMetadataAllocation


Dynamic libraries:
00400000-00401000 r-xp 00000000 08:05 1580616                            /home/mustafa/work/tools/android-studio/jre/bin/java
00600000-00601000 r--p 00000000 08:05 1580616                            /home/mustafa/work/tools/android-studio/jre/bin/java
00601000-00602000 rw-p 00001000 08:05 1580616                            /home/mustafa/work/tools/android-studio/jre/bin/java
00a34000-00a55000 rw-p 00000000 00:00 0                                  [heap]
c0000000-c5400000 rw-p 00000000 00:00 0 
c5400000-eab00000 ---p 00000000 00:00 0 
eab00000-f3500000 rw-p 00000000 00:00 0 
fea00000-100000000 ---p 00000000 00:00 0 
100000000-100280000 rw-p 00000000 00:00 0 
100280000-140000000 ---p 00000000 00:00 0 
7f35bc000000-7f35bc5af000 rw-p 00000000 00:00 0 
7f35bc5af000-7f35c0000000 ---p 00000000 00:00 0 
7f35c4000000-7f35c4021000 rw-p 00000000 00:00 0 
7f35c4021000-7f35c8000000 ---p 00000000 00:00 0 
7f35c8000000-7f35c8021000 rw-p 00000000 00:00 0 
7f35c8021000-7f35cc000000 ---p 00000000 00:00 0 
7f35cc000000-7f35cc021000 rw-p 00000000 00:00 0 
7f35cc021000-7f35d0000000 ---p 00000000 00:00 0 
7f35d0000000-7f35d0021000 rw-p 00000000 00:00 0 
7f35d0021000-7f35d4000000 ---p 00000000 00:00 0 
7f35d4000000-7f35d600a000 rw-p 00000000 00:00 0 
7f35d600a000-7f35d8000000 ---p 00000000 00:00 0 
7f35d8000000-7f35d8021000 rw-p 00000000 00:00 0 
7f35d8021000-7f35dc000000 ---p 00000000 00:00 0 
7f35dc000000-7f35dc021000 rw-p 00000000 00:00 0 
7f35dc021000-7f35e0000000 ---p 00000000 00:00 0 
7f35e0000000-7f35e0021000 rw-p 00000000 00:00 0 
7f35e0021000-7f35e4000000 ---p 00000000 00:00 0 
7f35e4000000-7f35e4021000 rw-p 00000000 00:00 0 
7f35e4021000-7f35e8000000 ---p 00000000 00:00 0 
7f35e8000000-7f35e8021000 rw-p 00000000 00:00 0 
7f35e8021000-7f35ec000000 ---p 00000000 00:00 0 
7f35ec000000-7f35ec021000 rw-p 00000000 00:00 0 
7f35ec021000-7f35f0000000 ---p 00000000 00:00 0 
7f35f0000000-7f35f0021000 rw-p 00000000 00:00 0 
7f35f0021000-7f35f4000000 ---p 00000000 00:00 0 
7f35f4000000-7f35f4d33000 rw-p 00000000 00:00 0 
7f35f4d33000-7f35f8000000 ---p 00000000 00:00 0 
7f35f8000000-7f35f930f000 rw-p 00000000 00:00 0 
7f35f930f000-7f35fc000000 ---p 00000000 00:00 0 
7f35fc000000-7f35fe092000 rw-p 00000000 00:00 0 
7f35fe092000-7f3600000000 ---p 00000000 00:00 0 
7f3600000000-7f3600fdc000 rw-p 00000000 00:00 0 
7f3600fdc000-7f3604000000 ---p 00000000 00:00 0 
7f3604000000-7f3604021000 rw-p 00000000 00:00 0 
7f3604021000-7f3608000000 ---p 00000000 00:00 0 
7f3608000000-7f3608021000 rw-p 00000000 00:00 0 
7f3608021000-7f360c000000 ---p 00000000 00:00 0 
7f360c000000-7f360c27d000 rw-p 00000000 00:00 0 
7f360c27d000-7f3610000000 ---p 00000000 00:00 0 
7f3610000000-7f3610021000 rw-p 00000000 00:00 0 
7f3610021000-7f3614000000 ---p 00000000 00:00 0 
7f3614000000-7f3614021000 rw-p 00000000 00:00 0 
7f3614021000-7f3618000000 ---p 00000000 00:00 0 
7f361c000000-7f361c021000 rw-p 00000000 00:00 0 
7f361c021000-7f3620000000 ---p 00000000 00:00 0 
7f3624000000-7f3624021000 rw-p 00000000 00:00 0 
7f3624021000-7f3628000000 ---p 00000000 00:00 0 
7f362adf8000-7f362adfb000 ---p 00000000 00:00 0 
7f362adfb000-7f362aff9000 rw-p 00000000 00:00 0                          [stack:2827]
7f362aff9000-7f362affc000 ---p 00000000 00:00 0 
7f362affc000-7f362b1fa000 rw-p 00000000 00:00 0                          [stack:2826]
7f362b1fa000-7f362b1fd000 ---p 00000000 00:00 0 
7f362b1fd000-7f362b3fb000 rw-p 00000000 00:00 0                          [stack:2825]
7f362b3fb000-7f362b3fe000 ---p 00000000 00:00 0 
7f362b3fe000-7f362b5fc000 rw-p 00000000 00:00 0                          [stack:2824]
7f362b5fc000-7f362b5ff000 ---p 00000000 00:00 0 
7f362b5ff000-7f362b7fd000 rw-p 00000000 00:00 0                          [stack:2823]
7f362b7fd000-7f362b800000 ---p 00000000 00:00 0 
7f362b800000-7f362b9fe000 rw-p 00000000 00:00 0                          [stack:2822]
7f362b9fe000-7f362ba01000 ---p 00000000 00:00 0 
7f362ba01000-7f362bbff000 rw-p 00000000 00:00 0                          [stack:2821]
7f362bbff000-7f362bc02000 ---p 00000000 00:00 0 
7f362bc02000-7f362be40000 rw-p 00000000 00:00 0                          [stack:2820]
7f362be40000-7f362c000000 ---p 00000000 00:00 0 
7f362c000000-7f362c021000 rw-p 00000000 00:00 0 
7f362c021000-7f3630000000 ---p 00000000 00:00 0 
7f3630497000-7f3630697000 rw-p 00000000 00:00 0 
7f3630697000-7f3630897000 rw-p 00000000 00:00 0 
7f3630897000-7f363089a000 ---p 00000000 00:00 0 
7f363089a000-7f3630998000 rw-p 00000000 00:00 0 
7f3630998000-7f363099b000 ---p 00000000 00:00 0 
7f363099b000-7f3630a99000 rw-p 00000000 00:00 0 
7f3630a99000-7f3630a9c000 ---p 00000000 00:00 0 
7f3630a9c000-7f3630b9a000 rw-p 00000000 00:00 0 
7f3630b9a000-7f3630b9d000 ---p 00000000 00:00 0 
7f3630b9d000-7f3630c9b000 rw-p 00000000 00:00 0 
7f3630c9b000-7f3630c9e000 ---p 00000000 00:00 0 
7f3630c9e000-7f3630d9c000 rw-p 00000000 00:00 0 
7f3630d9c000-7f3630d9f000 ---p 00000000 00:00 0 
7f3630d9f000-7f3630e9d000 rw-p 00000000 00:00 0 
7f3630e9d000-7f3630ea0000 ---p 00000000 00:00 0 
7f3630ea0000-7f3630f9e000 rw-p 00000000 00:00 0 
7f3630f9e000-7f3630fa1000 ---p 00000000 00:00 0 
7f3630fa1000-7f363109f000 rw-p 00000000 00:00 0 
7f363109f000-7f36310a2000 ---p 00000000 00:00 0 
7f36310a2000-7f36313a0000 rw-p 00000000 00:00 0 
7f36313a0000-7f36315a0000 rw-p 00000000 00:00 0 
7f36315a0000-7f36315a3000 ---p 00000000 00:00 0 
7f36315a3000-7f36316a1000 rw-p 00000000 00:00 0                          [stack:2806]
7f36316a1000-7f36316ac000 r--s 0006e000 08:05 936226                     /home/mustafa/work/apps/ringdroid/app/build/intermediates/transforms/preJackRuntimeLibraries/debug/jars/8000/40/org.apache.http.legacy-ab9308e21bd6734b618c2803ec8f19ce48961397.jar
7f36316ac000-7f3631703000 r--s 00540000 08:05 936225                     /home/mustafa/work/apps/ringdroid/app/build/intermediates/transforms/preJackRuntimeLibraries/debug/jars/8000/40/android-60a6732893213a84eafbee97271077d9c958254c.jar
7f3631703000-7f3631725000 r--s 001c9000 08:05 936205                     /home/mustafa/work/apps/ringdroid/app/build/intermediates/transforms/preJackPackagedLibraries/debug/jars/8000/1f/classes-8e2c9f4144f1db6d866d9ae06627e068f687b286.jar
7f3631725000-7f3631739000 r--s 0020a000 08:05 936204                     /home/mustafa/work/apps/ringdroid/app/build/intermediates/transforms/preJackPackagedLibraries/debug/jars/8000/1f/classes-0629759d2bf7d207db07edb499455341ef86d2d2.jar
7f3631739000-7f3631939000 rw-p 00000000 00:00 0 
7f3631939000-7f3631942000 r-xp 00000000 08:05 1580711                    /home/mustafa/work/tools/android-studio/jre/jre/lib/amd64/libmanagement.so
7f3631942000-7f3631b41000 ---p 00009000 08:05 1580711                    /home/mustafa/work/tools/android-studio/jre/jre/lib/amd64/libmanagement.so
7f3631b41000-7f3631b42000 r--p 00008000 08:05 1580711                    /home/mustafa/work/tools/android-studio/jre/jre/lib/amd64/libmanagement.so
7f3631b42000-7f3631b43000 rw-p 00009000 08:05 1580711                    /home/mustafa/work/tools/android-studio/jre/jre/lib/amd64/libmanagement.so
7f3631b43000-7f3631b59000 r-xp 00000000 08:05 2363341                    /lib/x86_64-linux-gnu/libgcc_s.so.1
7f3631b59000-7f3631d58000 ---p 00016000 08:05 2363341                    /lib/x86_64-linux-gnu/libgcc_s.so.1
7f3631d58000-7f3631d59000 rw-p 00015000 08:05 2363341                    /lib/x86_64-linux-gnu/libgcc_s.so.1
7f3631d59000-7f3631d8f000 r-xp 00000000 08:05 1580715                    /home/mustafa/work/tools/android-studio/jre/jre/lib/amd64/libsunec.so
7f3631d8f000-7f3631f8e000 ---p 00036000 08:05 1580715                    /home/mustafa/work/tools/android-studio/jre/jre/lib/amd64/libsunec.so
7f3631f8e000-7f3631f93000 r--p 00035000 08:05 1580715                    /home/mustafa/work/tools/android-studio/jre/jre/lib/amd64/libsunec.so
7f3631f93000-7f3631f95000 rw-p 0003a000 08:05 1580715                    /home/mustafa/work/tools/android-studio/jre/jre/lib/amd64/libsunec.so
7f3631f95000-7f3631fa6000 rw-p 00000000 00:00 0 
7f3631fa6000-7f3632073000 r--s 00aca000 08:05 3696278                    /home/mustafa/Android/Sdk/build-tools/25.0.0/jack.jar
7f3632073000-7f3632074000 ---p 00000000 00:00 0 
7f3632074000-7f3632174000 rw-p 00000000 00:00 0                          [stack:2805]
7f3632174000-7f3632177000 ---p 00000000 00:00 0 
7f3632177000-7f3632275000 rw-p 00000000 00:00 0                          [stack:2801]
7f3632275000-7f3632278000 ---p 00000000 00:00 0 
7f3632278000-7f3632376000 rw-p 00000000 00:00 0                          [stack:2800]
7f3632376000-7f3632379000 ---p 00000000 00:00 0 
7f3632379000-7f3632477000 rw-p 00000000 00:00 0                          [stack:2799]
7f3632477000-7f363247a000 ---p 00000000 00:00 0 
7f363247a000-7f3632578000 rw-p 00000000 00:00 0                          [stack:2798]
7f3632578000-7f363257b000 ---p 00000000 00:00 0 
7f363257b000-7f3632679000 rw-p 00000000 00:00 0                          [stack:2797]
7f3632679000-7f363267c000 ---p 00000000 00:00 0 
7f363267c000-7f363277a000 rw-p 00000000 00:00 0                          [stack:2796]
7f363277a000-7f3632f8d000 r--p 00000000 08:05 2891582                    /usr/lib/locale/locale-archive
7f3632f8d000-7f3632f90000 ---p 00000000 00:00 0 
7f3632f90000-7f363308e000 rw-p 00000000 00:00 0                          [stack:2794]
7f363308e000-7f3633091000 ---p 00000000 00:00 0 
7f3633091000-7f363318f000 rw-p 00000000 00:00 0                          [stack:2792]
7f363318f000-7f3633190000 ---p 00000000 00:00 0 
7f3633190000-7f3634000000 rw-p 00000000 00:00 0                          [stack:2790]
7f3634000000-7f3634021000 rw-p 00000000 00:00 0 
7f3634021000-7f3638000000 ---p 00000000 00:00 0 
7f3638000000-7f3638021000 rw-p 00000000 00:00 0 
7f3638021000-7f363c000000 ---p 00000000 00:00 0 
7f363c000000-7f363c021000 rw-p 00000000 00:00 0 
7f363c021000-7f3640000000 ---p 00000000 00:00 0 
7f3640000000-7f3640021000 rw-p 00000000 00:00 0 
7f3640021000-7f3644000000 ---p 00000000 00:00 0 
7f3644004000-7f3644008000 r--s 0004b000 08:05 936209                     /home/mustafa/work/apps/ringdroid/app/build/intermediates/transforms/preJackPackagedLibraries/debug/jars/8000/1f/classes-3ac11d8bfea5ba0a0bd8e524854d3079fedcb088.jar
7f3644008000-7f3644018000 r--s 000de000 08:05 936206                     /home/mustafa/work/apps/ringdroid/app/build/intermediates/transforms/preJackPackagedLibraries/debug/jars/8000/1f/classes-3fb421b33ae0d8c30b34eef06a1aaf4cfd49b7f3.jar
7f3644018000-7f3644020000 r--s 000d5000 08:05 936210                     /home/mustafa/work/apps/ringdroid/app/build/intermediates/transforms/preJackPackagedLibraries/debug/jars/8000/1f/classes-75ea7071acd8800b94f55c24a9e15126e5d50fb7.jar
7f3644020000-7f3644edf000 rw-p 00000000 00:00 0 
7f3644edf000-7f36450ae000 r--s 03c1b000 08:05 1580675                    /home/mustafa/work/tools/android-studio/jre/jre/lib/rt.jar
7f36450ae000-7f3647aae000 rw-p 00000000 00:00 0 
7f3647aae000-7f3647aaf000 ---p 00000000 00:00 0 
7f3647aaf000-7f3647baf000 rw-p 00000000 00:00 0                          [stack:2788]
7f3647baf000-7f3647bb0000 ---p 00000000 00:00 0 
7f3647bb0000-7f3647cb0000 rw-p 00000000 00:00 0                          [stack:2786]
7f3647cb0000-7f3647cb1000 ---p 00000000 00:00 0 
7f3647cb1000-7f3647db1000 rw-p 00000000 00:00 0                          [stack:2783]
7f3647db1000-7f3647db2000 ---p 00000000 00:00 0 
7f3647db2000-7f3647eb2000 rw-p 00000000 00:00 0                          [stack:2782]
7f3647eb2000-7f3647eb3000 ---p 00000000 00:00 0 
7f3647eb3000-7f3647fb3000 rw-p 00000000 00:00 0                          [stack:2780]
7f3647fb3000-7f3647fb4000 ---p 00000000 00:00 0 
7f3647fb4000-7f36480b4000 rw-p 00000000 00:00 0                          [stack:2778]
7f36480b4000-7f36480b5000 ---p 00000000 00:00 0 
7f36480b5000-7f36481b5000 rw-p 00000000 00:00 0                          [stack:2776]
7f36481b5000-7f36481b6000 ---p 00000000 00:00 0 
7f36481b6000-7f36482e0000 rw-p 00000000 00:00 0                          [stack:2775]
7f36482e0000-7f364840c000 ---p 00000000 00:00 0 
7f364840c000-7f3648436000 rw-p 00000000 00:00 0 
7f3648436000-7f3648561000 ---p 00000000 00:00 0 
7f3648561000-7f36485a7000 rw-p 00000000 00:00 0 
7f36485a7000-7f364860c000 ---p 00000000 00:00 0 
7f364860c000-7f364863a000 rw-p 00000000 00:00 0 
7f364863a000-7f36489cd000 ---p 00000000 00:00 0 
7f36489cd000-7f364950d000 rwxp 00000000 00:00 0 
7f364950d000-7f36579cd000 ---p 00000000 00:00 0 
7f36579cd000-7f36579e7000 r-xp 00000000 08:05 1580692                    /home/mustafa/work/tools/android-studio/jre/jre/lib/amd64/libzip.so
7f36579e7000-7f3657be7000 ---p 0001a000 08:05 1580692                    /home/mustafa/work/tools/android-studio/jre/jre/lib/amd64/libzip.so
7f3657be7000-7f3657be8000 r--p 0001a000 08:05 1580692                    /home/mustafa/work/tools/android-studio/jre/jre/lib/amd64/libzip.so
7f3657be8000-7f3657be9000 rw-p 0001b000 08:05 1580692                    /home/mustafa/work/tools/android-studio/jre/jre/lib/amd64/libzip.so
7f3657be9000-7f3657bf3000 r-xp 00000000 08:05 2360515                    /lib/x86_64-linux-gnu/libnss_files-2.19.so
7f3657bf3000-7f3657df2000 ---p 0000a000 08:05 2360515                    /lib/x86_64-linux-gnu/libnss_files-2.19.so
7f3657df2000-7f3657df3000 r--p 00009000 08:05 2360515                    /lib/x86_64-linux-gnu/libnss_files-2.19.so
7f3657df3000-7f3657df4000 rw-p 0000a000 08:05 2360515                    /lib/x86_64-linux-gnu/libnss_files-2.19.so
7f3657df4000-7f3657dff000 r-xp 00000000 08:05 2359388                    /lib/x86_64-linux-gnu/libnss_nis-2.19.so
7f3657dff000-7f3657ffe000 ---p 0000b000 08:05 2359388                    /lib/x86_64-linux-gnu/libnss_nis-2.19.so
7f3657ffe000-7f3657fff000 r--p 0000a000 08:05 2359388                    /lib/x86_64-linux-gnu/libnss_nis-2.19.so
7f3657fff000-7f3658000000 rw-p 0000b000 08:05 2359388                    /lib/x86_64-linux-gnu/libnss_nis-2.19.so
7f3658000000-7f365bffd000 rw-p 00000000 00:00 0 
7f365bffd000-7f365c000000 ---p 00000000 00:00 0 
7f365c001000-7f365c006000 r--s 0008f000 08:05 936207                     /home/mustafa/work/apps/ringdroid/app/build/intermediates/transforms/preJackPackagedLibraries/debug/jars/8000/1f/classes-9b4ce8db62d83d5ebd40e563f32a165b2ad5aee1.jar
7f365c006000-7f365c00b000 r--s 0003b000 08:05 1580744                    /home/mustafa/work/tools/android-studio/jre/jre/lib/ext/sunjce_provider.jar
7f365c00b000-7f365c0a2000 rw-p 00000000 00:00 0 
7f365c0a2000-7f365c0b9000 r-xp 00000000 08:05 2360272                    /lib/x86_64-linux-gnu/libnsl-2.19.so
7f365c0b9000-7f365c2b8000 ---p 00017000 08:05 2360272                    /lib/x86_64-linux-gnu/libnsl-2.19.so
7f365c2b8000-7f365c2b9000 r--p 00016000 08:05 2360272                    /lib/x86_64-linux-gnu/libnsl-2.19.so
7f365c2b9000-7f365c2ba000 rw-p 00017000 08:05 2360272                    /lib/x86_64-linux-gnu/libnsl-2.19.so
7f365c2ba000-7f365c2bc000 rw-p 00000000 00:00 0 
7f365c2bc000-7f365c2c5000 r-xp 00000000 08:05 2359399                    /lib/x86_64-linux-gnu/libnss_compat-2.19.so
7f365c2c5000-7f365c4c4000 ---p 00009000 08:05 2359399                    /lib/x86_64-linux-gnu/libnss_compat-2.19.so
7f365c4c4000-7f365c4c5000 r--p 00008000 08:05 2359399                    /lib/x86_64-linux-gnu/libnss_compat-2.19.so
7f365c4c5000-7f365c4c6000 rw-p 00009000 08:05 2359399                    /lib/x86_64-linux-gnu/libnss_compat-2.19.so
7f365c4c6000-7f365c4f3000 r-xp 00000000 08:05 1580710                    /home/mustafa/work/tools/android-studio/jre/jre/lib/amd64/libjava.so
7f365c4f3000-7f365c6f2000 ---p 0002d000 08:05 1580710                    /home/mustafa/work/tools/android-studio/jre/jre/lib/amd64/libjava.so
7f365c6f2000-7f365c6f3000 r--p 0002c000 08:05 1580710                    /home/mustafa/work/tools/android-studio/jre/jre/lib/amd64/libjava.so
7f365c6f3000-7f365c6f5000 rw-p 0002d000 08:05 1580710                    /home/mustafa/work/tools/android-studio/jre/jre/lib/amd64/libjava.so
7f365c6f5000-7f365c705000 r-xp 00000000 08:05 1580681                    /home/mustafa/work/tools/android-studio/jre/jre/lib/amd64/libverify.so
7f365c705000-7f365c904000 ---p 00010000 08:05 1580681                    /home/mustafa/work/tools/android-studio/jre/jre/lib/amd64/libverify.so
7f365c904000-7f365c906000 r--p 0000f000 08:05 1580681                    /home/mustafa/work/tools/android-studio/jre/jre/lib/amd64/libverify.so
7f365c906000-7f365c907000 rw-p 00011000 08:05 1580681                    /home/mustafa/work/tools/android-studio/jre/jre/lib/amd64/libverify.so
7f365c907000-7f365c90e000 r-xp 00000000 08:05 2359326                    /lib/x86_64-linux-gnu/librt-2.19.so
7f365c90e000-7f365cb0d000 ---p 00007000 08:05 2359326                    /lib/x86_64-linux-gnu/librt-2.19.so
7f365cb0d000-7f365cb0e000 r--p 00006000 08:05 2359326                    /lib/x86_64-linux-gnu/librt-2.19.so
7f365cb0e000-7f365cb0f000 rw-p 00007000 08:05 2359326                    /lib/x86_64-linux-gnu/librt-2.19.so
7f365cb0f000-7f365cc14000 r-xp 00000000 08:05 2360276                    /lib/x86_64-linux-gnu/libm-2.19.so
7f365cc14000-7f365ce13000 ---p 00105000 08:05 2360276                    /lib/x86_64-linux-gnu/libm-2.19.so
7f365ce13000-7f365ce14000 r--p 00104000 08:05 2360276                    /lib/x86_64-linux-gnu/libm-2.19.so
7f365ce14000-7f365ce15000 rw-p 00105000 08:05 2360276                    /lib/x86_64-linux-gnu/libm-2.19.so
7f365ce15000-7f365da06000 r-xp 00000000 08:05 1580690                    /home/mustafa/work/tools/android-studio/jre/jre/lib/amd64/server/libjvm.so
7f365da06000-7f365dc06000 ---p 00bf1000 08:05 1580690                    /home/mustafa/work/tools/android-studio/jre/jre/lib/amd64/server/libjvm.so
7f365dc06000-7f365dca5000 r--p 00bf1000 08:05 1580690                    /home/mustafa/work/tools/android-studio/jre/jre/lib/amd64/server/libjvm.so
7f365dca5000-7f365dcce000 rw-p 00c90000 08:05 1580690                    /home/mustafa/work/tools/android-studio/jre/jre/lib/amd64/server/libjvm.so
7f365dcce000-7f365dd12000 rw-p 00000000 00:00 0 
7f365dd12000-7f365dd2b000 r-xp 00000000 08:05 2360519                    /lib/x86_64-linux-gnu/libpthread-2.19.so
7f365dd2b000-7f365df2a000 ---p 00019000 08:05 2360519                    /lib/x86_64-linux-gnu/libpthread-2.19.so
7f365df2a000-7f365df2b000 r--p 00018000 08:05 2360519                    /lib/x86_64-linux-gnu/libpthread-2.19.so
7f365df2b000-7f365df2c000 rw-p 00019000 08:05 2360519                    /lib/x86_64-linux-gnu/libpthread-2.19.so
7f365df2c000-7f365df30000 rw-p 00000000 00:00 0 
7f365df30000-7f365df33000 r-xp 00000000 08:05 2360517                    /lib/x86_64-linux-gnu/libdl-2.19.so
7f365df33000-7f365e132000 ---p 00003000 08:05 2360517                    /lib/x86_64-linux-gnu/libdl-2.19.so
7f365e132000-7f365e133000 r--p 00002000 08:05 2360517                    /lib/x86_64-linux-gnu/libdl-2.19.so
7f365e133000-7f365e134000 rw-p 00003000 08:05 2360517                    /lib/x86_64-linux-gnu/libdl-2.19.so
7f365e134000-7f365e2f2000 r-xp 00000000 08:05 2359397                    /lib/x86_64-linux-gnu/libc-2.19.so
7f365e2f2000-7f365e4f1000 ---p 001be000 08:05 2359397                    /lib/x86_64-linux-gnu/libc-2.19.so
7f365e4f1000-7f365e4f5000 r--p 001bd000 08:05 2359397                    /lib/x86_64-linux-gnu/libc-2.19.so
7f365e4f5000-7f365e4f7000 rw-p 001c1000 08:05 2359397                    /lib/x86_64-linux-gnu/libc-2.19.so
7f365e4f7000-7f365e4fc000 rw-p 00000000 00:00 0 
7f365e4fc000-7f365e512000 r-xp 00000000 08:05 1580632                    /home/mustafa/work/tools/android-studio/jre/lib/amd64/jli/libjli.so
7f365e512000-7f365e711000 ---p 00016000 08:05 1580632                    /home/mustafa/work/tools/android-studio/jre/lib/amd64/jli/libjli.so
7f365e711000-7f365e712000 r--p 00015000 08:05 1580632                    /home/mustafa/work/tools/android-studio/jre/lib/amd64/jli/libjli.so
7f365e712000-7f365e713000 rw-p 00016000 08:05 1580632                    /home/mustafa/work/tools/android-studio/jre/lib/amd64/jli/libjli.so
7f365e713000-7f365e736000 r-xp 00000000 08:05 2360513                    /lib/x86_64-linux-gnu/ld-2.19.so
7f365e736000-7f365e737000 rw-p 00000000 00:00 0 
7f365e737000-7f365e73a000 r--s 0000d000 08:05 936222                     /home/mustafa/work/apps/ringdroid/app/build/intermediates/transforms/preJackPackagedLibraries/debug/jars/8000/1f/support-annotations-26.0.0-alpha1-81535b28afa8bc53af082bfa24696f1a6d0888aa.jar
7f365e73a000-7f365e813000 rw-p 00000000 00:00 0 
7f365e813000-7f365e816000 ---p 00000000 00:00 0 
7f365e816000-7f365e918000 rw-p 00000000 00:00 0                          [stack:2774]
7f365e918000-7f365e919000 r--s 00001000 08:05 936212                     /home/mustafa/work/apps/ringdroid/app/build/intermediates/transforms/preJackPackagedLibraries/debug/jars/8000/1f/classes-39b2b7fb12f42635ecbf55516e7e3409516e1319.jar
7f365e919000-7f365e91a000 r--s 00009000 08:05 936224                     /home/mustafa/work/apps/ringdroid/app/build/intermediates/transforms/preJackPackagedLibraries/debug/jars/8000/1f/classes-44416e0ae53b27c675a9d3074aa8ad2194a34b79.jar
7f365e91a000-7f365e91c000 r--s 00022000 08:05 936220                     /home/mustafa/work/apps/ringdroid/app/build/intermediates/transforms/preJackPackagedLibraries/debug/jars/8000/1f/classes-8286af90831b750a989146b11cecfa2635e4e968.jar
7f365e91c000-7f365e91d000 r--s 00008000 08:05 1580742                    /home/mustafa/work/tools/android-studio/jre/jre/lib/ext/sunec.jar
7f365e91d000-7f365e921000 r--s 00037000 08:05 1580746                    /home/mustafa/work/tools/android-studio/jre/jre/lib/ext/sunpkcs11.jar
7f365e921000-7f365e924000 r--s 00015000 08:05 1580651                    /home/mustafa/work/tools/android-studio/jre/jre/lib/jce.jar
7f365e924000-7f365e929000 r--s 00098000 08:05 1580672                    /home/mustafa/work/tools/android-studio/jre/jre/lib/jsse.jar
7f365e929000-7f365e931000 rw-s 00000000 08:05 3696673                    /tmp/hsperfdata_mustafa/2763
7f365e931000-7f365e932000 rw-p 00000000 00:00 0 
7f365e932000-7f365e933000 ---p 00000000 00:00 0 
7f365e933000-7f365e935000 rw-p 00000000 00:00 0 
7f365e935000-7f365e936000 r--p 00022000 08:05 2360513                    /lib/x86_64-linux-gnu/ld-2.19.so
7f365e936000-7f365e937000 rw-p 00023000 08:05 2360513                    /lib/x86_64-linux-gnu/ld-2.19.so
7f365e937000-7f365e938000 rw-p 00000000 00:00 0 
7fffd4585000-7fffd45a7000 rw-p 00000000 00:00 0                          [stack]
7fffd45b9000-7fffd45bb000 r-xp 00000000 00:00 0                          [vdso]
ffffffffff600000-ffffffffff601000 r-xp 00000000 00:00 0                  [vsyscall]

VM Arguments:
jvm_args: -Djava.awt.headless=true -Xmx1024M -Dfile.encoding=UTF-8 -Duser.country=US -Duser.language=en -Duser.variant 
java_command: com.android.jack.Main -D jack.dex.optimize=true -D jack.reporter=sdk -D jack.dex.debug.vars=true --classpath /home/mustafa/work/apps/ringdroid/app/build/intermediates/transforms/preJackRuntimeLibraries/debug/jars/8000/40/android-60a6732893213a84eafbee97271077d9c958254c.jar:/home/mustafa/work/apps/ringdroid/app/build/intermediates/transforms/preJackRuntimeLibraries/debug/jars/8000/40/org.apache.http.legacy-ab9308e21bd6734b618c2803ec8f19ce48961397.jar --import /home/mustafa/work/apps/ringdroid/app/build/intermediates/transforms/preJackPackagedLibraries/debug/jars/8000/1f/classes-9b4ce8db62d83d5ebd40e563f32a165b2ad5aee1.jar --import /home/mustafa/work/apps/ringdroid/app/build/intermediates/transforms/preJackPackagedLibraries/debug/jars/8000/1f/classes-75ea7071acd8800b94f55c24a9e15126e5d50fb7.jar --import /home/mustafa/work/apps/ringdroid/app/build/intermediates/transforms/preJackPackagedLibraries/debug/jars/8000/1f/classes-8286af90831b750a989146b11cecfa2635e4e968.jar --import /home/mustafa/work/apps/ringdroid/app/build/intermediates/transforms/preJackPackagedLibraries/debug/jars/8000/1f/classes-3fb421b33ae0d8c30b34eef06a1aaf4cfd49b7f3.jar --import /home/mustafa/work/apps/ringdroid/app/build/intermediates/transforms/preJackPackagedLibraries/debug/jars/8000/1f/classes-44416e0ae53b27c675a9d3074aa8ad2194a34b79.jar --import /home/mustafa/work/apps/ringdroid/app/build/intermediates/transforms/preJackPackagedLibraries/debug/jars/8000/1f/support-annotations-26.0.0-alpha1-81535b28afa8bc53af082bfa24696f1a6d0888aa.jar --import /home/mustafa/work/apps/ringdroid/app/build/intermediates/transforms/preJackPackagedLibraries/debug/jars/8000/1f/classes-3ac11d8bfea5ba0a0bd8e524854d3079fedcb088.jar --import /home/mustafa/work/apps/ringdroid/app/build/intermediates/transforms/preJackPackagedLibraries/debug/jars/8000/1f/classes-0629759d2bf7d207db07edb499455341ef86d2d2.jar --import /home/mustafa/work/apps/ringdroid/app/build/intermediates/transforms/preJackPackagedLibraries/d
java_class_path (initial): /home/mustafa/Android/Sdk/build-tools/25.0.0/jack.jar
Launcher Type: SUN_STANDARD

Environment Variables:
JAVA_HOME=/home/mustafa/work/tools/jdk1.8.0_73
PATH=/usr/local/heroku/bin:/home/mustafa/work/tools/apache-maven-3.3.9/bin:/home/mustafa/work/tools/jdk1.8.0_73/bin:/home/mustafa/work/tools/dibs/plugins/org.tizen.cli-tools:/home/mustafa/work/tools/node-v6.9.1-linux-x64/bin:/usr/local/sbin:/usr/local/bin:/usr/sbin:/usr/bin:/sbin:/bin:/usr/games:/usr/local/games:/home/mustafa/mustafa/tools:/Users/nide/mustafa/android/sdk/platform-tools
LD_LIBRARY_PATH=/home/mustafa/work/tools/android-studio/bin:
SHELL=/bin/bash
DISPLAY=:0

Signal Handlers:
SIGSEGV: [libjvm.so+0x9e5150], sa_mask[0]=11111111011111111101111111111110, sa_flags=SA_RESTART|SA_SIGINFO
SIGBUS: [libjvm.so+0x9e5150], sa_mask[0]=11111111011111111101111111111110, sa_flags=SA_RESTART|SA_SIGINFO
SIGFPE: [libjvm.so+0x848450], sa_mask[0]=11111111011111111101111111111110, sa_flags=SA_RESTART|SA_SIGINFO
SIGPIPE: [libjvm.so+0x848450], sa_mask[0]=11111111011111111101111111111110, sa_flags=SA_RESTART|SA_SIGINFO
SIGXFSZ: [libjvm.so+0x848450], sa_mask[0]=11111111011111111101111111111110, sa_flags=SA_RESTART|SA_SIGINFO
SIGILL: [libjvm.so+0x848450], sa_mask[0]=11111111011111111101111111111110, sa_flags=SA_RESTART|SA_SIGINFO
SIGUSR1: SIG_DFL, sa_mask[0]=00000000000000000000000000000000, sa_flags=none
SIGUSR2: [libjvm.so+0x848320], sa_mask[0]=00100000000000000000000000000000, sa_flags=SA_RESTART|SA_SIGINFO
SIGHUP: [libjvm.so+0x848510], sa_mask[0]=11111111011111111101111111111110, sa_flags=SA_RESTART|SA_SIGINFO
SIGINT: [libjvm.so+0x848510], sa_mask[0]=11111111011111111101111111111110, sa_flags=SA_RESTART|SA_SIGINFO
SIGTERM: [libjvm.so+0x848510], sa_mask[0]=11111111011111111101111111111110, sa_flags=SA_RESTART|SA_SIGINFO
SIGQUIT: [libjvm.so+0x848510], sa_mask[0]=11111111011111111101111111111110, sa_flags=SA_RESTART|SA_SIGINFO


---------------  S Y S T E M  ---------------

OS:DISTRIB_ID=Ubuntu
DISTRIB_RELEASE=14.04
DISTRIB_CODENAME=trusty
DISTRIB_DESCRIPTION="Ubuntu 14.04.4 LTS"

uname:Linux 3.13.0-108-generic #155-Ubuntu SMP Wed Jan 11 16:58:52 UTC 2017 x86_64
libc:glibc 2.19 NPTL 2.19 
rlimit: STACK 8192k, CORE 0k, NPROC 63353, NOFILE 4096, AS infinity
load average:4.17 2.26 1.64

/proc/meminfo:
MemTotal:        8130828 kB
MemFree:          130180 kB
Buffers:            4688 kB
Cached:           121736 kB
SwapCached:            0 kB
Active:          7613132 kB
Inactive:          80168 kB
Active(anon):    7569256 kB
Inactive(anon):    43060 kB
Active(file):      43876 kB
Inactive(file):    37108 kB
Unevictable:          48 kB
Mlocked:              48 kB
SwapTotal:             0 kB
SwapFree:              0 kB
Dirty:              1148 kB
Writeback:             0 kB
AnonPages:       7567552 kB
Mapped:           127568 kB
Shmem:             44440 kB
Slab:             108736 kB
SReclaimable:      53984 kB
SUnreclaim:        54752 kB
KernelStack:        7232 kB
PageTables:        55892 kB
NFS_Unstable:          0 kB
Bounce:                0 kB
WritebackTmp:          0 kB
CommitLimit:     4065412 kB
Committed_AS:   11417032 kB
VmallocTotal:   34359738367 kB
VmallocUsed:      119108 kB
VmallocChunk:   34359613436 kB
HardwareCorrupted:     0 kB
AnonHugePages:   4440064 kB
HugePages_Total:       0
HugePages_Free:        0
HugePages_Rsvd:        0
HugePages_Surp:        0
Hugepagesize:       2048 kB
DirectMap4k:      390708 kB
DirectMap2M:     7952384 kB
DirectMap1G:           0 kB


CPU:total 8 (4 cores per cpu, 2 threads per core) family 6 model 60 stepping 3, cmov, cx8, fxsr, mmx, sse, sse2, sse3, ssse3, sse4.1, sse4.2, popcnt, avx, avx2, aes, clmul, erms, lzcnt, ht, tsc, tscinvbit, bmi1, bmi2

/proc/cpuinfo:
processor	: 0
vendor_id	: GenuineIntel
cpu family	: 6
model		: 60
model name	: Intel(R) Core(TM) i7-4790 CPU @ 3.60GHz
stepping	: 3
microcode	: 0x1c
cpu MHz		: 3601.000
cache size	: 8192 KB
physical id	: 0
siblings	: 8
core id		: 0
cpu cores	: 4
apicid		: 0
initial apicid	: 0
fpu		: yes
fpu_exception	: yes
cpuid level	: 13
wp		: yes
flags		: fpu vme de pse tsc msr pae mce cx8 apic sep mtrr pge mca cmov pat pse36 clflush dts acpi mmx fxsr sse sse2 ss ht tm pbe syscall nx pdpe1gb rdtscp lm constant_tsc arch_perfmon pebs bts rep_good nopl xtopology nonstop_tsc aperfmperf eagerfpu pni pclmulqdq dtes64 monitor ds_cpl vmx smx est tm2 ssse3 fma cx16 xtpr pdcm pcid sse4_1 sse4_2 x2apic movbe popcnt tsc_deadline_timer aes xsave avx f16c rdrand lahf_lm abm ida arat epb xsaveopt pln pts dtherm tpr_shadow vnmi flexpriority ept vpid fsgsbase tsc_adjust bmi1 avx2 smep bmi2 erms invpcid
bogomips	: 7183.73
clflush size	: 64
cache_alignment	: 64
address sizes	: 39 bits physical, 48 bits virtual
power management:

processor	: 1
vendor_id	: GenuineIntel
cpu family	: 6
model		: 60
model name	: Intel(R) Core(TM) i7-4790 CPU @ 3.60GHz
stepping	: 3
microcode	: 0x1c
cpu MHz		: 3601.000
cache size	: 8192 KB
physical id	: 0
siblings	: 8
core id		: 1
cpu cores	: 4
apicid		: 2
initial apicid	: 2
fpu		: yes
fpu_exception	: yes
cpuid level	: 13
wp		: yes
flags		: fpu vme de pse tsc msr pae mce cx8 apic sep mtrr pge mca cmov pat pse36 clflush dts acpi mmx fxsr sse sse2 ss ht tm pbe syscall nx pdpe1gb rdtscp lm constant_tsc arch_perfmon pebs bts rep_good nopl xtopology nonstop_tsc aperfmperf eagerfpu pni pclmulqdq dtes64 monitor ds_cpl vmx smx est tm2 ssse3 fma cx16 xtpr pdcm pcid sse4_1 sse4_2 x2apic movbe popcnt tsc_deadline_timer aes xsave avx f16c rdrand lahf_lm abm ida arat epb xsaveopt pln pts dtherm tpr_shadow vnmi flexpriority ept vpid fsgsbase tsc_adjust bmi1 avx2 smep bmi2 erms invpcid
bogomips	: 7183.73
clflush size	: 64
cache_alignment	: 64
address sizes	: 39 bits physical, 48 bits virtual
power management:

processor	: 2
vendor_id	: GenuineIntel
cpu family	: 6
model		: 60
model name	: Intel(R) Core(TM) i7-4790 CPU @ 3.60GHz
stepping	: 3
microcode	: 0x1c
cpu MHz		: 3601.000
cache size	: 8192 KB
physical id	: 0
siblings	: 8
core id		: 2
cpu cores	: 4
apicid		: 4
initial apicid	: 4
fpu		: yes
fpu_exception	: yes
cpuid level	: 13
wp		: yes
flags		: fpu vme de pse tsc msr pae mce cx8 apic sep mtrr pge mca cmov pat pse36 clflush dts acpi mmx fxsr sse sse2 ss ht tm pbe syscall nx pdpe1gb rdtscp lm constant_tsc arch_perfmon pebs bts rep_good nopl xtopology nonstop_tsc aperfmperf eagerfpu pni pclmulqdq dtes64 monitor ds_cpl vmx smx est tm2 ssse3 fma cx16 xtpr pdcm pcid sse4_1 sse4_2 x2apic movbe popcnt tsc_deadline_timer aes xsave avx f16c rdrand lahf_lm abm ida arat epb xsaveopt pln pts dtherm tpr_shadow vnmi flexpriority ept vpid fsgsbase tsc_adjust bmi1 avx2 smep bmi2 erms invpcid
bogomips	: 7183.73
clflush size	: 64
cache_alignment	: 64
address sizes	: 39 bits physical, 48 bits virtual
power management:

processor	: 3
vendor_id	: GenuineIntel
cpu family	: 6
model		: 60
model name	: Intel(R) Core(TM) i7-4790 CPU @ 3.60GHz
stepping	: 3
microcode	: 0x1c
cpu MHz		: 1200.000
cache size	: 8192 KB
physical id	: 0
siblings	: 8
core id		: 3
cpu cores	: 4
apicid		: 6
initial apicid	: 6
fpu		: yes
fpu_exception	: yes
cpuid level	: 13
wp		: yes
flags		: fpu vme de pse tsc msr pae mce cx8 apic sep mtrr pge mca cmov pat pse36 clflush dts acpi mmx fxsr sse sse2 ss ht tm pbe syscall nx pdpe1gb rdtscp lm constant_tsc arch_perfmon pebs bts rep_good nopl xtopology nonstop_tsc aperfmperf eagerfpu pni pclmulqdq dtes64 monitor ds_cpl vmx smx est tm2 ssse3 fma cx16 xtpr pdcm pcid sse4_1 sse4_2 x2apic movbe popcnt tsc_deadline_timer aes xsave avx f16c rdrand lahf_lm abm ida arat epb xsaveopt pln pts dtherm tpr_shadow vnmi flexpriority ept vpid fsgsbase tsc_adjust bmi1 avx2 smep bmi2 erms invpcid
bogomips	: 7183.73
clflush size	: 64
cache_alignment	: 64
address sizes	: 39 bits physical, 48 bits virtual
power management:

processor	: 4
vendor_id	: GenuineIntel
cpu family	: 6
model		: 60
model name	: Intel(R) Core(TM) i7-4790 CPU @ 3.60GHz
stepping	: 3
microcode	: 0x1c
cpu MHz		: 3601.000
cache size	: 8192 KB
physical id	: 0
siblings	: 8
core id		: 0
cpu cores	: 4
apicid		: 1
initial apicid	: 1
fpu		: yes
fpu_exception	: yes
cpuid level	: 13
wp		: yes
flags		: fpu vme de pse tsc msr pae mce cx8 apic sep mtrr pge mca cmov pat pse36 clflush dts acpi mmx fxsr sse sse2 ss ht tm pbe syscall nx pdpe1gb rdtscp lm constant_tsc arch_perfmon pebs bts rep_good nopl xtopology nonstop_tsc aperfmperf eagerfpu pni pclmulqdq dtes64 monitor ds_cpl vmx smx est tm2 ssse3 fma cx16 xtpr pdcm pcid sse4_1 sse4_2 x2apic movbe popcnt tsc_deadline_timer aes xsave avx f16c rdrand lahf_lm abm ida arat epb xsaveopt pln pts dtherm tpr_shadow vnmi flexpriority ept vpid fsgsbase tsc_adjust bmi1 avx2 smep bmi2 erms invpcid
bogomips	: 7183.73
clflush size	: 64
cache_alignment	: 64
address sizes	: 39 bits physical, 48 bits virtual
power management:

processor	: 5
vendor_id	: GenuineIntel
cpu family	: 6
model		: 60
model name	: Intel(R) Core(TM) i7-4790 CPU @ 3.60GHz
stepping	: 3
microcode	: 0x1c
cpu MHz		: 3601.000
cache size	: 8192 KB
physical id	: 0
siblings	: 8
core id		: 1
cpu cores	: 4
apicid		: 3
initial apicid	: 3
fpu		: yes
fpu_exception	: yes
cpuid level	: 13
wp		: yes
flags		: fpu vme de pse tsc msr pae mce cx8 apic sep mtrr pge mca cmov pat pse36 clflush dts acpi mmx fxsr sse sse2 ss ht tm pbe syscall nx pdpe1gb rdtscp lm constant_tsc arch_perfmon pebs bts rep_good nopl xtopology nonstop_tsc aperfmperf eagerfpu pni pclmulqdq dtes64 monitor ds_cpl vmx smx est tm2 ssse3 fma cx16 xtpr pdcm pcid sse4_1 sse4_2 x2apic movbe popcnt tsc_deadline_timer aes xsave avx f16c rdrand lahf_lm abm ida arat epb xsaveopt pln pts dtherm tpr_shadow vnmi flexpriority ept vpid fsgsbase tsc_adjust bmi1 avx2 smep bmi2 erms invpcid
bogomips	: 7183.73
clflush size	: 64
cache_alignment	: 64
address sizes	: 39 bits physical, 48 bits virtual
power management:

processor	: 6
vendor_id	: GenuineIntel
cpu family	: 6
model		: 60
model name	: Intel(R) Core(TM) i7-4790 CPU @ 3.60GHz
stepping	: 3
microcode	: 0x1c
cpu MHz		: 3400.000
cache size	: 8192 KB
physical id	: 0
siblings	: 8
core id		: 2
cpu cores	: 4
apicid		: 5
initial apicid	: 5
fpu		: yes
fpu_exception	: yes
cpuid level	: 13
wp		: yes
flags		: fpu vme de pse tsc msr pae mce cx8 apic sep mtrr pge mca cmov pat pse36 clflush dts acpi mmx fxsr sse sse2 ss ht tm pbe syscall nx pdpe1gb rdtscp lm constant_tsc arch_perfmon pebs bts rep_good nopl xtopology nonstop_tsc aperfmperf eagerfpu pni pclmulqdq dtes64 monitor ds_cpl vmx smx est tm2 ssse3 fma cx16 xtpr pdcm pcid sse4_1 sse4_2 x2apic movbe popcnt tsc_deadline_timer aes xsave avx f16c rdrand lahf_lm abm ida arat epb xsaveopt pln pts dtherm tpr_shadow vnmi flexpriority ept vpid fsgsbase tsc_adjust bmi1 avx2 smep bmi2 erms invpcid
bogomips	: 7183.73
clflush size	: 64
cache_alignment	: 64
address sizes	: 39 bits physical, 48 bits virtual
power management:

processor	: 7
vendor_id	: GenuineIntel
cpu family	: 6
model		: 60
model name	: Intel(R) Core(TM) i7-4790 CPU @ 3.60GHz
stepping	: 3
microcode	: 0x1c
cpu MHz		: 3601.000
cache size	: 8192 KB
physical id	: 0
siblings	: 8
core id		: 3
cpu cores	: 4
apicid		: 7
initial apicid	: 7
fpu		: yes
fpu_exception	: yes
cpuid level	: 13
wp		: yes
flags		: fpu vme de pse tsc msr pae mce cx8 apic sep mtrr pge mca cmov pat pse36 clflush dts acpi mmx fxsr sse sse2 ss ht tm pbe syscall nx pdpe1gb rdtscp lm constant_tsc arch_perfmon pebs bts rep_good nopl xtopology nonstop_tsc aperfmperf eagerfpu pni pclmulqdq dtes64 monitor ds_cpl vmx smx est tm2 ssse3 fma cx16 xtpr pdcm pcid sse4_1 sse4_2 x2apic movbe popcnt tsc_deadline_timer aes xsave avx f16c rdrand lahf_lm abm ida arat epb xsaveopt pln pts dtherm tpr_shadow vnmi flexpriority ept vpid fsgsbase tsc_adjust bmi1 avx2 smep bmi2 erms invpcid
bogomips	: 7183.73
clflush size	: 64
cache_alignment	: 64
address sizes	: 39 bits physical, 48 bits virtual
power management:



Memory: 4k page, physical 8130828k(130180k free), swap 0k(0k free)

vm_info: OpenJDK 64-Bit Server VM (25.112-b06) for linux-amd64 JRE (1.8.0_112-release-b06), built on Dec  6 2016 12:11:18 by "builder" with gcc 4.8.4

time: Tue Mar 28 18:27:11 2017
elapsed time: 2 seconds (0d 0h 0m 2s)

