#
# There is insufficient memory for the Java Runtime Environment to continue.
# Native memory allocation (mmap) failed to map 103284736 bytes for committing reserved memory.
# Possible reasons:
#   The system is out of physical RAM or swap space
#   In 32 bit mode, the process size limit was hit
# Possible solutions:
#   Reduce memory load on the system
#   Increase physical memory or swap space
#   Check if swap backing store is full
#   Use 64 bit Java on a 64 bit OS
#   Decrease Java heap size (-Xmx/-Xms)
#   Decrease number of Java threads
#   Decrease Java thread stack sizes (-Xss)
#   Set larger code cache with -XX:ReservedCodeCacheSize=
# This output file may be truncated or incomplete.
#
#  Out of Memory Error (os_linux.cpp:2627), pid=30819, tid=0x00007fd99ddfd700
#
# JRE version: OpenJDK Runtime Environment (8.0_112-b06) (build 1.8.0_112-release-b06)
# Java VM: OpenJDK 64-Bit Server VM (25.112-b06 mixed mode linux-amd64 compressed oops)
# Failed to write core dump. Core dumps have been disabled. To enable core dumping, try "ulimit -c unlimited" before starting Java again
#

---------------  T H R E A D  ---------------

Current thread (0x00007fd9d0081000):  VMThread [stack: 0x00007fd99dcfd000,0x00007fd99ddfe000] [id=30833]

Stack: [0x00007fd99dcfd000,0x00007fd99ddfe000],  sp=0x00007fd99ddfc490,  free space=1021k
Native frames: (J=compiled Java code, j=interpreted, Vv=VM code, C=native code)
V  [libjvm.so+0x9e465d]  VMError::report_and_die()+0x15d
V  [libjvm.so+0x4b6ada]  report_vm_out_of_memory(char const*, int, unsigned long, VMErrorType, char const*)+0x8a
V  [libjvm.so+0x84c860]  os::pd_commit_memory(char*, unsigned long, unsigned long, bool)+0xf0
V  [libjvm.so+0x84737f]  os::commit_memory(char*, unsigned long, unsigned long, bool)+0x1f
V  [libjvm.so+0x8bd3db]  PSVirtualSpace::expand_by(unsigned long)+0x5b
V  [libjvm.so+0x8ae1bb]  PSOldGen::expand_by(unsigned long) [clone .part.109]+0x1b
V  [libjvm.so+0x8ae37b]  PSOldGen::expand(unsigned long) [clone .part.111]+0xdb
V  [libjvm.so+0x8aec58]  PSOldGen::resize(unsigned long)+0x188
V  [libjvm.so+0x8b426c]  PSParallelCompact::invoke_no_policy(bool)+0x97c
V  [libjvm.so+0x8bb37d]  PSScavenge::invoke()+0x17d
V  [libjvm.so+0x86fcf3]  ParallelScavengeHeap::failed_mem_allocate(unsigned long)+0x63
V  [libjvm.so+0x9e6124]  VM_ParallelGCFailedAllocation::doit()+0x84
V  [libjvm.so+0x9ea537]  VM_Operation::evaluate()+0x47
V  [libjvm.so+0x9e8ff8]  VMThread::evaluate_operation(VM_Operation*)+0x2c8
V  [libjvm.so+0x9e9479]  VMThread::loop()+0x219
V  [libjvm.so+0x9e98c2]  VMThread::run()+0x72
V  [libjvm.so+0x849c82]  java_start(Thread*)+0xf2

VM_Operation (0x00007fd96e1f03e0): ParallelGCFailedAllocation, mode: safepoint, requested by thread 0x00007fd9d3f43800


---------------  P R O C E S S  ---------------

Java Threads: ( => current thread )
  0x00007fd9d3f45000 JavaThread "config-0-worker-7" daemon [_thread_blocked, id=30863, stack(0x00007fd96ddf0000,0x00007fd96dff1000)]
  0x00007fd9d3f43800 JavaThread "config-0-worker-6" daemon [_thread_blocked, id=30862, stack(0x00007fd96dff1000,0x00007fd96e1f2000)]
  0x00007fd9d3f42800 JavaThread "config-0-worker-5" daemon [_thread_blocked, id=30861, stack(0x00007fd96e1f2000,0x00007fd96e3f3000)]
  0x00007fd9d3f42000 JavaThread "config-0-worker-4" daemon [_thread_blocked, id=30860, stack(0x00007fd96e3f3000,0x00007fd96e5f4000)]
  0x00007fd9d3f3e800 JavaThread "config-0-worker-3" daemon [_thread_blocked, id=30859, stack(0x00007fd96e5f4000,0x00007fd96e7f5000)]
  0x00007fd9d35c4000 JavaThread "config-0-worker-2" daemon [_thread_blocked, id=30858, stack(0x00007fd96e7f5000,0x00007fd96e9f6000)]
  0x00007fd9d35c3800 JavaThread "config-0-worker-1" daemon [_thread_blocked, id=30857, stack(0x00007fd96e9f6000,0x00007fd96ebf7000)]
  0x00007fd9d375e800 JavaThread "config-0-worker-0" daemon [_thread_blocked, id=30856, stack(0x00007fd96ebf7000,0x00007fd96edf8000)]
  0x00007fd9d04c8800 JavaThread "Jack reporter" [_thread_blocked, id=30844, stack(0x00007fd99c14f000,0x00007fd99c250000)]
  0x00007fd9d00d4800 JavaThread "Service Thread" daemon [_thread_blocked, id=30841, stack(0x00007fd99cce2000,0x00007fd99cde3000)]
  0x00007fd9d00c9000 JavaThread "C1 CompilerThread3" daemon [_thread_blocked, id=30840, stack(0x00007fd99cde3000,0x00007fd99cee4000)]
  0x00007fd9d00c7000 JavaThread "C2 CompilerThread2" daemon [_thread_blocked, id=30839, stack(0x00007fd99cee4000,0x00007fd99cfe5000)]
  0x00007fd9d00c5800 JavaThread "C2 CompilerThread1" daemon [_thread_blocked, id=30838, stack(0x00007fd99cfe5000,0x00007fd99d0e6000)]
  0x00007fd9d00c2800 JavaThread "C2 CompilerThread0" daemon [_thread_blocked, id=30837, stack(0x00007fd99d0e6000,0x00007fd99d1e7000)]
  0x00007fd9d00c1000 JavaThread "Signal Dispatcher" daemon [_thread_blocked, id=30836, stack(0x00007fd99d1e7000,0x00007fd99d2e8000)]
  0x00007fd9d008d800 JavaThread "Finalizer" daemon [_thread_blocked, id=30835, stack(0x00007fd99dafb000,0x00007fd99dbfc000)]
  0x00007fd9d0089000 JavaThread "Reference Handler" daemon [_thread_blocked, id=30834, stack(0x00007fd99dbfc000,0x00007fd99dcfd000)]
  0x00007fd9d000b800 JavaThread "main" [_thread_blocked, id=30824, stack(0x00007fd9d9403000,0x00007fd9d9504000)]

Other Threads:
=>0x00007fd9d0081000 VMThread [stack: 0x00007fd99dcfd000,0x00007fd99ddfe000] [id=30833]
  0x00007fd9d00d7000 WatcherThread [stack: 0x00007fd99cbe1000,0x00007fd99cce2000] [id=30842]

VM state:at safepoint (normal execution)

VM Mutex/Monitor currently owned by a thread:  ([mutex/lock_event])
[0x00007fd9d0007500] ExpandHeap_lock - owner thread: 0x00007fd9d0081000
[0x00007fd9d0007b80] Threads_lock - owner thread: 0x00007fd9d0081000
[0x00007fd9d0008080] Heap_lock - owner thread: 0x00007fd9d3f43800

Heap:
 PSYoungGen      total 295424K, used 0K [0x00000000eab00000, 0x0000000100000000, 0x0000000100000000)
  eden space 241664K, 0% used [0x00000000eab00000,0x00000000eab00000,0x00000000f9700000)
  from space 53760K, 0% used [0x00000000f9700000,0x00000000f9700000,0x00000000fcb80000)
  to   space 53760K, 0% used [0x00000000fcb80000,0x00000000fcb80000,0x0000000100000000)
 ParOldGen       total 128000K, used 123827K [0x00000000c0000000, 0x00000000c7d00000, 0x00000000eab00000)
  object space 128000K, 96% used [0x00000000c0000000,0x00000000c78ecd08,0x00000000c7d00000)
 Metaspace       used 25556K, capacity 25740K, committed 26112K, reserved 1073152K
  class space    used 2937K, capacity 2991K, committed 3072K, reserved 1048576K

Card table byte_map: [0x00007fd9d609e000,0x00007fd9d629f000] byte_map_base: 0x00007fd9d5a9e000

Marking Bits: (ParMarkBitMap*) 0x00007fd9d88d3340
 Begin Bits: [0x00007fd99e000000, 0x00007fd99f000000)
 End Bits:   [0x00007fd99f000000, 0x00007fd9a0000000)

Polling page: 0x00007fd9d9522000

CodeCache: size=245760Kb used=17440Kb max_used=17440Kb free=228319Kb
 bounds [0x00007fd9c1000000, 0x00007fd9c2130000, 0x00007fd9d0000000]
 total_blobs=6440 nmethods=6069 adapters=281
 compilation: enabled

Compilation events (10 events):
Event: 5.127 Thread 0x00007fd9d00c9000 7069       1       com.android.jack.dx.dex.file.MethodIdItem::itemType (4 bytes)
Event: 5.127 Thread 0x00007fd9d00c9000 nmethod 7069 0x00007fd9c21123d0 code [0x00007fd9c2112520, 0x00007fd9c2112630]
Event: 5.128 Thread 0x00007fd9d00c9000 7070       3       com.android.jack.dx.dex.file.ClassDefItem::itemType (4 bytes)
Event: 5.128 Thread 0x00007fd9d00c9000 nmethod 7070 0x00007fd9c2116550 code [0x00007fd9c21166c0, 0x00007fd9c2116810]
Event: 5.128 Thread 0x00007fd9d00c9000 7071       1       com.android.jack.dx.dex.file.ClassDefItem::itemType (4 bytes)
Event: 5.128 Thread 0x00007fd9d00c9000 nmethod 7071 0x00007fd9c2116290 code [0x00007fd9c21163e0, 0x00007fd9c21164f0]
Event: 5.131 Thread 0x00007fd9d00c9000 7073       3       com.android.jack.dx.dex.file.ClassDataItem::itemType (4 bytes)
Event: 5.131 Thread 0x00007fd9d00c9000 nmethod 7073 0x00007fd9c2115f50 code [0x00007fd9c21160c0, 0x00007fd9c2116210]
Event: 5.131 Thread 0x00007fd9d00c9000 7074       1       com.android.jack.dx.dex.file.ClassDataItem::itemType (4 bytes)
Event: 5.131 Thread 0x00007fd9d00c9000 nmethod 7074 0x00007fd9c2115c90 code [0x00007fd9c2115de0, 0x00007fd9c2115ef0]

GC Heap History (10 events):
Event: 2.409 GC heap after
Heap after GC invocations=6 (full 1):
 PSYoungGen      total 136192K, used 0K [0x00000000eab00000, 0x00000000fef00000, 0x0000000100000000)
  eden space 131072K, 0% used [0x00000000eab00000,0x00000000eab00000,0x00000000f2b00000)
  from space 5120K, 0% used [0x00000000f2b00000,0x00000000f2b00000,0x00000000f3000000)
  to   space 34816K, 0% used [0x00000000fcd00000,0x00000000fcd00000,0x00000000fef00000)
 ParOldGen       total 128000K, used 50830K [0x00000000c0000000, 0x00000000c7d00000, 0x00000000eab00000)
  object space 128000K, 39% used [0x00000000c0000000,0x00000000c31a3be0,0x00000000c7d00000)
 Metaspace       used 20735K, capacity 20904K, committed 21248K, reserved 1069056K
  class space    used 2433K, capacity 2473K, committed 2560K, reserved 1048576K
}
Event: 2.852 GC heap before
{Heap before GC invocations=7 (full 1):
 PSYoungGen      total 136192K, used 131072K [0x00000000eab00000, 0x00000000fef00000, 0x0000000100000000)
  eden space 131072K, 100% used [0x00000000eab00000,0x00000000f2b00000,0x00000000f2b00000)
  from space 5120K, 0% used [0x00000000f2b00000,0x00000000f2b00000,0x00000000f3000000)
  to   space 34816K, 0% used [0x00000000fcd00000,0x00000000fcd00000,0x00000000fef00000)
 ParOldGen       total 128000K, used 50836K [0x00000000c0000000, 0x00000000c7d00000, 0x00000000eab00000)
  object space 128000K, 39% used [0x00000000c0000000,0x00000000c31a51d0,0x00000000c7d00000)
 Metaspace       used 21972K, capacity 22150K, committed 22400K, reserved 1069056K
  class space    used 2569K, capacity 2606K, committed 2688K, reserved 1048576K
Event: 2.867 GC heap after
Heap after GC invocations=7 (full 1):
 PSYoungGen      total 210944K, used 10940K [0x00000000eab00000, 0x00000000fd800000, 0x0000000100000000)
  eden space 199680K, 0% used [0x00000000eab00000,0x00000000eab00000,0x00000000f6e00000)
  from space 11264K, 97% used [0x00000000fcd00000,0x00000000fd7af0f0,0x00000000fd800000)
  to   space 33792K, 0% used [0x00000000f9600000,0x00000000f9600000,0x00000000fb700000)
 ParOldGen       total 128000K, used 50844K [0x00000000c0000000, 0x00000000c7d00000, 0x00000000eab00000)
  object space 128000K, 39% used [0x00000000c0000000,0x00000000c31a71d0,0x00000000c7d00000)
 Metaspace       used 21972K, capacity 22150K, committed 22400K, reserved 1069056K
  class space    used 2569K, capacity 2606K, committed 2688K, reserved 1048576K
}
Event: 3.257 GC heap before
{Heap before GC invocations=8 (full 1):
 PSYoungGen      total 210944K, used 210620K [0x00000000eab00000, 0x00000000fd800000, 0x0000000100000000)
  eden space 199680K, 100% used [0x00000000eab00000,0x00000000f6e00000,0x00000000f6e00000)
  from space 11264K, 97% used [0x00000000fcd00000,0x00000000fd7af0f0,0x00000000fd800000)
  to   space 33792K, 0% used [0x00000000f9600000,0x00000000f9600000,0x00000000fb700000)
 ParOldGen       total 128000K, used 50851K [0x00000000c0000000, 0x00000000c7d00000, 0x00000000eab00000)
  object space 128000K, 39% used [0x00000000c0000000,0x00000000c31a8f68,0x00000000c7d00000)
 Metaspace       used 21993K, capacity 22150K, committed 22400K, reserved 1069056K
  class space    used 2569K, capacity 2606K, committed 2688K, reserved 1048576K
Event: 3.278 GC heap after
Heap after GC invocations=8 (full 1):
 PSYoungGen      total 274432K, used 29814K [0x00000000eab00000, 0x0000000100000000, 0x0000000100000000)
  eden space 240640K, 0% used [0x00000000eab00000,0x00000000eab00000,0x00000000f9600000)
  from space 33792K, 88% used [0x00000000f9600000,0x00000000fb31d868,0x00000000fb700000)
  to   space 37888K, 0% used [0x00000000fdb00000,0x00000000fdb00000,0x0000000100000000)
 ParOldGen       total 128000K, used 50859K [0x00000000c0000000, 0x00000000c7d00000, 0x00000000eab00000)
  object space 128000K, 39% used [0x00000000c0000000,0x00000000c31aaf68,0x00000000c7d00000)
 Metaspace       used 21993K, capacity 22150K, committed 22400K, reserved 1069056K
  class space    used 2569K, capacity 2606K, committed 2688K, reserved 1048576K
}
Event: 3.980 GC heap before
{Heap before GC invocations=9 (full 1):
 PSYoungGen      total 274432K, used 270454K [0x00000000eab00000, 0x0000000100000000, 0x0000000100000000)
  eden space 240640K, 100% used [0x00000000eab00000,0x00000000f9600000,0x00000000f9600000)
  from space 33792K, 88% used [0x00000000f9600000,0x00000000fb31d868,0x00000000fb700000)
  to   space 37888K, 0% used [0x00000000fdb00000,0x00000000fdb00000,0x0000000100000000)
 ParOldGen       total 128000K, used 50864K [0x00000000c0000000, 0x00000000c7d00000, 0x00000000eab00000)
  object space 128000K, 39% used [0x00000000c0000000,0x00000000c31ac310,0x00000000c7d00000)
 Metaspace       used 24498K, capacity 24722K, committed 24960K, reserved 1071104K
  class space    used 2873K, capacity 2928K, committed 2944K, reserved 1048576K
Event: 4.018 GC heap after
Heap after GC invocations=9 (full 1):
 PSYoungGen      total 279552K, used 37856K [0x00000000eab00000, 0x0000000100000000, 0x0000000100000000)
  eden space 241664K, 0% used [0x00000000eab00000,0x00000000eab00000,0x00000000f9700000)
  from space 37888K, 99% used [0x00000000fdb00000,0x00000000ffff8020,0x0000000100000000)
  to   space 53760K, 0% used [0x00000000f9700000,0x00000000f9700000,0x00000000fcb80000)
 ParOldGen       total 128000K, used 73073K [0x00000000c0000000, 0x00000000c7d00000, 0x00000000eab00000)
  object space 128000K, 57% used [0x00000000c0000000,0x00000000c475c578,0x00000000c7d00000)
 Metaspace       used 24498K, capacity 24722K, committed 24960K, reserved 1071104K
  class space    used 2873K, capacity 2928K, committed 2944K, reserved 1048576K
}
Event: 5.133 GC heap before
{Heap before GC invocations=10 (full 1):
 PSYoungGen      total 279552K, used 279404K [0x00000000eab00000, 0x0000000100000000, 0x0000000100000000)
  eden space 241664K, 99% used [0x00000000eab00000,0x00000000f96e3188,0x00000000f9700000)
  from space 37888K, 99% used [0x00000000fdb00000,0x00000000ffff8020,0x0000000100000000)
  to   space 53760K, 0% used [0x00000000f9700000,0x00000000f9700000,0x00000000fcb80000)
 ParOldGen       total 128000K, used 73073K [0x00000000c0000000, 0x00000000c7d00000, 0x00000000eab00000)
  object space 128000K, 57% used [0x00000000c0000000,0x00000000c475c578,0x00000000c7d00000)
 Metaspace       used 25560K, capacity 25746K, committed 26112K, reserved 1073152K
  class space    used 2938K, capacity 2992K, committed 3072K, reserved 1048576K
Event: 5.525 GC heap after
Heap after GC invocations=10 (full 1):
 PSYoungGen      total 295424K, used 53753K [0x00000000eab00000, 0x0000000100000000, 0x0000000100000000)
  eden space 241664K, 0% used [0x00000000eab00000,0x00000000eab00000,0x00000000f9700000)
  from space 53760K, 99% used [0x00000000f9700000,0x00000000fcb7e4d0,0x00000000fcb80000)
  to   space 53760K, 0% used [0x00000000fcb80000,0x00000000fcb80000,0x0000000100000000)
 ParOldGen       total 128000K, used 104079K [0x00000000c0000000, 0x00000000c7d00000, 0x00000000eab00000)
  object space 128000K, 81% used [0x00000000c0000000,0x00000000c65a3ce0,0x00000000c7d00000)
 Metaspace       used 25560K, capacity 25746K, committed 26112K, reserved 1073152K
  class space    used 2938K, capacity 2992K, committed 3072K, reserved 1048576K
}
Event: 5.529 GC heap before
{Heap before GC invocations=11 (full 2):
 PSYoungGen      total 295424K, used 53753K [0x00000000eab00000, 0x0000000100000000, 0x0000000100000000)
  eden space 241664K, 0% used [0x00000000eab00000,0x00000000eab00000,0x00000000f9700000)
  from space 53760K, 99% used [0x00000000f9700000,0x00000000fcb7e4d0,0x00000000fcb80000)
  to   space 53760K, 0% used [0x00000000fcb80000,0x00000000fcb80000,0x0000000100000000)
 ParOldGen       total 128000K, used 104079K [0x00000000c0000000, 0x00000000c7d00000, 0x00000000eab00000)
  object space 128000K, 81% used [0x00000000c0000000,0x00000000c65a3ce0,0x00000000c7d00000)
 Metaspace       used 25560K, capacity 25746K, committed 26112K, reserved 1073152K
  class space    used 2938K, capacity 2992K, committed 3072K, reserved 1048576K

Deoptimization events (10 events):
Event: 4.497 Thread 0x00007fd9d3f43800 Uncommon trap: reason=class_check action=maybe_recompile pc=0x00007fd9c1ac7720 method=java.util.zip.InflaterInputStream.fill()V @ 19
Event: 4.498 Thread 0x00007fd9d3f43800 Uncommon trap: reason=class_check action=maybe_recompile pc=0x00007fd9c1ac7720 method=java.util.zip.InflaterInputStream.fill()V @ 19
Event: 4.500 Thread 0x00007fd9d3f43800 Uncommon trap: reason=class_check action=maybe_recompile pc=0x00007fd9c1ac7720 method=java.util.zip.InflaterInputStream.fill()V @ 19
Event: 5.035 Thread 0x00007fd9d3f43800 Uncommon trap: reason=bimorphic action=maybe_recompile pc=0x00007fd9c20b2074 method=com.android.jack.dx.dex.file.MixedItemSection$1.compare(Lcom/android/jack/dx/dex/file/OffsettedItem;Lcom/android/jack/dx/dex/file/OffsettedItem;)I @ 1
Event: 5.035 Thread 0x00007fd9d3f43800 Uncommon trap: reason=bimorphic action=maybe_recompile pc=0x00007fd9c20b2074 method=com.android.jack.dx.dex.file.MixedItemSection$1.compare(Lcom/android/jack/dx/dex/file/OffsettedItem;Lcom/android/jack/dx/dex/file/OffsettedItem;)I @ 1
Event: 5.035 Thread 0x00007fd9d3f43800 Uncommon trap: reason=bimorphic action=maybe_recompile pc=0x00007fd9c20b2074 method=com.android.jack.dx.dex.file.MixedItemSection$1.compare(Lcom/android/jack/dx/dex/file/OffsettedItem;Lcom/android/jack/dx/dex/file/OffsettedItem;)I @ 1
Event: 5.035 Thread 0x00007fd9d3f43800 Uncommon trap: reason=bimorphic action=maybe_recompile pc=0x00007fd9c20b2074 method=com.android.jack.dx.dex.file.MixedItemSection$1.compare(Lcom/android/jack/dx/dex/file/OffsettedItem;Lcom/android/jack/dx/dex/file/OffsettedItem;)I @ 1
Event: 5.079 Thread 0x00007fd9d3f43800 Uncommon trap: reason=unstable_if action=reinterpret pc=0x00007fd9c139c79c method=java.lang.Long.numberOfTrailingZeros(J)I @ 3
Event: 5.087 Thread 0x00007fd9d3f43800 Uncommon trap: reason=unstable_if action=reinterpret pc=0x00007fd9c20ce900 method=com.android.jack.dx.util.ByteArrayAnnotatedOutput.ensureCapacity(I)V @ 6
Event: 5.088 Thread 0x00007fd9d3f43800 Uncommon trap: reason=unstable_if action=reinterpret pc=0x00007fd9c20cae7c method=com.android.jack.dx.util.ByteArrayAnnotatedOutput.ensureCapacity(I)V @ 6

Internal exceptions (10 events):
Event: 0.817 Thread 0x00007fd9d000b800 Exception <a 'java/lang/ArrayIndexOutOfBoundsException'> (0x00000000ec351470) thrown at [/ssd/Android/AOSP-openjdk/external/jetbrains/jdk/hotspot/src/share/vm/runtime/sharedRuntime.cpp, line 605]
Event: 0.818 Thread 0x00007fd9d000b800 Exception <a 'java/lang/ArrayIndexOutOfBoundsException'> (0x00000000ec354390) thrown at [/ssd/Android/AOSP-openjdk/external/jetbrains/jdk/hotspot/src/share/vm/runtime/sharedRuntime.cpp, line 605]
Event: 0.818 Thread 0x00007fd9d000b800 Exception <a 'java/lang/ArrayIndexOutOfBoundsException'> (0x00000000ec357f90) thrown at [/ssd/Android/AOSP-openjdk/external/jetbrains/jdk/hotspot/src/share/vm/runtime/sharedRuntime.cpp, line 605]
Event: 0.819 Thread 0x00007fd9d000b800 Exception <a 'java/lang/ArrayIndexOutOfBoundsException'> (0x00000000ec359f30) thrown at [/ssd/Android/AOSP-openjdk/external/jetbrains/jdk/hotspot/src/share/vm/runtime/sharedRuntime.cpp, line 605]
Event: 0.827 Thread 0x00007fd9d000b800 Exception <a 'java/lang/ArrayIndexOutOfBoundsException'> (0x00000000ec3d3e90) thrown at [/ssd/Android/AOSP-openjdk/external/jetbrains/jdk/hotspot/src/share/vm/runtime/sharedRuntime.cpp, line 605]
Event: 0.828 Thread 0x00007fd9d000b800 Exception <a 'java/lang/ArrayIndexOutOfBoundsException'> (0x00000000ec3e2c08) thrown at [/ssd/Android/AOSP-openjdk/external/jetbrains/jdk/hotspot/src/share/vm/runtime/sharedRuntime.cpp, line 605]
Event: 0.829 Thread 0x00007fd9d000b800 Exception <a 'java/lang/ArrayIndexOutOfBoundsException'> (0x00000000ec3e96b0) thrown at [/ssd/Android/AOSP-openjdk/external/jetbrains/jdk/hotspot/src/share/vm/runtime/sharedRuntime.cpp, line 605]
Event: 0.829 Thread 0x00007fd9d000b800 Exception <a 'java/lang/ArrayIndexOutOfBoundsException'> (0x00000000ec3ed498) thrown at [/ssd/Android/AOSP-openjdk/external/jetbrains/jdk/hotspot/src/share/vm/runtime/sharedRuntime.cpp, line 605]
Event: 2.169 Thread 0x00007fd9d000b800 Implicit null exception at 0x00007fd9c1a4a977 to 0x00007fd9c1a4afb5
Event: 3.468 Thread 0x00007fd9d35c3800 Implicit null exception at 0x00007fd9c1a5be03 to 0x00007fd9c1a5e61d

Events (10 events):
Event: 5.079 Thread 0x00007fd9d3f43800 Uncommon trap: trap_request=0xffffff65 fr.pc=0x00007fd9c139c79c
Event: 5.079 Thread 0x00007fd9d3f43800 DEOPT PACKING pc=0x00007fd9c139c79c sp=0x00007fd96e1f0190
Event: 5.079 Thread 0x00007fd9d3f43800 DEOPT UNPACKING pc=0x00007fd9c1004f69 sp=0x00007fd96e1f0140 mode 2
Event: 5.087 Thread 0x00007fd9d3f43800 Uncommon trap: trap_request=0xffffff65 fr.pc=0x00007fd9c20ce900
Event: 5.087 Thread 0x00007fd9d3f43800 DEOPT PACKING pc=0x00007fd9c20ce900 sp=0x00007fd96e1f01a0
Event: 5.087 Thread 0x00007fd9d3f43800 DEOPT UNPACKING pc=0x00007fd9c1004f69 sp=0x00007fd96e1f00f8 mode 2
Event: 5.088 Thread 0x00007fd9d3f43800 Uncommon trap: trap_request=0xffffff65 fr.pc=0x00007fd9c20cae7c
Event: 5.088 Thread 0x00007fd9d3f43800 DEOPT PACKING pc=0x00007fd9c20cae7c sp=0x00007fd96e1f0140
Event: 5.088 Thread 0x00007fd9d3f43800 DEOPT UNPACKING pc=0x00007fd9c1004f69 sp=0x00007fd96e1f00e8 mode 2
Event: 5.132 Executing VM operation: ParallelGCFailedAllocation


Dynamic libraries:
00400000-00401000 r-xp 00000000 08:05 1580616                            /home/mustafa/work/tools/android-studio/jre/bin/java
00600000-00601000 r--p 00000000 08:05 1580616                            /home/mustafa/work/tools/android-studio/jre/bin/java
00601000-00602000 rw-p 00001000 08:05 1580616                            /home/mustafa/work/tools/android-studio/jre/bin/java
01165000-01186000 rw-p 00000000 00:00 0                                  [heap]
c0000000-c7d00000 rw-p 00000000 00:00 0 
cdf80000-eab00000 ---p 00000000 00:00 0 
eab00000-100000000 rw-p 00000000 00:00 0 
100000000-100300000 rw-p 00000000 00:00 0 
100300000-140000000 ---p 00000000 00:00 0 
7fd940000000-7fd940045000 rw-p 00000000 00:00 0 
7fd940045000-7fd944000000 ---p 00000000 00:00 0 
7fd944000000-7fd944741000 rw-p 00000000 00:00 0 
7fd944741000-7fd948000000 ---p 00000000 00:00 0 
7fd948000000-7fd9486b9000 rw-p 00000000 00:00 0 
7fd9486b9000-7fd94c000000 ---p 00000000 00:00 0 
7fd94c000000-7fd94d541000 rw-p 00000000 00:00 0 
7fd94d541000-7fd950000000 ---p 00000000 00:00 0 
7fd950000000-7fd95085a000 rw-p 00000000 00:00 0 
7fd95085a000-7fd954000000 ---p 00000000 00:00 0 
7fd954000000-7fd9545a3000 rw-p 00000000 00:00 0 
7fd9545a3000-7fd958000000 ---p 00000000 00:00 0 
7fd958000000-7fd958021000 rw-p 00000000 00:00 0 
7fd958021000-7fd95c000000 ---p 00000000 00:00 0 
7fd95c000000-7fd95c757000 rw-p 00000000 00:00 0 
7fd95c757000-7fd960000000 ---p 00000000 00:00 0 
7fd960000000-7fd963ffa000 rw-p 00000000 00:00 0 
7fd963ffa000-7fd964000000 ---p 00000000 00:00 0 
7fd964000000-7fd964787000 rw-p 00000000 00:00 0 
7fd964787000-7fd968000000 ---p 00000000 00:00 0 
7fd968000000-7fd968622000 rw-p 00000000 00:00 0 
7fd968622000-7fd96c000000 ---p 00000000 00:00 0 
7fd96d9f0000-7fd96da70000 rw-p 00000000 00:00 0 
7fd96da70000-7fd96dbf0000 ---p 00000000 00:00 0 
7fd96dbf0000-7fd96ddf0000 rw-p 00000000 00:00 0 
7fd96ddf0000-7fd96ddf3000 ---p 00000000 00:00 0 
7fd96ddf3000-7fd96dff1000 rw-p 00000000 00:00 0                          [stack:30863]
7fd96dff1000-7fd96dff4000 ---p 00000000 00:00 0 
7fd96dff4000-7fd96e1f2000 rw-p 00000000 00:00 0                          [stack:30862]
7fd96e1f2000-7fd96e1f5000 ---p 00000000 00:00 0 
7fd96e1f5000-7fd96e3f3000 rw-p 00000000 00:00 0                          [stack:30861]
7fd96e3f3000-7fd96e3f6000 ---p 00000000 00:00 0 
7fd96e3f6000-7fd96e5f4000 rw-p 00000000 00:00 0                          [stack:30860]
7fd96e5f4000-7fd96e5f7000 ---p 00000000 00:00 0 
7fd96e5f7000-7fd96e7f5000 rw-p 00000000 00:00 0                          [stack:30859]
7fd96e7f5000-7fd96e7f8000 ---p 00000000 00:00 0 
7fd96e7f8000-7fd96e9f6000 rw-p 00000000 00:00 0                          [stack:30858]
7fd96e9f6000-7fd96e9f9000 ---p 00000000 00:00 0 
7fd96e9f9000-7fd96ebf7000 rw-p 00000000 00:00 0                          [stack:30857]
7fd96ebf7000-7fd96ebfa000 ---p 00000000 00:00 0 
7fd96ebfa000-7fd96eff8000 rw-p 00000000 00:00 0                          [stack:30856]
7fd96eff8000-7fd96f1f8000 rw-p 00000000 00:00 0 
7fd96f1f8000-7fd96f3f8000 rw-p 00000000 00:00 0 
7fd96f3f8000-7fd96f3fb000 ---p 00000000 00:00 0 
7fd96f3fb000-7fd96f4f9000 rw-p 00000000 00:00 0 
7fd96f4f9000-7fd96f4fc000 ---p 00000000 00:00 0 
7fd96f4fc000-7fd96f5fa000 rw-p 00000000 00:00 0 
7fd96f5fa000-7fd96f5fd000 ---p 00000000 00:00 0 
7fd96f5fd000-7fd96f6fb000 rw-p 00000000 00:00 0 
7fd96f6fb000-7fd96f6fe000 ---p 00000000 00:00 0 
7fd96f6fe000-7fd96f7fc000 rw-p 00000000 00:00 0 
7fd96f7fc000-7fd96f7ff000 ---p 00000000 00:00 0 
7fd96f7ff000-7fd96f8fd000 rw-p 00000000 00:00 0 
7fd96f8fd000-7fd96f900000 ---p 00000000 00:00 0 
7fd96f900000-7fd96f9fe000 rw-p 00000000 00:00 0 
7fd96f9fe000-7fd96fa01000 ---p 00000000 00:00 0 
7fd96fa01000-7fd96faff000 rw-p 00000000 00:00 0 
7fd96faff000-7fd96fb02000 ---p 00000000 00:00 0 
7fd96fb02000-7fd96fe00000 rw-p 00000000 00:00 0 
7fd96fe00000-7fd970000000 rw-p 00000000 00:00 0 
7fd970000000-7fd970021000 rw-p 00000000 00:00 0 
7fd970021000-7fd974000000 ---p 00000000 00:00 0 
7fd974000000-7fd974021000 rw-p 00000000 00:00 0 
7fd974021000-7fd978000000 ---p 00000000 00:00 0 
7fd978000000-7fd979572000 rw-p 00000000 00:00 0 
7fd979572000-7fd97c000000 ---p 00000000 00:00 0 
7fd97c000000-7fd97c021000 rw-p 00000000 00:00 0 
7fd97c021000-7fd980000000 ---p 00000000 00:00 0 
7fd980000000-7fd982145000 rw-p 00000000 00:00 0 
7fd982145000-7fd984000000 ---p 00000000 00:00 0 
7fd984000000-7fd98547e000 rw-p 00000000 00:00 0 
7fd98547e000-7fd988000000 ---p 00000000 00:00 0 
7fd988000000-7fd988021000 rw-p 00000000 00:00 0 
7fd988021000-7fd98c000000 ---p 00000000 00:00 0 
7fd98c000000-7fd98d226000 rw-p 00000000 00:00 0 
7fd98d226000-7fd990000000 ---p 00000000 00:00 0 
7fd990000000-7fd990021000 rw-p 00000000 00:00 0 
7fd990021000-7fd994000000 ---p 00000000 00:00 0 
7fd994000000-7fd994021000 rw-p 00000000 00:00 0 
7fd994021000-7fd998000000 ---p 00000000 00:00 0 
7fd998000000-7fd99827e000 rw-p 00000000 00:00 0 
7fd99827e000-7fd99c000000 ---p 00000000 00:00 0 
7fd99c04e000-7fd99c051000 ---p 00000000 00:00 0 
7fd99c051000-7fd99c14f000 rw-p 00000000 00:00 0 
7fd99c14f000-7fd99c152000 ---p 00000000 00:00 0 
7fd99c152000-7fd99c250000 rw-p 00000000 00:00 0                          [stack:30844]
7fd99c250000-7fd99c2a7000 r--s 00540000 08:05 936224                     /home/mustafa/work/apps/ringdroid/app/build/intermediates/transforms/preJackRuntimeLibraries/debug/jars/8000/40/android-60a6732893213a84eafbee97271077d9c958254c.jar
7fd99c2a7000-7fd99c4a7000 rw-p 00000000 00:00 0 
7fd99c4a7000-7fd99c4b0000 r-xp 00000000 08:05 1580711                    /home/mustafa/work/tools/android-studio/jre/jre/lib/amd64/libmanagement.so
7fd99c4b0000-7fd99c6af000 ---p 00009000 08:05 1580711                    /home/mustafa/work/tools/android-studio/jre/jre/lib/amd64/libmanagement.so
7fd99c6af000-7fd99c6b0000 r--p 00008000 08:05 1580711                    /home/mustafa/work/tools/android-studio/jre/jre/lib/amd64/libmanagement.so
7fd99c6b0000-7fd99c6b1000 rw-p 00009000 08:05 1580711                    /home/mustafa/work/tools/android-studio/jre/jre/lib/amd64/libmanagement.so
7fd99c6b1000-7fd99c6c7000 r-xp 00000000 08:05 2363341                    /lib/x86_64-linux-gnu/libgcc_s.so.1
7fd99c6c7000-7fd99c8c6000 ---p 00016000 08:05 2363341                    /lib/x86_64-linux-gnu/libgcc_s.so.1
7fd99c8c6000-7fd99c8c7000 rw-p 00015000 08:05 2363341                    /lib/x86_64-linux-gnu/libgcc_s.so.1
7fd99c8c7000-7fd99c8fd000 r-xp 00000000 08:05 1580715                    /home/mustafa/work/tools/android-studio/jre/jre/lib/amd64/libsunec.so
7fd99c8fd000-7fd99cafc000 ---p 00036000 08:05 1580715                    /home/mustafa/work/tools/android-studio/jre/jre/lib/amd64/libsunec.so
7fd99cafc000-7fd99cb01000 r--p 00035000 08:05 1580715                    /home/mustafa/work/tools/android-studio/jre/jre/lib/amd64/libsunec.so
7fd99cb01000-7fd99cb03000 rw-p 0003a000 08:05 1580715                    /home/mustafa/work/tools/android-studio/jre/jre/lib/amd64/libsunec.so
7fd99cb03000-7fd99cb14000 rw-p 00000000 00:00 0 
7fd99cb14000-7fd99cbe1000 r--s 00aca000 08:05 3696278                    /home/mustafa/Android/Sdk/build-tools/25.0.0/jack.jar
7fd99cbe1000-7fd99cbe2000 ---p 00000000 00:00 0 
7fd99cbe2000-7fd99cce2000 rw-p 00000000 00:00 0                          [stack:30842]
7fd99cce2000-7fd99cce5000 ---p 00000000 00:00 0 
7fd99cce5000-7fd99cde3000 rw-p 00000000 00:00 0                          [stack:30841]
7fd99cde3000-7fd99cde6000 ---p 00000000 00:00 0 
7fd99cde6000-7fd99cee4000 rw-p 00000000 00:00 0                          [stack:30840]
7fd99cee4000-7fd99cee7000 ---p 00000000 00:00 0 
7fd99cee7000-7fd99cfe5000 rw-p 00000000 00:00 0                          [stack:30839]
7fd99cfe5000-7fd99cfe8000 ---p 00000000 00:00 0 
7fd99cfe8000-7fd99d0e6000 rw-p 00000000 00:00 0                          [stack:30838]
7fd99d0e6000-7fd99d0e9000 ---p 00000000 00:00 0 
7fd99d0e9000-7fd99d1e7000 rw-p 00000000 00:00 0                          [stack:30837]
7fd99d1e7000-7fd99d1ea000 ---p 00000000 00:00 0 
7fd99d1ea000-7fd99d2e8000 rw-p 00000000 00:00 0                          [stack:30836]
7fd99d2e8000-7fd99dafb000 r--p 00000000 08:05 2891582                    /usr/lib/locale/locale-archive
7fd99dafb000-7fd99dafe000 ---p 00000000 00:00 0 
7fd99dafe000-7fd99dbfc000 rw-p 00000000 00:00 0                          [stack:30835]
7fd99dbfc000-7fd99dbff000 ---p 00000000 00:00 0 
7fd99dbff000-7fd99dcfd000 rw-p 00000000 00:00 0                          [stack:30834]
7fd99dcfd000-7fd99dcfe000 ---p 00000000 00:00 0 
7fd99dcfe000-7fd9a0000000 rw-p 00000000 00:00 0                          [stack:30833]
7fd9a0000000-7fd9a0021000 rw-p 00000000 00:00 0 
7fd9a0021000-7fd9a4000000 ---p 00000000 00:00 0 
7fd9a4000000-7fd9a4021000 rw-p 00000000 00:00 0 
7fd9a4021000-7fd9a8000000 ---p 00000000 00:00 0 
7fd9a8000000-7fd9a8021000 rw-p 00000000 00:00 0 
7fd9a8021000-7fd9ac000000 ---p 00000000 00:00 0 
7fd9ac000000-7fd9ac021000 rw-p 00000000 00:00 0 
7fd9ac021000-7fd9b0000000 ---p 00000000 00:00 0 
7fd9b0000000-7fd9b0021000 rw-p 00000000 00:00 0 
7fd9b0021000-7fd9b4000000 ---p 00000000 00:00 0 
7fd9b4000000-7fd9b4021000 rw-p 00000000 00:00 0 
7fd9b4021000-7fd9b8000000 ---p 00000000 00:00 0 
7fd9b8000000-7fd9b8021000 rw-p 00000000 00:00 0 
7fd9b8021000-7fd9bc000000 ---p 00000000 00:00 0 
7fd9bc000000-7fd9bc021000 rw-p 00000000 00:00 0 
7fd9bc021000-7fd9c0000000 ---p 00000000 00:00 0 
7fd9c003d000-7fd9c0048000 r--s 0006e000 08:05 936225                     /home/mustafa/work/apps/ringdroid/app/build/intermediates/transforms/preJackRuntimeLibraries/debug/jars/8000/40/org.apache.http.legacy-ab9308e21bd6734b618c2803ec8f19ce48961397.jar
7fd9c0048000-7fd9c006a000 r--s 001c9000 08:05 936204                     /home/mustafa/work/apps/ringdroid/app/build/intermediates/transforms/preJackPackagedLibraries/debug/jars/8000/1f/classes-8e2c9f4144f1db6d866d9ae06627e068f687b286.jar
7fd9c006a000-7fd9c007e000 r--s 0020a000 08:05 936203                     /home/mustafa/work/apps/ringdroid/app/build/intermediates/transforms/preJackPackagedLibraries/debug/jars/8000/1f/classes-0629759d2bf7d207db07edb499455341ef86d2d2.jar
7fd9c007e000-7fd9c008e000 r--s 000de000 08:05 936205                     /home/mustafa/work/apps/ringdroid/app/build/intermediates/transforms/preJackPackagedLibraries/debug/jars/8000/1f/classes-3fb421b33ae0d8c30b34eef06a1aaf4cfd49b7f3.jar
7fd9c008e000-7fd9c1000000 rw-p 00000000 00:00 0 
7fd9c1000000-7fd9c2130000 rwxp 00000000 00:00 0 
7fd9c2130000-7fd9d0000000 ---p 00000000 00:00 0 
7fd9d0000000-7fd9d3fff000 rw-p 00000000 00:00 0 
7fd9d3fff000-7fd9d4000000 ---p 00000000 00:00 0 
7fd9d4009000-7fd9d400d000 r--s 0004b000 08:05 936207                     /home/mustafa/work/apps/ringdroid/app/build/intermediates/transforms/preJackPackagedLibraries/debug/jars/8000/1f/classes-3ac11d8bfea5ba0a0bd8e524854d3079fedcb088.jar
7fd9d400d000-7fd9d4015000 r--s 000d5000 08:05 936209                     /home/mustafa/work/apps/ringdroid/app/build/intermediates/transforms/preJackPackagedLibraries/debug/jars/8000/1f/classes-75ea7071acd8800b94f55c24a9e15126e5d50fb7.jar
7fd9d4015000-7fd9d401a000 r--s 0008f000 08:05 936206                     /home/mustafa/work/apps/ringdroid/app/build/intermediates/transforms/preJackPackagedLibraries/debug/jars/8000/1f/classes-9b4ce8db62d83d5ebd40e563f32a165b2ad5aee1.jar
7fd9d401a000-7fd9d401f000 r--s 0003b000 08:05 1580744                    /home/mustafa/work/tools/android-studio/jre/jre/lib/ext/sunjce_provider.jar
7fd9d401f000-7fd9d4afb000 rw-p 00000000 00:00 0 
7fd9d4afb000-7fd9d4cca000 r--s 03c1b000 08:05 1580675                    /home/mustafa/work/tools/android-studio/jre/jre/lib/rt.jar
7fd9d4cca000-7fd9d5740000 rw-p 00000000 00:00 0 
7fd9d5740000-7fd9d5741000 ---p 00000000 00:00 0 
7fd9d5741000-7fd9d5841000 rw-p 00000000 00:00 0                          [stack:30832]
7fd9d5841000-7fd9d5842000 ---p 00000000 00:00 0 
7fd9d5842000-7fd9d5942000 rw-p 00000000 00:00 0                          [stack:30831]
7fd9d5942000-7fd9d5943000 ---p 00000000 00:00 0 
7fd9d5943000-7fd9d5a43000 rw-p 00000000 00:00 0                          [stack:30830]
7fd9d5a43000-7fd9d5a44000 ---p 00000000 00:00 0 
7fd9d5a44000-7fd9d5b44000 rw-p 00000000 00:00 0                          [stack:30829]
7fd9d5b44000-7fd9d5b45000 ---p 00000000 00:00 0 
7fd9d5b45000-7fd9d5c45000 rw-p 00000000 00:00 0                          [stack:30828]
7fd9d5c45000-7fd9d5c46000 ---p 00000000 00:00 0 
7fd9d5c46000-7fd9d5d46000 rw-p 00000000 00:00 0                          [stack:30827]
7fd9d5d46000-7fd9d5d47000 ---p 00000000 00:00 0 
7fd9d5d47000-7fd9d5e47000 rw-p 00000000 00:00 0                          [stack:30826]
7fd9d5e47000-7fd9d5e48000 ---p 00000000 00:00 0 
7fd9d5e48000-7fd9d5f87000 rw-p 00000000 00:00 0                          [stack:30825]
7fd9d5f87000-7fd9d609e000 ---p 00000000 00:00 0 
7fd9d609e000-7fd9d60dd000 rw-p 00000000 00:00 0 
7fd9d60dd000-7fd9d61f3000 ---p 00000000 00:00 0 
7fd9d61f3000-7fd9d629e000 rw-p 00000000 00:00 0 
7fd9d629e000-7fd9d62e4000 rw-p 00000000 00:00 0 
7fd9d62e4000-7fd9d665f000 ---p 00000000 00:00 0 
7fd9d665f000-7fd9d6679000 r-xp 00000000 08:05 1580692                    /home/mustafa/work/tools/android-studio/jre/jre/lib/amd64/libzip.so
7fd9d6679000-7fd9d6879000 ---p 0001a000 08:05 1580692                    /home/mustafa/work/tools/android-studio/jre/jre/lib/amd64/libzip.so
7fd9d6879000-7fd9d687a000 r--p 0001a000 08:05 1580692                    /home/mustafa/work/tools/android-studio/jre/jre/lib/amd64/libzip.so
7fd9d687a000-7fd9d687b000 rw-p 0001b000 08:05 1580692                    /home/mustafa/work/tools/android-studio/jre/jre/lib/amd64/libzip.so
7fd9d687b000-7fd9d6885000 r-xp 00000000 08:05 2360515                    /lib/x86_64-linux-gnu/libnss_files-2.19.so
7fd9d6885000-7fd9d6a84000 ---p 0000a000 08:05 2360515                    /lib/x86_64-linux-gnu/libnss_files-2.19.so
7fd9d6a84000-7fd9d6a85000 r--p 00009000 08:05 2360515                    /lib/x86_64-linux-gnu/libnss_files-2.19.so
7fd9d6a85000-7fd9d6a86000 rw-p 0000a000 08:05 2360515                    /lib/x86_64-linux-gnu/libnss_files-2.19.so
7fd9d6a86000-7fd9d6a91000 r-xp 00000000 08:05 2359388                    /lib/x86_64-linux-gnu/libnss_nis-2.19.so
7fd9d6a91000-7fd9d6c90000 ---p 0000b000 08:05 2359388                    /lib/x86_64-linux-gnu/libnss_nis-2.19.so
7fd9d6c90000-7fd9d6c91000 r--p 0000a000 08:05 2359388                    /lib/x86_64-linux-gnu/libnss_nis-2.19.so
7fd9d6c91000-7fd9d6c92000 rw-p 0000b000 08:05 2359388                    /lib/x86_64-linux-gnu/libnss_nis-2.19.so
7fd9d6c92000-7fd9d6ca9000 r-xp 00000000 08:05 2360272                    /lib/x86_64-linux-gnu/libnsl-2.19.so
7fd9d6ca9000-7fd9d6ea8000 ---p 00017000 08:05 2360272                    /lib/x86_64-linux-gnu/libnsl-2.19.so
7fd9d6ea8000-7fd9d6ea9000 r--p 00016000 08:05 2360272                    /lib/x86_64-linux-gnu/libnsl-2.19.so
7fd9d6ea9000-7fd9d6eaa000 rw-p 00017000 08:05 2360272                    /lib/x86_64-linux-gnu/libnsl-2.19.so
7fd9d6eaa000-7fd9d6eac000 rw-p 00000000 00:00 0 
7fd9d6eac000-7fd9d6eb5000 r-xp 00000000 08:05 2359399                    /lib/x86_64-linux-gnu/libnss_compat-2.19.so
7fd9d6eb5000-7fd9d70b4000 ---p 00009000 08:05 2359399                    /lib/x86_64-linux-gnu/libnss_compat-2.19.so
7fd9d70b4000-7fd9d70b5000 r--p 00008000 08:05 2359399                    /lib/x86_64-linux-gnu/libnss_compat-2.19.so
7fd9d70b5000-7fd9d70b6000 rw-p 00009000 08:05 2359399                    /lib/x86_64-linux-gnu/libnss_compat-2.19.so
7fd9d70b6000-7fd9d70e3000 r-xp 00000000 08:05 1580710                    /home/mustafa/work/tools/android-studio/jre/jre/lib/amd64/libjava.so
7fd9d70e3000-7fd9d72e2000 ---p 0002d000 08:05 1580710                    /home/mustafa/work/tools/android-studio/jre/jre/lib/amd64/libjava.so
7fd9d72e2000-7fd9d72e3000 r--p 0002c000 08:05 1580710                    /home/mustafa/work/tools/android-studio/jre/jre/lib/amd64/libjava.so
7fd9d72e3000-7fd9d72e5000 rw-p 0002d000 08:05 1580710                    /home/mustafa/work/tools/android-studio/jre/jre/lib/amd64/libjava.so
7fd9d72e5000-7fd9d72f5000 r-xp 00000000 08:05 1580681                    /home/mustafa/work/tools/android-studio/jre/jre/lib/amd64/libverify.so
7fd9d72f5000-7fd9d74f4000 ---p 00010000 08:05 1580681                    /home/mustafa/work/tools/android-studio/jre/jre/lib/amd64/libverify.so
7fd9d74f4000-7fd9d74f6000 r--p 0000f000 08:05 1580681                    /home/mustafa/work/tools/android-studio/jre/jre/lib/amd64/libverify.so
7fd9d74f6000-7fd9d74f7000 rw-p 00011000 08:05 1580681                    /home/mustafa/work/tools/android-studio/jre/jre/lib/amd64/libverify.so
7fd9d74f7000-7fd9d74fe000 r-xp 00000000 08:05 2359326                    /lib/x86_64-linux-gnu/librt-2.19.so
7fd9d74fe000-7fd9d76fd000 ---p 00007000 08:05 2359326                    /lib/x86_64-linux-gnu/librt-2.19.so
7fd9d76fd000-7fd9d76fe000 r--p 00006000 08:05 2359326                    /lib/x86_64-linux-gnu/librt-2.19.so
7fd9d76fe000-7fd9d76ff000 rw-p 00007000 08:05 2359326                    /lib/x86_64-linux-gnu/librt-2.19.so
7fd9d76ff000-7fd9d7804000 r-xp 00000000 08:05 2360276                    /lib/x86_64-linux-gnu/libm-2.19.so
7fd9d7804000-7fd9d7a03000 ---p 00105000 08:05 2360276                    /lib/x86_64-linux-gnu/libm-2.19.so
7fd9d7a03000-7fd9d7a04000 r--p 00104000 08:05 2360276                    /lib/x86_64-linux-gnu/libm-2.19.so
7fd9d7a04000-7fd9d7a05000 rw-p 00105000 08:05 2360276                    /lib/x86_64-linux-gnu/libm-2.19.so
7fd9d7a05000-7fd9d85f6000 r-xp 00000000 08:05 1580690                    /home/mustafa/work/tools/android-studio/jre/jre/lib/amd64/server/libjvm.so
7fd9d85f6000-7fd9d87f6000 ---p 00bf1000 08:05 1580690                    /home/mustafa/work/tools/android-studio/jre/jre/lib/amd64/server/libjvm.so
7fd9d87f6000-7fd9d8895000 r--p 00bf1000 08:05 1580690                    /home/mustafa/work/tools/android-studio/jre/jre/lib/amd64/server/libjvm.so
7fd9d8895000-7fd9d88be000 rw-p 00c90000 08:05 1580690                    /home/mustafa/work/tools/android-studio/jre/jre/lib/amd64/server/libjvm.so
7fd9d88be000-7fd9d8902000 rw-p 00000000 00:00 0 
7fd9d8902000-7fd9d891b000 r-xp 00000000 08:05 2360519                    /lib/x86_64-linux-gnu/libpthread-2.19.so
7fd9d891b000-7fd9d8b1a000 ---p 00019000 08:05 2360519                    /lib/x86_64-linux-gnu/libpthread-2.19.so
7fd9d8b1a000-7fd9d8b1b000 r--p 00018000 08:05 2360519                    /lib/x86_64-linux-gnu/libpthread-2.19.so
7fd9d8b1b000-7fd9d8b1c000 rw-p 00019000 08:05 2360519                    /lib/x86_64-linux-gnu/libpthread-2.19.so
7fd9d8b1c000-7fd9d8b20000 rw-p 00000000 00:00 0 
7fd9d8b20000-7fd9d8b23000 r-xp 00000000 08:05 2360517                    /lib/x86_64-linux-gnu/libdl-2.19.so
7fd9d8b23000-7fd9d8d22000 ---p 00003000 08:05 2360517                    /lib/x86_64-linux-gnu/libdl-2.19.so
7fd9d8d22000-7fd9d8d23000 r--p 00002000 08:05 2360517                    /lib/x86_64-linux-gnu/libdl-2.19.so
7fd9d8d23000-7fd9d8d24000 rw-p 00003000 08:05 2360517                    /lib/x86_64-linux-gnu/libdl-2.19.so
7fd9d8d24000-7fd9d8ee2000 r-xp 00000000 08:05 2359397                    /lib/x86_64-linux-gnu/libc-2.19.so
7fd9d8ee2000-7fd9d90e1000 ---p 001be000 08:05 2359397                    /lib/x86_64-linux-gnu/libc-2.19.so
7fd9d90e1000-7fd9d90e5000 r--p 001bd000 08:05 2359397                    /lib/x86_64-linux-gnu/libc-2.19.so
7fd9d90e5000-7fd9d90e7000 rw-p 001c1000 08:05 2359397                    /lib/x86_64-linux-gnu/libc-2.19.so
7fd9d90e7000-7fd9d90ec000 rw-p 00000000 00:00 0 
7fd9d90ec000-7fd9d9102000 r-xp 00000000 08:05 1580632                    /home/mustafa/work/tools/android-studio/jre/lib/amd64/jli/libjli.so
7fd9d9102000-7fd9d9301000 ---p 00016000 08:05 1580632                    /home/mustafa/work/tools/android-studio/jre/lib/amd64/jli/libjli.so
7fd9d9301000-7fd9d9302000 r--p 00015000 08:05 1580632                    /home/mustafa/work/tools/android-studio/jre/lib/amd64/jli/libjli.so
7fd9d9302000-7fd9d9303000 rw-p 00016000 08:05 1580632                    /home/mustafa/work/tools/android-studio/jre/lib/amd64/jli/libjli.so
7fd9d9303000-7fd9d9326000 r-xp 00000000 08:05 2360513                    /lib/x86_64-linux-gnu/ld-2.19.so
7fd9d9326000-7fd9d9327000 rw-p 00000000 00:00 0 
7fd9d9327000-7fd9d932a000 r--s 0000d000 08:05 936220                     /home/mustafa/work/apps/ringdroid/app/build/intermediates/transforms/preJackPackagedLibraries/debug/jars/8000/1f/support-annotations-26.0.0-alpha1-81535b28afa8bc53af082bfa24696f1a6d0888aa.jar
7fd9d932a000-7fd9d9403000 rw-p 00000000 00:00 0 
7fd9d9403000-7fd9d9406000 ---p 00000000 00:00 0 
7fd9d9406000-7fd9d9508000 rw-p 00000000 00:00 0                          [stack:30824]
7fd9d9508000-7fd9d9509000 r--s 00001000 08:05 936210                     /home/mustafa/work/apps/ringdroid/app/build/intermediates/transforms/preJackPackagedLibraries/debug/jars/8000/1f/classes-39b2b7fb12f42635ecbf55516e7e3409516e1319.jar
7fd9d9509000-7fd9d950a000 r--s 00009000 08:05 936222                     /home/mustafa/work/apps/ringdroid/app/build/intermediates/transforms/preJackPackagedLibraries/debug/jars/8000/1f/classes-44416e0ae53b27c675a9d3074aa8ad2194a34b79.jar
7fd9d950a000-7fd9d950c000 r--s 00022000 08:05 936212                     /home/mustafa/work/apps/ringdroid/app/build/intermediates/transforms/preJackPackagedLibraries/debug/jars/8000/1f/classes-8286af90831b750a989146b11cecfa2635e4e968.jar
7fd9d950c000-7fd9d950d000 r--s 00008000 08:05 1580742                    /home/mustafa/work/tools/android-studio/jre/jre/lib/ext/sunec.jar
7fd9d950d000-7fd9d9511000 r--s 00037000 08:05 1580746                    /home/mustafa/work/tools/android-studio/jre/jre/lib/ext/sunpkcs11.jar
7fd9d9511000-7fd9d9514000 r--s 00015000 08:05 1580651                    /home/mustafa/work/tools/android-studio/jre/jre/lib/jce.jar
7fd9d9514000-7fd9d9519000 r--s 00098000 08:05 1580672                    /home/mustafa/work/tools/android-studio/jre/jre/lib/jsse.jar
7fd9d9519000-7fd9d9521000 rw-s 00000000 08:05 3696691                    /tmp/hsperfdata_mustafa/30819
7fd9d9521000-7fd9d9522000 rw-p 00000000 00:00 0 
7fd9d9522000-7fd9d9523000 ---p 00000000 00:00 0 
7fd9d9523000-7fd9d9525000 rw-p 00000000 00:00 0 
7fd9d9525000-7fd9d9526000 r--p 00022000 08:05 2360513                    /lib/x86_64-linux-gnu/ld-2.19.so
7fd9d9526000-7fd9d9527000 rw-p 00023000 08:05 2360513                    /lib/x86_64-linux-gnu/ld-2.19.so
7fd9d9527000-7fd9d9528000 rw-p 00000000 00:00 0 
7fff854aa000-7fff854cc000 rw-p 00000000 00:00 0                          [stack]
7fff854cf000-7fff854d1000 r-xp 00000000 00:00 0                          [vdso]
ffffffffff600000-ffffffffff601000 r-xp 00000000 00:00 0                  [vsyscall]

VM Arguments:
jvm_args: -Djava.awt.headless=true -Xmx1024M -Dfile.encoding=UTF-8 -Duser.country=US -Duser.language=en -Duser.variant 
java_command: com.android.jack.Main -D jack.dex.optimize=true -D jack.reporter=sdk -D jack.dex.debug.vars=true --classpath /home/mustafa/work/apps/ringdroid/app/build/intermediates/transforms/preJackRuntimeLibraries/debug/jars/8000/40/android-60a6732893213a84eafbee97271077d9c958254c.jar:/home/mustafa/work/apps/ringdroid/app/build/intermediates/transforms/preJackRuntimeLibraries/debug/jars/8000/40/org.apache.http.legacy-ab9308e21bd6734b618c2803ec8f19ce48961397.jar --import /home/mustafa/work/apps/ringdroid/app/build/intermediates/transforms/preJackPackagedLibraries/debug/jars/8000/1f/classes-9b4ce8db62d83d5ebd40e563f32a165b2ad5aee1.jar --import /home/mustafa/work/apps/ringdroid/app/build/intermediates/transforms/preJackPackagedLibraries/debug/jars/8000/1f/classes-75ea7071acd8800b94f55c24a9e15126e5d50fb7.jar --import /home/mustafa/work/apps/ringdroid/app/build/intermediates/transforms/preJackPackagedLibraries/debug/jars/8000/1f/classes-8286af90831b750a989146b11cecfa2635e4e968.jar --import /home/mustafa/work/apps/ringdroid/app/build/intermediates/transforms/preJackPackagedLibraries/debug/jars/8000/1f/classes-3fb421b33ae0d8c30b34eef06a1aaf4cfd49b7f3.jar --import /home/mustafa/work/apps/ringdroid/app/build/intermediates/transforms/preJackPackagedLibraries/debug/jars/8000/1f/classes-44416e0ae53b27c675a9d3074aa8ad2194a34b79.jar --import /home/mustafa/work/apps/ringdroid/app/build/intermediates/transforms/preJackPackagedLibraries/debug/jars/8000/1f/support-annotations-26.0.0-alpha1-81535b28afa8bc53af082bfa24696f1a6d0888aa.jar --import /home/mustafa/work/apps/ringdroid/app/build/intermediates/transforms/preJackPackagedLibraries/debug/jars/8000/1f/classes-3ac11d8bfea5ba0a0bd8e524854d3079fedcb088.jar --import /home/mustafa/work/apps/ringdroid/app/build/intermediates/transforms/preJackPackagedLibraries/debug/jars/8000/1f/classes-0629759d2bf7d207db07edb499455341ef86d2d2.jar --import /home/mustafa/work/apps/ringdroid/app/build/intermediates/transforms/preJackPackagedLibraries/d
java_class_path (initial): /home/mustafa/Android/Sdk/build-tools/25.0.0/jack.jar
Launcher Type: SUN_STANDARD

Environment Variables:
JAVA_HOME=/home/mustafa/work/tools/jdk1.8.0_73
PATH=/usr/local/heroku/bin:/home/mustafa/work/tools/apache-maven-3.3.9/bin:/home/mustafa/work/tools/jdk1.8.0_73/bin:/home/mustafa/work/tools/dibs/plugins/org.tizen.cli-tools:/home/mustafa/work/tools/node-v6.9.1-linux-x64/bin:/usr/local/sbin:/usr/local/bin:/usr/sbin:/usr/bin:/sbin:/bin:/usr/games:/usr/local/games:/home/mustafa/mustafa/tools:/Users/nide/mustafa/android/sdk/platform-tools
LD_LIBRARY_PATH=/home/mustafa/work/tools/android-studio/bin:
SHELL=/bin/bash
DISPLAY=:0

Signal Handlers:
SIGSEGV: [libjvm.so+0x9e5150], sa_mask[0]=11111111011111111101111111111110, sa_flags=SA_RESTART|SA_SIGINFO
SIGBUS: [libjvm.so+0x9e5150], sa_mask[0]=11111111011111111101111111111110, sa_flags=SA_RESTART|SA_SIGINFO
SIGFPE: [libjvm.so+0x848450], sa_mask[0]=11111111011111111101111111111110, sa_flags=SA_RESTART|SA_SIGINFO
SIGPIPE: [libjvm.so+0x848450], sa_mask[0]=11111111011111111101111111111110, sa_flags=SA_RESTART|SA_SIGINFO
SIGXFSZ: [libjvm.so+0x848450], sa_mask[0]=11111111011111111101111111111110, sa_flags=SA_RESTART|SA_SIGINFO
SIGILL: [libjvm.so+0x848450], sa_mask[0]=11111111011111111101111111111110, sa_flags=SA_RESTART|SA_SIGINFO
SIGUSR1: SIG_DFL, sa_mask[0]=00000000000000000000000000000000, sa_flags=none
SIGUSR2: [libjvm.so+0x848320], sa_mask[0]=00100000000000000000000000000000, sa_flags=SA_RESTART|SA_SIGINFO
SIGHUP: [libjvm.so+0x848510], sa_mask[0]=11111111011111111101111111111110, sa_flags=SA_RESTART|SA_SIGINFO
SIGINT: [libjvm.so+0x848510], sa_mask[0]=11111111011111111101111111111110, sa_flags=SA_RESTART|SA_SIGINFO
SIGTERM: [libjvm.so+0x848510], sa_mask[0]=11111111011111111101111111111110, sa_flags=SA_RESTART|SA_SIGINFO
SIGQUIT: [libjvm.so+0x848510], sa_mask[0]=11111111011111111101111111111110, sa_flags=SA_RESTART|SA_SIGINFO


---------------  S Y S T E M  ---------------

OS:DISTRIB_ID=Ubuntu
DISTRIB_RELEASE=14.04
DISTRIB_CODENAME=trusty
DISTRIB_DESCRIPTION="Ubuntu 14.04.4 LTS"

uname:Linux 3.13.0-108-generic #155-Ubuntu SMP Wed Jan 11 16:58:52 UTC 2017 x86_64
libc:glibc 2.19 NPTL 2.19 
rlimit: STACK 8192k, CORE 0k, NPROC 63353, NOFILE 4096, AS infinity
load average:2.29 1.43 1.35

/proc/meminfo:
MemTotal:        8130828 kB
MemFree:          110656 kB
Buffers:            1320 kB
Cached:            74864 kB
SwapCached:            0 kB
Active:          7623944 kB
Inactive:          63068 kB
Active(anon):    7615296 kB
Inactive(anon):    43872 kB
Active(file):       8648 kB
Inactive(file):    19196 kB
Unevictable:          48 kB
Mlocked:              48 kB
SwapTotal:             0 kB
SwapFree:              0 kB
Dirty:                64 kB
Writeback:             4 kB
AnonPages:       7613968 kB
Mapped:           119804 kB
Shmem:             45040 kB
Slab:             107620 kB
SReclaimable:      52160 kB
SUnreclaim:        55460 kB
KernelStack:        7552 kB
PageTables:        58508 kB
NFS_Unstable:          0 kB
Bounce:                0 kB
WritebackTmp:          0 kB
CommitLimit:     4065412 kB
Committed_AS:   12174384 kB
VmallocTotal:   34359738367 kB
VmallocUsed:      119392 kB
VmallocChunk:   34359613436 kB
HardwareCorrupted:     0 kB
AnonHugePages:   5173248 kB
HugePages_Total:       0
HugePages_Free:        0
HugePages_Rsvd:        0
HugePages_Surp:        0
Hugepagesize:       2048 kB
DirectMap4k:      390708 kB
DirectMap2M:     7952384 kB
DirectMap1G:           0 kB


CPU:total 8 (4 cores per cpu, 2 threads per core) family 6 model 60 stepping 3, cmov, cx8, fxsr, mmx, sse, sse2, sse3, ssse3, sse4.1, sse4.2, popcnt, avx, avx2, aes, clmul, erms, lzcnt, ht, tsc, tscinvbit, bmi1, bmi2

/proc/cpuinfo:
processor	: 0
vendor_id	: GenuineIntel
cpu family	: 6
model		: 60
model name	: Intel(R) Core(TM) i7-4790 CPU @ 3.60GHz
stepping	: 3
microcode	: 0x1c
cpu MHz		: 3601.000
cache size	: 8192 KB
physical id	: 0
siblings	: 8
core id		: 0
cpu cores	: 4
apicid		: 0
initial apicid	: 0
fpu		: yes
fpu_exception	: yes
cpuid level	: 13
wp		: yes
flags		: fpu vme de pse tsc msr pae mce cx8 apic sep mtrr pge mca cmov pat pse36 clflush dts acpi mmx fxsr sse sse2 ss ht tm pbe syscall nx pdpe1gb rdtscp lm constant_tsc arch_perfmon pebs bts rep_good nopl xtopology nonstop_tsc aperfmperf eagerfpu pni pclmulqdq dtes64 monitor ds_cpl vmx smx est tm2 ssse3 fma cx16 xtpr pdcm pcid sse4_1 sse4_2 x2apic movbe popcnt tsc_deadline_timer aes xsave avx f16c rdrand lahf_lm abm ida arat epb xsaveopt pln pts dtherm tpr_shadow vnmi flexpriority ept vpid fsgsbase tsc_adjust bmi1 avx2 smep bmi2 erms invpcid
bogomips	: 7183.73
clflush size	: 64
cache_alignment	: 64
address sizes	: 39 bits physical, 48 bits virtual
power management:

processor	: 1
vendor_id	: GenuineIntel
cpu family	: 6
model		: 60
model name	: Intel(R) Core(TM) i7-4790 CPU @ 3.60GHz
stepping	: 3
microcode	: 0x1c
cpu MHz		: 3601.000
cache size	: 8192 KB
physical id	: 0
siblings	: 8
core id		: 1
cpu cores	: 4
apicid		: 2
initial apicid	: 2
fpu		: yes
fpu_exception	: yes
cpuid level	: 13
wp		: yes
flags		: fpu vme de pse tsc msr pae mce cx8 apic sep mtrr pge mca cmov pat pse36 clflush dts acpi mmx fxsr sse sse2 ss ht tm pbe syscall nx pdpe1gb rdtscp lm constant_tsc arch_perfmon pebs bts rep_good nopl xtopology nonstop_tsc aperfmperf eagerfpu pni pclmulqdq dtes64 monitor ds_cpl vmx smx est tm2 ssse3 fma cx16 xtpr pdcm pcid sse4_1 sse4_2 x2apic movbe popcnt tsc_deadline_timer aes xsave avx f16c rdrand lahf_lm abm ida arat epb xsaveopt pln pts dtherm tpr_shadow vnmi flexpriority ept vpid fsgsbase tsc_adjust bmi1 avx2 smep bmi2 erms invpcid
bogomips	: 7183.73
clflush size	: 64
cache_alignment	: 64
address sizes	: 39 bits physical, 48 bits virtual
power management:

processor	: 2
vendor_id	: GenuineIntel
cpu family	: 6
model		: 60
model name	: Intel(R) Core(TM) i7-4790 CPU @ 3.60GHz
stepping	: 3
microcode	: 0x1c
cpu MHz		: 1200.000
cache size	: 8192 KB
physical id	: 0
siblings	: 8
core id		: 2
cpu cores	: 4
apicid		: 4
initial apicid	: 4
fpu		: yes
fpu_exception	: yes
cpuid level	: 13
wp		: yes
flags		: fpu vme de pse tsc msr pae mce cx8 apic sep mtrr pge mca cmov pat pse36 clflush dts acpi mmx fxsr sse sse2 ss ht tm pbe syscall nx pdpe1gb rdtscp lm constant_tsc arch_perfmon pebs bts rep_good nopl xtopology nonstop_tsc aperfmperf eagerfpu pni pclmulqdq dtes64 monitor ds_cpl vmx smx est tm2 ssse3 fma cx16 xtpr pdcm pcid sse4_1 sse4_2 x2apic movbe popcnt tsc_deadline_timer aes xsave avx f16c rdrand lahf_lm abm ida arat epb xsaveopt pln pts dtherm tpr_shadow vnmi flexpriority ept vpid fsgsbase tsc_adjust bmi1 avx2 smep bmi2 erms invpcid
bogomips	: 7183.73
clflush size	: 64
cache_alignment	: 64
address sizes	: 39 bits physical, 48 bits virtual
power management:

processor	: 3
vendor_id	: GenuineIntel
cpu family	: 6
model		: 60
model name	: Intel(R) Core(TM) i7-4790 CPU @ 3.60GHz
stepping	: 3
microcode	: 0x1c
cpu MHz		: 3600.000
cache size	: 8192 KB
physical id	: 0
siblings	: 8
core id		: 3
cpu cores	: 4
apicid		: 6
initial apicid	: 6
fpu		: yes
fpu_exception	: yes
cpuid level	: 13
wp		: yes
flags		: fpu vme de pse tsc msr pae mce cx8 apic sep mtrr pge mca cmov pat pse36 clflush dts acpi mmx fxsr sse sse2 ss ht tm pbe syscall nx pdpe1gb rdtscp lm constant_tsc arch_perfmon pebs bts rep_good nopl xtopology nonstop_tsc aperfmperf eagerfpu pni pclmulqdq dtes64 monitor ds_cpl vmx smx est tm2 ssse3 fma cx16 xtpr pdcm pcid sse4_1 sse4_2 x2apic movbe popcnt tsc_deadline_timer aes xsave avx f16c rdrand lahf_lm abm ida arat epb xsaveopt pln pts dtherm tpr_shadow vnmi flexpriority ept vpid fsgsbase tsc_adjust bmi1 avx2 smep bmi2 erms invpcid
bogomips	: 7183.73
clflush size	: 64
cache_alignment	: 64
address sizes	: 39 bits physical, 48 bits virtual
power management:

processor	: 4
vendor_id	: GenuineIntel
cpu family	: 6
model		: 60
model name	: Intel(R) Core(TM) i7-4790 CPU @ 3.60GHz
stepping	: 3
microcode	: 0x1c
cpu MHz		: 1000.000
cache size	: 8192 KB
physical id	: 0
siblings	: 8
core id		: 0
cpu cores	: 4
apicid		: 1
initial apicid	: 1
fpu		: yes
fpu_exception	: yes
cpuid level	: 13
wp		: yes
flags		: fpu vme de pse tsc msr pae mce cx8 apic sep mtrr pge mca cmov pat pse36 clflush dts acpi mmx fxsr sse sse2 ss ht tm pbe syscall nx pdpe1gb rdtscp lm constant_tsc arch_perfmon pebs bts rep_good nopl xtopology nonstop_tsc aperfmperf eagerfpu pni pclmulqdq dtes64 monitor ds_cpl vmx smx est tm2 ssse3 fma cx16 xtpr pdcm pcid sse4_1 sse4_2 x2apic movbe popcnt tsc_deadline_timer aes xsave avx f16c rdrand lahf_lm abm ida arat epb xsaveopt pln pts dtherm tpr_shadow vnmi flexpriority ept vpid fsgsbase tsc_adjust bmi1 avx2 smep bmi2 erms invpcid
bogomips	: 7183.73
clflush size	: 64
cache_alignment	: 64
address sizes	: 39 bits physical, 48 bits virtual
power management:

processor	: 5
vendor_id	: GenuineIntel
cpu family	: 6
model		: 60
model name	: Intel(R) Core(TM) i7-4790 CPU @ 3.60GHz
stepping	: 3
microcode	: 0x1c
cpu MHz		: 3601.000
cache size	: 8192 KB
physical id	: 0
siblings	: 8
core id		: 1
cpu cores	: 4
apicid		: 3
initial apicid	: 3
fpu		: yes
fpu_exception	: yes
cpuid level	: 13
wp		: yes
flags		: fpu vme de pse tsc msr pae mce cx8 apic sep mtrr pge mca cmov pat pse36 clflush dts acpi mmx fxsr sse sse2 ss ht tm pbe syscall nx pdpe1gb rdtscp lm constant_tsc arch_perfmon pebs bts rep_good nopl xtopology nonstop_tsc aperfmperf eagerfpu pni pclmulqdq dtes64 monitor ds_cpl vmx smx est tm2 ssse3 fma cx16 xtpr pdcm pcid sse4_1 sse4_2 x2apic movbe popcnt tsc_deadline_timer aes xsave avx f16c rdrand lahf_lm abm ida arat epb xsaveopt pln pts dtherm tpr_shadow vnmi flexpriority ept vpid fsgsbase tsc_adjust bmi1 avx2 smep bmi2 erms invpcid
bogomips	: 7183.73
clflush size	: 64
cache_alignment	: 64
address sizes	: 39 bits physical, 48 bits virtual
power management:

processor	: 6
vendor_id	: GenuineIntel
cpu family	: 6
model		: 60
model name	: Intel(R) Core(TM) i7-4790 CPU @ 3.60GHz
stepping	: 3
microcode	: 0x1c
cpu MHz		: 1000.000
cache size	: 8192 KB
physical id	: 0
siblings	: 8
core id		: 2
cpu cores	: 4
apicid		: 5
initial apicid	: 5
fpu		: yes
fpu_exception	: yes
cpuid level	: 13
wp		: yes
flags		: fpu vme de pse tsc msr pae mce cx8 apic sep mtrr pge mca cmov pat pse36 clflush dts acpi mmx fxsr sse sse2 ss ht tm pbe syscall nx pdpe1gb rdtscp lm constant_tsc arch_perfmon pebs bts rep_good nopl xtopology nonstop_tsc aperfmperf eagerfpu pni pclmulqdq dtes64 monitor ds_cpl vmx smx est tm2 ssse3 fma cx16 xtpr pdcm pcid sse4_1 sse4_2 x2apic movbe popcnt tsc_deadline_timer aes xsave avx f16c rdrand lahf_lm abm ida arat epb xsaveopt pln pts dtherm tpr_shadow vnmi flexpriority ept vpid fsgsbase tsc_adjust bmi1 avx2 smep bmi2 erms invpcid
bogomips	: 7183.73
clflush size	: 64
cache_alignment	: 64
address sizes	: 39 bits physical, 48 bits virtual
power management:

processor	: 7
vendor_id	: GenuineIntel
cpu family	: 6
model		: 60
model name	: Intel(R) Core(TM) i7-4790 CPU @ 3.60GHz
stepping	: 3
microcode	: 0x1c
cpu MHz		: 3601.000
cache size	: 8192 KB
physical id	: 0
siblings	: 8
core id		: 3
cpu cores	: 4
apicid		: 7
initial apicid	: 7
fpu		: yes
fpu_exception	: yes
cpuid level	: 13
wp		: yes
flags		: fpu vme de pse tsc msr pae mce cx8 apic sep mtrr pge mca cmov pat pse36 clflush dts acpi mmx fxsr sse sse2 ss ht tm pbe syscall nx pdpe1gb rdtscp lm constant_tsc arch_perfmon pebs bts rep_good nopl xtopology nonstop_tsc aperfmperf eagerfpu pni pclmulqdq dtes64 monitor ds_cpl vmx smx est tm2 ssse3 fma cx16 xtpr pdcm pcid sse4_1 sse4_2 x2apic movbe popcnt tsc_deadline_timer aes xsave avx f16c rdrand lahf_lm abm ida arat epb xsaveopt pln pts dtherm tpr_shadow vnmi flexpriority ept vpid fsgsbase tsc_adjust bmi1 avx2 smep bmi2 erms invpcid
bogomips	: 7183.73
clflush size	: 64
cache_alignment	: 64
address sizes	: 39 bits physical, 48 bits virtual
power management:



Memory: 4k page, physical 8130828k(110656k free), swap 0k(0k free)

vm_info: OpenJDK 64-Bit Server VM (25.112-b06) for linux-amd64 JRE (1.8.0_112-release-b06), built on Dec  6 2016 12:11:18 by "builder" with gcc 4.8.4

time: Tue Mar 28 16:58:05 2017
elapsed time: 5 seconds (0d 0h 0m 5s)

