#
# There is insufficient memory for the Java Runtime Environment to continue.
# Native memory allocation (mmap) failed to map 189792256 bytes for committing reserved memory.
# Possible reasons:
#   The system is out of physical RAM or swap space
#   In 32 bit mode, the process size limit was hit
# Possible solutions:
#   Reduce memory load on the system
#   Increase physical memory or swap space
#   Check if swap backing store is full
#   Use 64 bit Java on a 64 bit OS
#   Decrease Java heap size (-Xmx/-Xms)
#   Decrease number of Java threads
#   Decrease Java thread stack sizes (-Xss)
#   Set larger code cache with -XX:ReservedCodeCacheSize=
# This output file may be truncated or incomplete.
#
#  Out of Memory Error (os_linux.cpp:2627), pid=2278, tid=0x00007f60713f3700
#
# JRE version: OpenJDK Runtime Environment (8.0_112-b06) (build 1.8.0_112-release-b06)
# Java VM: OpenJDK 64-Bit Server VM (25.112-b06 mixed mode linux-amd64 compressed oops)
# Failed to write core dump. Core dumps have been disabled. To enable core dumping, try "ulimit -c unlimited" before starting Java again
#

---------------  T H R E A D  ---------------

Current thread (0x00007f6088081000):  VMThread [stack: 0x00007f60712f3000,0x00007f60713f4000] [id=2292]

Stack: [0x00007f60712f3000,0x00007f60713f4000],  sp=0x00007f60713f2460,  free space=1021k
Native frames: (J=compiled Java code, j=interpreted, Vv=VM code, C=native code)
V  [libjvm.so+0x9e465d]  VMError::report_and_die()+0x15d
V  [libjvm.so+0x4b6ada]  report_vm_out_of_memory(char const*, int, unsigned long, VMErrorType, char const*)+0x8a
V  [libjvm.so+0x84c860]  os::pd_commit_memory(char*, unsigned long, unsigned long, bool)+0xf0
V  [libjvm.so+0x84737f]  os::commit_memory(char*, unsigned long, unsigned long, bool)+0x1f
V  [libjvm.so+0x8bd3db]  PSVirtualSpace::expand_by(unsigned long)+0x5b
V  [libjvm.so+0x8be050]  PSYoungGen::resize_generation(unsigned long, unsigned long)+0xb0
V  [libjvm.so+0x8be36b]  PSYoungGen::resize(unsigned long, unsigned long)+0x1b
V  [libjvm.so+0x8baa5c]  PSScavenge::invoke_no_policy()+0xdac
V  [libjvm.so+0x8b4560]  PSParallelCompact::invoke(bool)+0x40
V  [libjvm.so+0x446d63]  CollectedHeap::collect_as_vm_thread(GCCause::Cause)+0x143
V  [libjvm.so+0x9e5a91]  VM_CollectForMetadataAllocation::doit()+0x141
V  [libjvm.so+0x9ea537]  VM_Operation::evaluate()+0x47
V  [libjvm.so+0x9e8ff8]  VMThread::evaluate_operation(VM_Operation*)+0x2c8
V  [libjvm.so+0x9e9479]  VMThread::loop()+0x219
V  [libjvm.so+0x9e98c2]  VMThread::run()+0x72
V  [libjvm.so+0x849c82]  java_start(Thread*)+0xf2

VM_Operation (0x00007f606a081c80): CollectForMetadataAllocation, mode: safepoint, requested by thread 0x00007f5ff955a000


---------------  P R O C E S S  ---------------

Java Threads: ( => current thread )
  0x00007f5ff9560000 JavaThread "config-0-worker-7" daemon [_thread_blocked, id=2321, stack(0x00007f6069482000,0x00007f6069683000)]
  0x00007f5ff955e800 JavaThread "config-0-worker-6" daemon [_thread_blocked, id=2320, stack(0x00007f6069683000,0x00007f6069884000)]
  0x00007f5ff955d800 JavaThread "config-0-worker-5" daemon [_thread_blocked, id=2319, stack(0x00007f6069884000,0x00007f6069a85000)]
  0x00007f5ff955c800 JavaThread "config-0-worker-4" daemon [_thread_blocked, id=2318, stack(0x00007f6069a85000,0x00007f6069c86000)]
  0x00007f5ff955b800 JavaThread "config-0-worker-3" daemon [_thread_blocked, id=2317, stack(0x00007f6069c86000,0x00007f6069e87000)]
  0x00007f5ff955a000 JavaThread "config-0-worker-2" daemon [_thread_blocked, id=2316, stack(0x00007f6069e87000,0x00007f606a088000)]
  0x00007f5ff9559000 JavaThread "config-0-worker-1" daemon [_thread_blocked, id=2315, stack(0x00007f606a088000,0x00007f606a289000)]
  0x00007f5ff9513000 JavaThread "config-0-worker-0" daemon [_thread_blocked, id=2314, stack(0x00007f606a289000,0x00007f606a48a000)]
  0x00007f6088498800 JavaThread "Jack reporter" [_thread_blocked, id=2302, stack(0x00007f607003a000,0x00007f607013b000)]
  0x00007f60880d4800 JavaThread "Service Thread" daemon [_thread_blocked, id=2300, stack(0x00007f60702d8000,0x00007f60703d9000)]
  0x00007f60880c9000 JavaThread "C1 CompilerThread3" daemon [_thread_blocked, id=2299, stack(0x00007f60703d9000,0x00007f60704da000)]
  0x00007f60880c7000 JavaThread "C2 CompilerThread2" daemon [_thread_in_native, id=2298, stack(0x00007f60704da000,0x00007f60705db000)]
  0x00007f60880c5800 JavaThread "C2 CompilerThread1" daemon [_thread_blocked, id=2297, stack(0x00007f60705db000,0x00007f60706dc000)]
  0x00007f60880c2800 JavaThread "C2 CompilerThread0" daemon [_thread_blocked, id=2296, stack(0x00007f60706dc000,0x00007f60707dd000)]
  0x00007f60880c1000 JavaThread "Signal Dispatcher" daemon [_thread_blocked, id=2295, stack(0x00007f60707dd000,0x00007f60708de000)]
  0x00007f608808d800 JavaThread "Finalizer" daemon [_thread_blocked, id=2294, stack(0x00007f60710f1000,0x00007f60711f2000)]
  0x00007f6088089000 JavaThread "Reference Handler" daemon [_thread_blocked, id=2293, stack(0x00007f60711f2000,0x00007f60712f3000)]
  0x00007f608800b800 JavaThread "main" [_thread_blocked, id=2283, stack(0x00007f6090a3f000,0x00007f6090b40000)]

Other Threads:
=>0x00007f6088081000 VMThread [stack: 0x00007f60712f3000,0x00007f60713f4000] [id=2292]
  0x00007f60880d7000 WatcherThread [stack: 0x00007f60701d7000,0x00007f60702d8000] [id=2301]

VM state:at safepoint (normal execution)

VM Mutex/Monitor currently owned by a thread:  ([mutex/lock_event])
[0x00007f6088007b80] Threads_lock - owner thread: 0x00007f6088081000
[0x00007f6088008080] Heap_lock - owner thread: 0x00007f5ff955a000

Heap:
 PSYoungGen      total 136192K, used 5088K [0x00000000eab00000, 0x00000000f3500000, 0x0000000100000000)
  eden space 131072K, 0% used [0x00000000eab00000,0x00000000eab00000,0x00000000f2b00000)
  from space 5120K, 99% used [0x00000000f2b00000,0x00000000f2ff8060,0x00000000f3000000)
  to   space 5120K, 0% used [0x00000000f3000000,0x00000000f3000000,0x00000000f3500000)
 ParOldGen       total 86016K, used 65083K [0x00000000c0000000, 0x00000000c5400000, 0x00000000eab00000)
  object space 86016K, 75% used [0x00000000c0000000,0x00000000c3f8edd0,0x00000000c5400000)
 Metaspace       used 21039K, capacity 21152K, committed 21296K, reserved 1069056K
  class space    used 2477K, capacity 2509K, committed 2560K, reserved 1048576K

Card table byte_map: [0x00007f608d6da000,0x00007f608d8db000] byte_map_base: 0x00007f608d0da000

Marking Bits: (ParMarkBitMap*) 0x00007f608ff0f340
 Begin Bits: [0x00007f6072000000, 0x00007f6073000000)
 End Bits:   [0x00007f6073000000, 0x00007f6074000000)

Polling page: 0x00007f6090b5e000

CodeCache: size=245760Kb used=11584Kb max_used=11584Kb free=234176Kb
 bounds [0x00007f6079000000, 0x00007f6079b60000, 0x00007f6088000000]
 total_blobs=3611 nmethods=3253 adapters=270
 compilation: enabled

Compilation events (10 events):
Event: 2.490 Thread 0x00007f60880c9000 3267       3       com.android.sched.scheduler.MultiWorkersScheduleInstance$Task::enqueue (32 bytes)
Event: 2.490 Thread 0x00007f60880c9000 nmethod 3267 0x00007f6079b57e10 code [0x00007f6079b57f80, 0x00007f6079b581a8]
Event: 2.490 Thread 0x00007f60880c9000 3268       3       com.android.jack.scheduling.filter.SourceTypeFilter::accept (9 bytes)
Event: 2.490 Thread 0x00007f60880c9000 nmethod 3268 0x00007f6079b58250 code [0x00007f6079b583e0, 0x00007f6079b58870]
Event: 2.490 Thread 0x00007f60880c9000 3269       3       com.android.jack.scheduling.filter.SourceTypeFilter::accept (16 bytes)
Event: 2.490 Thread 0x00007f60880c9000 nmethod 3269 0x00007f6079b58990 code [0x00007f6079b58b00, 0x00007f6079b58e30]
Event: 2.496 Thread 0x00007f60880c9000 3273       1       com.android.sched.scheduler.MultiWorkersScheduleInstance::access$100 (5 bytes)
Event: 2.496 Thread 0x00007f60880c9000 nmethod 3273 0x00007f6079b59250 code [0x00007f6079b593a0, 0x00007f6079b59490]
Event: 2.496 Thread 0x00007f60880c9000 3274       3       java.util.concurrent.LinkedBlockingDeque::unlinkFirst (74 bytes)
Event: 2.496 Thread 0x00007f60880c9000 nmethod 3274 0x00007f6079b59510 code [0x00007f6079b596c0, 0x00007f6079b59c08]

GC Heap History (9 events):
Event: 0.454 GC heap before
{Heap before GC invocations=1 (full 0):
 PSYoungGen      total 37888K, used 32768K [0x00000000eab00000, 0x00000000ed500000, 0x0000000100000000)
  eden space 32768K, 100% used [0x00000000eab00000,0x00000000ecb00000,0x00000000ecb00000)
  from space 5120K, 0% used [0x00000000ed000000,0x00000000ed000000,0x00000000ed500000)
  to   space 5120K, 0% used [0x00000000ecb00000,0x00000000ecb00000,0x00000000ed000000)
 ParOldGen       total 86016K, used 0K [0x00000000c0000000, 0x00000000c5400000, 0x00000000eab00000)
  object space 86016K, 0% used [0x00000000c0000000,0x00000000c0000000,0x00000000c5400000)
 Metaspace       used 9340K, capacity 9460K, committed 9728K, reserved 1058816K
  class space    used 1189K, capacity 1211K, committed 1280K, reserved 1048576K
Event: 0.480 GC heap after
Heap after GC invocations=1 (full 0):
 PSYoungGen      total 37888K, used 5088K [0x00000000eab00000, 0x00000000ef500000, 0x0000000100000000)
  eden space 32768K, 0% used [0x00000000eab00000,0x00000000eab00000,0x00000000ecb00000)
  from space 5120K, 99% used [0x00000000ecb00000,0x00000000ecff8040,0x00000000ed000000)
  to   space 5120K, 0% used [0x00000000ef000000,0x00000000ef000000,0x00000000ef500000)
 ParOldGen       total 86016K, used 4095K [0x00000000c0000000, 0x00000000c5400000, 0x00000000eab00000)
  object space 86016K, 4% used [0x00000000c0000000,0x00000000c03ffdb0,0x00000000c5400000)
 Metaspace       used 9340K, capacity 9460K, committed 9728K, reserved 1058816K
  class space    used 1189K, capacity 1211K, committed 1280K, reserved 1048576K
}
Event: 0.591 GC heap before
{Heap before GC invocations=2 (full 0):
 PSYoungGen      total 37888K, used 37856K [0x00000000eab00000, 0x00000000ef500000, 0x0000000100000000)
  eden space 32768K, 100% used [0x00000000eab00000,0x00000000ecb00000,0x00000000ecb00000)
  from space 5120K, 99% used [0x00000000ecb00000,0x00000000ecff8040,0x00000000ed000000)
  to   space 5120K, 0% used [0x00000000ef000000,0x00000000ef000000,0x00000000ef500000)
 ParOldGen       total 86016K, used 4095K [0x00000000c0000000, 0x00000000c5400000, 0x00000000eab00000)
  object space 86016K, 4% used [0x00000000c0000000,0x00000000c03ffdb0,0x00000000c5400000)
 Metaspace       used 11672K, capacity 11802K, committed 12032K, reserved 1060864K
  class space    used 1468K, capacity 1500K, committed 1536K, reserved 1048576K
Event: 0.597 GC heap after
Heap after GC invocations=2 (full 0):
 PSYoungGen      total 70656K, used 5104K [0x00000000eab00000, 0x00000000ef500000, 0x0000000100000000)
  eden space 65536K, 0% used [0x00000000eab00000,0x00000000eab00000,0x00000000eeb00000)
  from space 5120K, 99% used [0x00000000ef000000,0x00000000ef4fc040,0x00000000ef500000)
  to   space 5120K, 0% used [0x00000000eeb00000,0x00000000eeb00000,0x00000000ef000000)
 ParOldGen       total 86016K, used 12825K [0x00000000c0000000, 0x00000000c5400000, 0x00000000eab00000)
  object space 86016K, 14% used [0x00000000c0000000,0x00000000c0c867c8,0x00000000c5400000)
 Metaspace       used 11672K, capacity 11802K, committed 12032K, reserved 1060864K
  class space    used 1468K, capacity 1500K, committed 1536K, reserved 1048576K
}
Event: 1.057 GC heap before
{Heap before GC invocations=3 (full 0):
 PSYoungGen      total 70656K, used 70640K [0x00000000eab00000, 0x00000000ef500000, 0x0000000100000000)
  eden space 65536K, 100% used [0x00000000eab00000,0x00000000eeb00000,0x00000000eeb00000)
  from space 5120K, 99% used [0x00000000ef000000,0x00000000ef4fc040,0x00000000ef500000)
  to   space 5120K, 0% used [0x00000000eeb00000,0x00000000eeb00000,0x00000000ef000000)
 ParOldGen       total 86016K, used 12825K [0x00000000c0000000, 0x00000000c5400000, 0x00000000eab00000)
  object space 86016K, 14% used [0x00000000c0000000,0x00000000c0c867c8,0x00000000c5400000)
 Metaspace       used 17073K, capacity 17248K, committed 17536K, reserved 1064960K
  class space    used 2023K, capacity 2077K, committed 2176K, reserved 1048576K
Event: 1.065 GC heap after
Heap after GC invocations=3 (full 0):
 PSYoungGen      total 70656K, used 5117K [0x00000000eab00000, 0x00000000f3500000, 0x0000000100000000)
  eden space 65536K, 0% used [0x00000000eab00000,0x00000000eab00000,0x00000000eeb00000)
  from space 5120K, 99% used [0x00000000eeb00000,0x00000000eefff638,0x00000000ef000000)
  to   space 5120K, 0% used [0x00000000f3000000,0x00000000f3000000,0x00000000f3500000)
 ParOldGen       total 86016K, used 25717K [0x00000000c0000000, 0x00000000c5400000, 0x00000000eab00000)
  object space 86016K, 29% used [0x00000000c0000000,0x00000000c191d5a8,0x00000000c5400000)
 Metaspace       used 17073K, capacity 17248K, committed 17536K, reserved 1064960K
  class space    used 2023K, capacity 2077K, committed 2176K, reserved 1048576K
}
Event: 1.771 GC heap before
{Heap before GC invocations=4 (full 0):
 PSYoungGen      total 70656K, used 70653K [0x00000000eab00000, 0x00000000f3500000, 0x0000000100000000)
  eden space 65536K, 100% used [0x00000000eab00000,0x00000000eeb00000,0x00000000eeb00000)
  from space 5120K, 99% used [0x00000000eeb00000,0x00000000eefff638,0x00000000ef000000)
  to   space 5120K, 0% used [0x00000000f3000000,0x00000000f3000000,0x00000000f3500000)
 ParOldGen       total 86016K, used 25717K [0x00000000c0000000, 0x00000000c5400000, 0x00000000eab00000)
  object space 86016K, 29% used [0x00000000c0000000,0x00000000c191d5a8,0x00000000c5400000)
 Metaspace       used 18380K, capacity 18496K, committed 18560K, reserved 1064960K
  class space    used 2128K, capacity 2173K, committed 2176K, reserved 1048576K
Event: 1.797 GC heap after
Heap after GC invocations=4 (full 0):
 PSYoungGen      total 136192K, used 5101K [0x00000000eab00000, 0x00000000f3500000, 0x0000000100000000)
  eden space 131072K, 0% used [0x00000000eab00000,0x00000000eab00000,0x00000000f2b00000)
  from space 5120K, 99% used [0x00000000f3000000,0x00000000f34fb638,0x00000000f3500000)
  to   space 5120K, 0% used [0x00000000f2b00000,0x00000000f2b00000,0x00000000f3000000)
 ParOldGen       total 86016K, used 38476K [0x00000000c0000000, 0x00000000c5400000, 0x00000000eab00000)
  object space 86016K, 44% used [0x00000000c0000000,0x00000000c25933d8,0x00000000c5400000)
 Metaspace       used 18380K, capacity 18496K, committed 18560K, reserved 1064960K
  class space    used 2128K, capacity 2173K, committed 2176K, reserved 1048576K
}
Event: 2.500 GC heap before
{Heap before GC invocations=5 (full 0):
 PSYoungGen      total 136192K, used 129904K [0x00000000eab00000, 0x00000000f3500000, 0x0000000100000000)
  eden space 131072K, 95% used [0x00000000eab00000,0x00000000f24e0b78,0x00000000f2b00000)
  from space 5120K, 99% used [0x00000000f3000000,0x00000000f34fb638,0x00000000f3500000)
  to   space 5120K, 0% used [0x00000000f2b00000,0x00000000f2b00000,0x00000000f3000000)
 ParOldGen       total 86016K, used 38476K [0x00000000c0000000, 0x00000000c5400000, 0x00000000eab00000)
  object space 86016K, 44% used [0x00000000c0000000,0x00000000c25933d8,0x00000000c5400000)
 Metaspace       used 21039K, capacity 21152K, committed 21296K, reserved 1069056K
  class space    used 2477K, capacity 2509K, committed 2560K, reserved 1048576K

Deoptimization events (10 events):
Event: 2.020 Thread 0x00007f6089dd4800 Uncommon trap: reason=class_check action=maybe_recompile pc=0x00007f60797084e0 method=com.android.jack.eclipse.jdt.internal.compiler.lookup.LookupEnvironment.convertUnresolvedBinaryToRawType(Lcom/android/jack/eclipse/jdt/internal/compiler/lookup/TypeBindi
Event: 2.025 Thread 0x00007f6089dd4800 Uncommon trap: reason=unstable_if action=reinterpret pc=0x00007f6079705638 method=com.android.jack.eclipse.jdt.internal.compiler.lookup.LookupEnvironment.convertUnresolvedBinaryToRawType(Lcom/android/jack/eclipse/jdt/internal/compiler/lookup/TypeBinding;)
Event: 2.027 Thread 0x00007f6089dd4800 Uncommon trap: reason=class_check action=maybe_recompile pc=0x00007f60796bd3b4 method=com.android.jack.jayce.JayceFieldLoader.ensureAnnotations(Lcom/android/jack/ir/ast/JField;)V @ 22
Event: 2.027 Thread 0x00007f6089dd4800 Uncommon trap: reason=class_check action=maybe_recompile pc=0x00007f60796bd3b4 method=com.android.jack.jayce.JayceFieldLoader.ensureAnnotations(Lcom/android/jack/ir/ast/JField;)V @ 22
Event: 2.027 Thread 0x00007f6089dd4800 Uncommon trap: reason=class_check action=maybe_recompile pc=0x00007f60796bd3b4 method=com.android.jack.jayce.JayceFieldLoader.ensureAnnotations(Lcom/android/jack/ir/ast/JField;)V @ 22
Event: 2.074 Thread 0x00007f6089dd4800 Uncommon trap: reason=unstable_if action=reinterpret pc=0x00007f60798c40cc method=com.android.jack.ir.sourceinfo.ColumnSourceInfo.equals(Ljava/lang/Object;)Z @ 33
Event: 2.242 Thread 0x00007f608800b800 Uncommon trap: reason=bimorphic action=maybe_recompile pc=0x00007f6079267278 method=java.util.HashMap.putVal(ILjava/lang/Object;Ljava/lang/Object;ZZ)Ljava/lang/Object; @ 203
Event: 2.468 Thread 0x00007f608800b800 Uncommon trap: reason=bimorphic action=maybe_recompile pc=0x00007f6079ad7b50 method=com.android.jack.ir.ast.JMethodIdWide.equals(Ljava/lang/String;Ljava/util/List;)Z @ 21
Event: 2.476 Thread 0x00007f608800b800 Uncommon trap: reason=bimorphic action=maybe_recompile pc=0x00007f6079ad7b50 method=com.android.jack.ir.ast.JMethodIdWide.equals(Ljava/lang/String;Ljava/util/List;)Z @ 21
Event: 2.476 Thread 0x00007f608800b800 Uncommon trap: reason=bimorphic action=maybe_recompile pc=0x00007f6079ad7b50 method=com.android.jack.ir.ast.JMethodIdWide.equals(Ljava/lang/String;Ljava/util/List;)Z @ 21

Internal exceptions (10 events):
Event: 0.789 Thread 0x00007f608800b800 Exception <a 'java/lang/ArrayIndexOutOfBoundsException'> (0x00000000ec4b2bc8) thrown at [/ssd/Android/AOSP-openjdk/external/jetbrains/jdk/hotspot/src/share/vm/runtime/sharedRuntime.cpp, line 605]
Event: 0.789 Thread 0x00007f608800b800 Exception <a 'java/lang/ArrayIndexOutOfBoundsException'> (0x00000000ec4b4b80) thrown at [/ssd/Android/AOSP-openjdk/external/jetbrains/jdk/hotspot/src/share/vm/runtime/sharedRuntime.cpp, line 605]
Event: 0.790 Thread 0x00007f608800b800 Exception <a 'java/lang/ArrayIndexOutOfBoundsException'> (0x00000000ec4bd1c8) thrown at [/ssd/Android/AOSP-openjdk/external/jetbrains/jdk/hotspot/src/share/vm/runtime/sharedRuntime.cpp, line 605]
Event: 0.790 Thread 0x00007f608800b800 Exception <a 'java/lang/ArrayIndexOutOfBoundsException'> (0x00000000ec4becd0) thrown at [/ssd/Android/AOSP-openjdk/external/jetbrains/jdk/hotspot/src/share/vm/runtime/sharedRuntime.cpp, line 605]
Event: 0.792 Thread 0x00007f608800b800 Exception <a 'java/lang/ArrayIndexOutOfBoundsException'> (0x00000000ec4ccf70) thrown at [/ssd/Android/AOSP-openjdk/external/jetbrains/jdk/hotspot/src/share/vm/runtime/sharedRuntime.cpp, line 605]
Event: 0.799 Thread 0x00007f608800b800 Exception <a 'java/lang/ArrayIndexOutOfBoundsException'> (0x00000000ec546fd8) thrown at [/ssd/Android/AOSP-openjdk/external/jetbrains/jdk/hotspot/src/share/vm/runtime/sharedRuntime.cpp, line 605]
Event: 0.802 Thread 0x00007f608800b800 Exception <a 'java/lang/ArrayIndexOutOfBoundsException'> (0x00000000ec57a820) thrown at [/ssd/Android/AOSP-openjdk/external/jetbrains/jdk/hotspot/src/share/vm/runtime/sharedRuntime.cpp, line 605]
Event: 0.802 Thread 0x00007f608800b800 Exception <a 'java/lang/ArrayIndexOutOfBoundsException'> (0x00000000ec581028) thrown at [/ssd/Android/AOSP-openjdk/external/jetbrains/jdk/hotspot/src/share/vm/runtime/sharedRuntime.cpp, line 605]
Event: 0.803 Thread 0x00007f608800b800 Exception <a 'java/lang/ArrayIndexOutOfBoundsException'> (0x00000000ec583300) thrown at [/ssd/Android/AOSP-openjdk/external/jetbrains/jdk/hotspot/src/share/vm/runtime/sharedRuntime.cpp, line 605]
Event: 1.878 Thread 0x00007f6089dd4800 Implicit null exception at 0x00007f60797bc4b1 to 0x00007f60797bc4ee

Events (10 events):
Event: 2.484 Thread 0x00007f5ff955d800 Thread added: 0x00007f5ff955d800
Event: 2.484 Thread 0x00007f5ff955e800 Thread added: 0x00007f5ff955e800
Event: 2.484 Thread 0x00007f5ff9560000 Thread added: 0x00007f5ff9560000
Event: 2.485 loading class com/android/sched/scheduler/ScheduleInstance$ElementStack
Event: 2.485 loading class com/android/sched/scheduler/ScheduleInstance$ElementStack done
Event: 2.496 loading class com/android/jack/ir/impl/SourceGenerationVisitor
Event: 2.496 loading class com/android/jack/ir/impl/SourceGenerationVisitor done
Event: 2.497 loading class com/android/jack/ir/impl/BaseGenerationVisitor
Event: 2.497 loading class com/android/jack/ir/impl/BaseGenerationVisitor done
Event: 2.500 Executing VM operation: CollectForMetadataAllocation


Dynamic libraries:
00400000-00401000 r-xp 00000000 08:05 1580616                            /home/mustafa/work/tools/android-studio/jre/bin/java
00600000-00601000 r--p 00000000 08:05 1580616                            /home/mustafa/work/tools/android-studio/jre/bin/java
00601000-00602000 rw-p 00001000 08:05 1580616                            /home/mustafa/work/tools/android-studio/jre/bin/java
008eb000-0090c000 rw-p 00000000 00:00 0                                  [heap]
c0000000-c5400000 rw-p 00000000 00:00 0 
c5400000-eab00000 ---p 00000000 00:00 0 
eab00000-f3500000 rw-p 00000000 00:00 0 
fea00000-100000000 ---p 00000000 00:00 0 
100000000-100280000 rw-p 00000000 00:00 0 
100280000-140000000 ---p 00000000 00:00 0 
7f5ff4000000-7f5ff4021000 rw-p 00000000 00:00 0 
7f5ff4021000-7f5ff8000000 ---p 00000000 00:00 0 
7f5ff8000000-7f5ff9561000 rw-p 00000000 00:00 0 
7f5ff9561000-7f5ffc000000 ---p 00000000 00:00 0 
7f5ffc000000-7f5ffc021000 rw-p 00000000 00:00 0 
7f5ffc021000-7f6000000000 ---p 00000000 00:00 0 
7f6000000000-7f60020b4000 rw-p 00000000 00:00 0 
7f60020b4000-7f6004000000 ---p 00000000 00:00 0 
7f6004000000-7f6004021000 rw-p 00000000 00:00 0 
7f6004021000-7f6008000000 ---p 00000000 00:00 0 
7f6008000000-7f6008021000 rw-p 00000000 00:00 0 
7f6008021000-7f600c000000 ---p 00000000 00:00 0 
7f600c000000-7f600c021000 rw-p 00000000 00:00 0 
7f600c021000-7f6010000000 ---p 00000000 00:00 0 
7f6010000000-7f601027c000 rw-p 00000000 00:00 0 
7f601027c000-7f6014000000 ---p 00000000 00:00 0 
7f6014000000-7f6014021000 rw-p 00000000 00:00 0 
7f6014021000-7f6018000000 ---p 00000000 00:00 0 
7f6018000000-7f6018021000 rw-p 00000000 00:00 0 
7f6018021000-7f601c000000 ---p 00000000 00:00 0 
7f601c000000-7f601c021000 rw-p 00000000 00:00 0 
7f601c021000-7f6020000000 ---p 00000000 00:00 0 
7f6020000000-7f6020021000 rw-p 00000000 00:00 0 
7f6020021000-7f6024000000 ---p 00000000 00:00 0 
7f6024000000-7f60250bf000 rw-p 00000000 00:00 0 
7f60250bf000-7f6028000000 ---p 00000000 00:00 0 
7f6028000000-7f6028021000 rw-p 00000000 00:00 0 
7f6028021000-7f602c000000 ---p 00000000 00:00 0 
7f602c000000-7f602c914000 rw-p 00000000 00:00 0 
7f602c914000-7f6030000000 ---p 00000000 00:00 0 
7f6030000000-7f603106e000 rw-p 00000000 00:00 0 
7f603106e000-7f6034000000 ---p 00000000 00:00 0 
7f6034000000-7f6034021000 rw-p 00000000 00:00 0 
7f6034021000-7f6038000000 ---p 00000000 00:00 0 
7f6038000000-7f6038d0a000 rw-p 00000000 00:00 0 
7f6038d0a000-7f603c000000 ---p 00000000 00:00 0 
7f603c000000-7f603c021000 rw-p 00000000 00:00 0 
7f603c021000-7f6040000000 ---p 00000000 00:00 0 
7f6040000000-7f6040021000 rw-p 00000000 00:00 0 
7f6040021000-7f6044000000 ---p 00000000 00:00 0 
7f6044000000-7f6044021000 rw-p 00000000 00:00 0 
7f6044021000-7f6048000000 ---p 00000000 00:00 0 
7f6048000000-7f604827d000 rw-p 00000000 00:00 0 
7f604827d000-7f604c000000 ---p 00000000 00:00 0 
7f604c000000-7f604c021000 rw-p 00000000 00:00 0 
7f604c021000-7f6050000000 ---p 00000000 00:00 0 
7f6054000000-7f6054021000 rw-p 00000000 00:00 0 
7f6054021000-7f6058000000 ---p 00000000 00:00 0 
7f6058000000-7f6058021000 rw-p 00000000 00:00 0 
7f6058021000-7f605c000000 ---p 00000000 00:00 0 
7f605c000000-7f605c021000 rw-p 00000000 00:00 0 
7f605c021000-7f6060000000 ---p 00000000 00:00 0 
7f6064000000-7f6064021000 rw-p 00000000 00:00 0 
7f6064021000-7f6068000000 ---p 00000000 00:00 0 
7f6069482000-7f6069485000 ---p 00000000 00:00 0 
7f6069485000-7f6069683000 rw-p 00000000 00:00 0                          [stack:2321]
7f6069683000-7f6069686000 ---p 00000000 00:00 0 
7f6069686000-7f6069884000 rw-p 00000000 00:00 0                          [stack:2320]
7f6069884000-7f6069887000 ---p 00000000 00:00 0 
7f6069887000-7f6069a85000 rw-p 00000000 00:00 0                          [stack:2319]
7f6069a85000-7f6069a88000 ---p 00000000 00:00 0 
7f6069a88000-7f6069c86000 rw-p 00000000 00:00 0                          [stack:2318]
7f6069c86000-7f6069c89000 ---p 00000000 00:00 0 
7f6069c89000-7f6069e87000 rw-p 00000000 00:00 0                          [stack:2317]
7f6069e87000-7f6069e8a000 ---p 00000000 00:00 0 
7f6069e8a000-7f606a088000 rw-p 00000000 00:00 0                          [stack:2316]
7f606a088000-7f606a08b000 ---p 00000000 00:00 0 
7f606a08b000-7f606a289000 rw-p 00000000 00:00 0                          [stack:2315]
7f606a289000-7f606a28c000 ---p 00000000 00:00 0 
7f606a28c000-7f606a4d6000 rw-p 00000000 00:00 0                          [stack:2314]
7f606a4d6000-7f606a68a000 ---p 00000000 00:00 0 
7f606a68a000-7f606a88a000 rw-p 00000000 00:00 0 
7f606a88a000-7f606aa8a000 rw-p 00000000 00:00 0 
7f606aa8a000-7f606aa8d000 ---p 00000000 00:00 0 
7f606aa8d000-7f606ab8b000 rw-p 00000000 00:00 0 
7f606ab8b000-7f606ab8e000 ---p 00000000 00:00 0 
7f606ab8e000-7f606ac8c000 rw-p 00000000 00:00 0 
7f606ac8c000-7f606ac8f000 ---p 00000000 00:00 0 
7f606ac8f000-7f606ad8d000 rw-p 00000000 00:00 0 
7f606ad8d000-7f606ad90000 ---p 00000000 00:00 0 
7f606ad90000-7f606ae8e000 rw-p 00000000 00:00 0 
7f606ae8e000-7f606ae91000 ---p 00000000 00:00 0 
7f606ae91000-7f606af8f000 rw-p 00000000 00:00 0 
7f606af8f000-7f606af92000 ---p 00000000 00:00 0 
7f606af92000-7f606b090000 rw-p 00000000 00:00 0 
7f606b090000-7f606b093000 ---p 00000000 00:00 0 
7f606b093000-7f606b191000 rw-p 00000000 00:00 0 
7f606b191000-7f606b194000 ---p 00000000 00:00 0 
7f606b194000-7f606b292000 rw-p 00000000 00:00 0 
7f606b292000-7f606b295000 ---p 00000000 00:00 0 
7f606b295000-7f606b593000 rw-p 00000000 00:00 0 
7f606b593000-7f606b793000 rw-p 00000000 00:00 0 
7f606b793000-7f606b993000 rw-p 00000000 00:00 0 
7f606b993000-7f606b99c000 r-xp 00000000 08:05 1580711                    /home/mustafa/work/tools/android-studio/jre/jre/lib/amd64/libmanagement.so
7f606b99c000-7f606bb9b000 ---p 00009000 08:05 1580711                    /home/mustafa/work/tools/android-studio/jre/jre/lib/amd64/libmanagement.so
7f606bb9b000-7f606bb9c000 r--p 00008000 08:05 1580711                    /home/mustafa/work/tools/android-studio/jre/jre/lib/amd64/libmanagement.so
7f606bb9c000-7f606bb9d000 rw-p 00009000 08:05 1580711                    /home/mustafa/work/tools/android-studio/jre/jre/lib/amd64/libmanagement.so
7f606bb9d000-7f606bbb3000 r-xp 00000000 08:05 2363341                    /lib/x86_64-linux-gnu/libgcc_s.so.1
7f606bbb3000-7f606bdb2000 ---p 00016000 08:05 2363341                    /lib/x86_64-linux-gnu/libgcc_s.so.1
7f606bdb2000-7f606bdb3000 rw-p 00015000 08:05 2363341                    /lib/x86_64-linux-gnu/libgcc_s.so.1
7f606bdb3000-7f606bde9000 r-xp 00000000 08:05 1580715                    /home/mustafa/work/tools/android-studio/jre/jre/lib/amd64/libsunec.so
7f606bde9000-7f606bfe8000 ---p 00036000 08:05 1580715                    /home/mustafa/work/tools/android-studio/jre/jre/lib/amd64/libsunec.so
7f606bfe8000-7f606bfed000 r--p 00035000 08:05 1580715                    /home/mustafa/work/tools/android-studio/jre/jre/lib/amd64/libsunec.so
7f606bfed000-7f606bfef000 rw-p 0003a000 08:05 1580715                    /home/mustafa/work/tools/android-studio/jre/jre/lib/amd64/libsunec.so
7f606bfef000-7f606c000000 rw-p 00000000 00:00 0 
7f606c000000-7f606c021000 rw-p 00000000 00:00 0 
7f606c021000-7f6070000000 ---p 00000000 00:00 0 
7f607003a000-7f607003d000 ---p 00000000 00:00 0 
7f607003d000-7f607013b000 rw-p 00000000 00:00 0                          [stack:2302]
7f607013b000-7f6070146000 r--s 0006e000 08:05 936226                     /home/mustafa/work/apps/ringdroid/app/build/intermediates/transforms/preJackRuntimeLibraries/debug/jars/8000/40/org.apache.http.legacy-ab9308e21bd6734b618c2803ec8f19ce48961397.jar
7f6070146000-7f607019d000 r--s 00540000 08:05 936225                     /home/mustafa/work/apps/ringdroid/app/build/intermediates/transforms/preJackRuntimeLibraries/debug/jars/8000/40/android-60a6732893213a84eafbee97271077d9c958254c.jar
7f607019d000-7f60701bf000 r--s 001c9000 08:05 936205                     /home/mustafa/work/apps/ringdroid/app/build/intermediates/transforms/preJackPackagedLibraries/debug/jars/8000/1f/classes-8e2c9f4144f1db6d866d9ae06627e068f687b286.jar
7f60701bf000-7f60701d3000 r--s 0020a000 08:05 936204                     /home/mustafa/work/apps/ringdroid/app/build/intermediates/transforms/preJackPackagedLibraries/debug/jars/8000/1f/classes-0629759d2bf7d207db07edb499455341ef86d2d2.jar
7f60701d3000-7f60701d7000 r--s 0004b000 08:05 936209                     /home/mustafa/work/apps/ringdroid/app/build/intermediates/transforms/preJackPackagedLibraries/debug/jars/8000/1f/classes-3ac11d8bfea5ba0a0bd8e524854d3079fedcb088.jar
7f60701d7000-7f60701d8000 ---p 00000000 00:00 0 
7f60701d8000-7f60702d8000 rw-p 00000000 00:00 0                          [stack:2301]
7f60702d8000-7f60702db000 ---p 00000000 00:00 0 
7f60702db000-7f60703d9000 rw-p 00000000 00:00 0                          [stack:2300]
7f60703d9000-7f60703dc000 ---p 00000000 00:00 0 
7f60703dc000-7f60704da000 rw-p 00000000 00:00 0                          [stack:2299]
7f60704da000-7f60704dd000 ---p 00000000 00:00 0 
7f60704dd000-7f60705db000 rw-p 00000000 00:00 0                          [stack:2298]
7f60705db000-7f60705de000 ---p 00000000 00:00 0 
7f60705de000-7f60706dc000 rw-p 00000000 00:00 0                          [stack:2297]
7f60706dc000-7f60706df000 ---p 00000000 00:00 0 
7f60706df000-7f60707dd000 rw-p 00000000 00:00 0                          [stack:2296]
7f60707dd000-7f60707e0000 ---p 00000000 00:00 0 
7f60707e0000-7f60708de000 rw-p 00000000 00:00 0                          [stack:2295]
7f60708de000-7f60710f1000 r--p 00000000 08:05 2891582                    /usr/lib/locale/locale-archive
7f60710f1000-7f60710f4000 ---p 00000000 00:00 0 
7f60710f4000-7f60711f2000 rw-p 00000000 00:00 0                          [stack:2294]
7f60711f2000-7f60711f5000 ---p 00000000 00:00 0 
7f60711f5000-7f60712f3000 rw-p 00000000 00:00 0                          [stack:2293]
7f60712f3000-7f60712f4000 ---p 00000000 00:00 0 
7f60712f4000-7f6074000000 rw-p 00000000 00:00 0                          [stack:2292]
7f6074000000-7f6074021000 rw-p 00000000 00:00 0 
7f6074021000-7f6078000000 ---p 00000000 00:00 0 
7f6078002000-7f6078012000 r--s 000de000 08:05 936206                     /home/mustafa/work/apps/ringdroid/app/build/intermediates/transforms/preJackPackagedLibraries/debug/jars/8000/1f/classes-3fb421b33ae0d8c30b34eef06a1aaf4cfd49b7f3.jar
7f6078012000-7f607801a000 r--s 000d5000 08:05 936210                     /home/mustafa/work/apps/ringdroid/app/build/intermediates/transforms/preJackPackagedLibraries/debug/jars/8000/1f/classes-75ea7071acd8800b94f55c24a9e15126e5d50fb7.jar
7f607801a000-7f607801f000 r--s 0008f000 08:05 936207                     /home/mustafa/work/apps/ringdroid/app/build/intermediates/transforms/preJackPackagedLibraries/debug/jars/8000/1f/classes-9b4ce8db62d83d5ebd40e563f32a165b2ad5aee1.jar
7f607801f000-7f6078024000 r--s 0003b000 08:05 1580744                    /home/mustafa/work/tools/android-studio/jre/jre/lib/ext/sunjce_provider.jar
7f6078024000-7f60780f1000 r--s 00aca000 08:05 3696278                    /home/mustafa/Android/Sdk/build-tools/25.0.0/jack.jar
7f60780f1000-7f6079000000 rw-p 00000000 00:00 0 
7f6079000000-7f6079b60000 rwxp 00000000 00:00 0 
7f6079b60000-7f6088000000 ---p 00000000 00:00 0 
7f6088000000-7f608bffd000 rw-p 00000000 00:00 0 
7f608bffd000-7f608c000000 ---p 00000000 00:00 0 
7f608c002000-7f608c137000 rw-p 00000000 00:00 0 
7f608c137000-7f608c306000 r--s 03c1b000 08:05 1580675                    /home/mustafa/work/tools/android-studio/jre/jre/lib/rt.jar
7f608c306000-7f608cd7c000 rw-p 00000000 00:00 0 
7f608cd7c000-7f608cd7d000 ---p 00000000 00:00 0 
7f608cd7d000-7f608ce7d000 rw-p 00000000 00:00 0                          [stack:2291]
7f608ce7d000-7f608ce7e000 ---p 00000000 00:00 0 
7f608ce7e000-7f608cf7e000 rw-p 00000000 00:00 0                          [stack:2290]
7f608cf7e000-7f608cf7f000 ---p 00000000 00:00 0 
7f608cf7f000-7f608d07f000 rw-p 00000000 00:00 0                          [stack:2289]
7f608d07f000-7f608d080000 ---p 00000000 00:00 0 
7f608d080000-7f608d180000 rw-p 00000000 00:00 0                          [stack:2288]
7f608d180000-7f608d181000 ---p 00000000 00:00 0 
7f608d181000-7f608d281000 rw-p 00000000 00:00 0                          [stack:2287]
7f608d281000-7f608d282000 ---p 00000000 00:00 0 
7f608d282000-7f608d382000 rw-p 00000000 00:00 0                          [stack:2286]
7f608d382000-7f608d383000 ---p 00000000 00:00 0 
7f608d383000-7f608d483000 rw-p 00000000 00:00 0                          [stack:2285]
7f608d483000-7f608d484000 ---p 00000000 00:00 0 
7f608d484000-7f608d5ae000 rw-p 00000000 00:00 0                          [stack:2284]
7f608d5ae000-7f608d6da000 ---p 00000000 00:00 0 
7f608d6da000-7f608d704000 rw-p 00000000 00:00 0 
7f608d704000-7f608d82f000 ---p 00000000 00:00 0 
7f608d82f000-7f608d875000 rw-p 00000000 00:00 0 
7f608d875000-7f608d8da000 ---p 00000000 00:00 0 
7f608d8da000-7f608d909000 rw-p 00000000 00:00 0 
7f608d909000-7f608dc9b000 ---p 00000000 00:00 0 
7f608dc9b000-7f608dcb5000 r-xp 00000000 08:05 1580692                    /home/mustafa/work/tools/android-studio/jre/jre/lib/amd64/libzip.so
7f608dcb5000-7f608deb5000 ---p 0001a000 08:05 1580692                    /home/mustafa/work/tools/android-studio/jre/jre/lib/amd64/libzip.so
7f608deb5000-7f608deb6000 r--p 0001a000 08:05 1580692                    /home/mustafa/work/tools/android-studio/jre/jre/lib/amd64/libzip.so
7f608deb6000-7f608deb7000 rw-p 0001b000 08:05 1580692                    /home/mustafa/work/tools/android-studio/jre/jre/lib/amd64/libzip.so
7f608deb7000-7f608dec1000 r-xp 00000000 08:05 2360515                    /lib/x86_64-linux-gnu/libnss_files-2.19.so
7f608dec1000-7f608e0c0000 ---p 0000a000 08:05 2360515                    /lib/x86_64-linux-gnu/libnss_files-2.19.so
7f608e0c0000-7f608e0c1000 r--p 00009000 08:05 2360515                    /lib/x86_64-linux-gnu/libnss_files-2.19.so
7f608e0c1000-7f608e0c2000 rw-p 0000a000 08:05 2360515                    /lib/x86_64-linux-gnu/libnss_files-2.19.so
7f608e0c2000-7f608e0cd000 r-xp 00000000 08:05 2359388                    /lib/x86_64-linux-gnu/libnss_nis-2.19.so
7f608e0cd000-7f608e2cc000 ---p 0000b000 08:05 2359388                    /lib/x86_64-linux-gnu/libnss_nis-2.19.so
7f608e2cc000-7f608e2cd000 r--p 0000a000 08:05 2359388                    /lib/x86_64-linux-gnu/libnss_nis-2.19.so
7f608e2cd000-7f608e2ce000 rw-p 0000b000 08:05 2359388                    /lib/x86_64-linux-gnu/libnss_nis-2.19.so
7f608e2ce000-7f608e2e5000 r-xp 00000000 08:05 2360272                    /lib/x86_64-linux-gnu/libnsl-2.19.so
7f608e2e5000-7f608e4e4000 ---p 00017000 08:05 2360272                    /lib/x86_64-linux-gnu/libnsl-2.19.so
7f608e4e4000-7f608e4e5000 r--p 00016000 08:05 2360272                    /lib/x86_64-linux-gnu/libnsl-2.19.so
7f608e4e5000-7f608e4e6000 rw-p 00017000 08:05 2360272                    /lib/x86_64-linux-gnu/libnsl-2.19.so
7f608e4e6000-7f608e4e8000 rw-p 00000000 00:00 0 
7f608e4e8000-7f608e4f1000 r-xp 00000000 08:05 2359399                    /lib/x86_64-linux-gnu/libnss_compat-2.19.so
7f608e4f1000-7f608e6f0000 ---p 00009000 08:05 2359399                    /lib/x86_64-linux-gnu/libnss_compat-2.19.so
7f608e6f0000-7f608e6f1000 r--p 00008000 08:05 2359399                    /lib/x86_64-linux-gnu/libnss_compat-2.19.so
7f608e6f1000-7f608e6f2000 rw-p 00009000 08:05 2359399                    /lib/x86_64-linux-gnu/libnss_compat-2.19.so
7f608e6f2000-7f608e71f000 r-xp 00000000 08:05 1580710                    /home/mustafa/work/tools/android-studio/jre/jre/lib/amd64/libjava.so
7f608e71f000-7f608e91e000 ---p 0002d000 08:05 1580710                    /home/mustafa/work/tools/android-studio/jre/jre/lib/amd64/libjava.so
7f608e91e000-7f608e91f000 r--p 0002c000 08:05 1580710                    /home/mustafa/work/tools/android-studio/jre/jre/lib/amd64/libjava.so
7f608e91f000-7f608e921000 rw-p 0002d000 08:05 1580710                    /home/mustafa/work/tools/android-studio/jre/jre/lib/amd64/libjava.so
7f608e921000-7f608e931000 r-xp 00000000 08:05 1580681                    /home/mustafa/work/tools/android-studio/jre/jre/lib/amd64/libverify.so
7f608e931000-7f608eb30000 ---p 00010000 08:05 1580681                    /home/mustafa/work/tools/android-studio/jre/jre/lib/amd64/libverify.so
7f608eb30000-7f608eb32000 r--p 0000f000 08:05 1580681                    /home/mustafa/work/tools/android-studio/jre/jre/lib/amd64/libverify.so
7f608eb32000-7f608eb33000 rw-p 00011000 08:05 1580681                    /home/mustafa/work/tools/android-studio/jre/jre/lib/amd64/libverify.so
7f608eb33000-7f608eb3a000 r-xp 00000000 08:05 2359326                    /lib/x86_64-linux-gnu/librt-2.19.so
7f608eb3a000-7f608ed39000 ---p 00007000 08:05 2359326                    /lib/x86_64-linux-gnu/librt-2.19.so
7f608ed39000-7f608ed3a000 r--p 00006000 08:05 2359326                    /lib/x86_64-linux-gnu/librt-2.19.so
7f608ed3a000-7f608ed3b000 rw-p 00007000 08:05 2359326                    /lib/x86_64-linux-gnu/librt-2.19.so
7f608ed3b000-7f608ee40000 r-xp 00000000 08:05 2360276                    /lib/x86_64-linux-gnu/libm-2.19.so
7f608ee40000-7f608f03f000 ---p 00105000 08:05 2360276                    /lib/x86_64-linux-gnu/libm-2.19.so
7f608f03f000-7f608f040000 r--p 00104000 08:05 2360276                    /lib/x86_64-linux-gnu/libm-2.19.so
7f608f040000-7f608f041000 rw-p 00105000 08:05 2360276                    /lib/x86_64-linux-gnu/libm-2.19.so
7f608f041000-7f608fc32000 r-xp 00000000 08:05 1580690                    /home/mustafa/work/tools/android-studio/jre/jre/lib/amd64/server/libjvm.so
7f608fc32000-7f608fe32000 ---p 00bf1000 08:05 1580690                    /home/mustafa/work/tools/android-studio/jre/jre/lib/amd64/server/libjvm.so
7f608fe32000-7f608fed1000 r--p 00bf1000 08:05 1580690                    /home/mustafa/work/tools/android-studio/jre/jre/lib/amd64/server/libjvm.so
7f608fed1000-7f608fefa000 rw-p 00c90000 08:05 1580690                    /home/mustafa/work/tools/android-studio/jre/jre/lib/amd64/server/libjvm.so
7f608fefa000-7f608ff3e000 rw-p 00000000 00:00 0 
7f608ff3e000-7f608ff57000 r-xp 00000000 08:05 2360519                    /lib/x86_64-linux-gnu/libpthread-2.19.so
7f608ff57000-7f6090156000 ---p 00019000 08:05 2360519                    /lib/x86_64-linux-gnu/libpthread-2.19.so
7f6090156000-7f6090157000 r--p 00018000 08:05 2360519                    /lib/x86_64-linux-gnu/libpthread-2.19.so
7f6090157000-7f6090158000 rw-p 00019000 08:05 2360519                    /lib/x86_64-linux-gnu/libpthread-2.19.so
7f6090158000-7f609015c000 rw-p 00000000 00:00 0 
7f609015c000-7f609015f000 r-xp 00000000 08:05 2360517                    /lib/x86_64-linux-gnu/libdl-2.19.so
7f609015f000-7f609035e000 ---p 00003000 08:05 2360517                    /lib/x86_64-linux-gnu/libdl-2.19.so
7f609035e000-7f609035f000 r--p 00002000 08:05 2360517                    /lib/x86_64-linux-gnu/libdl-2.19.so
7f609035f000-7f6090360000 rw-p 00003000 08:05 2360517                    /lib/x86_64-linux-gnu/libdl-2.19.so
7f6090360000-7f609051e000 r-xp 00000000 08:05 2359397                    /lib/x86_64-linux-gnu/libc-2.19.so
7f609051e000-7f609071d000 ---p 001be000 08:05 2359397                    /lib/x86_64-linux-gnu/libc-2.19.so
7f609071d000-7f6090721000 r--p 001bd000 08:05 2359397                    /lib/x86_64-linux-gnu/libc-2.19.so
7f6090721000-7f6090723000 rw-p 001c1000 08:05 2359397                    /lib/x86_64-linux-gnu/libc-2.19.so
7f6090723000-7f6090728000 rw-p 00000000 00:00 0 
7f6090728000-7f609073e000 r-xp 00000000 08:05 1580632                    /home/mustafa/work/tools/android-studio/jre/lib/amd64/jli/libjli.so
7f609073e000-7f609093d000 ---p 00016000 08:05 1580632                    /home/mustafa/work/tools/android-studio/jre/lib/amd64/jli/libjli.so
7f609093d000-7f609093e000 r--p 00015000 08:05 1580632                    /home/mustafa/work/tools/android-studio/jre/lib/amd64/jli/libjli.so
7f609093e000-7f609093f000 rw-p 00016000 08:05 1580632                    /home/mustafa/work/tools/android-studio/jre/lib/amd64/jli/libjli.so
7f609093f000-7f6090962000 r-xp 00000000 08:05 2360513                    /lib/x86_64-linux-gnu/ld-2.19.so
7f6090962000-7f6090963000 rw-p 00000000 00:00 0 
7f6090963000-7f6090966000 r--s 0000d000 08:05 936222                     /home/mustafa/work/apps/ringdroid/app/build/intermediates/transforms/preJackPackagedLibraries/debug/jars/8000/1f/support-annotations-26.0.0-alpha1-81535b28afa8bc53af082bfa24696f1a6d0888aa.jar
7f6090966000-7f6090a3f000 rw-p 00000000 00:00 0 
7f6090a3f000-7f6090a42000 ---p 00000000 00:00 0 
7f6090a42000-7f6090b44000 rw-p 00000000 00:00 0                          [stack:2283]
7f6090b44000-7f6090b45000 r--s 00001000 08:05 936212                     /home/mustafa/work/apps/ringdroid/app/build/intermediates/transforms/preJackPackagedLibraries/debug/jars/8000/1f/classes-39b2b7fb12f42635ecbf55516e7e3409516e1319.jar
7f6090b45000-7f6090b46000 r--s 00009000 08:05 936224                     /home/mustafa/work/apps/ringdroid/app/build/intermediates/transforms/preJackPackagedLibraries/debug/jars/8000/1f/classes-44416e0ae53b27c675a9d3074aa8ad2194a34b79.jar
7f6090b46000-7f6090b48000 r--s 00022000 08:05 936220                     /home/mustafa/work/apps/ringdroid/app/build/intermediates/transforms/preJackPackagedLibraries/debug/jars/8000/1f/classes-8286af90831b750a989146b11cecfa2635e4e968.jar
7f6090b48000-7f6090b49000 r--s 00008000 08:05 1580742                    /home/mustafa/work/tools/android-studio/jre/jre/lib/ext/sunec.jar
7f6090b49000-7f6090b4d000 r--s 00037000 08:05 1580746                    /home/mustafa/work/tools/android-studio/jre/jre/lib/ext/sunpkcs11.jar
7f6090b4d000-7f6090b50000 r--s 00015000 08:05 1580651                    /home/mustafa/work/tools/android-studio/jre/jre/lib/jce.jar
7f6090b50000-7f6090b55000 r--s 00098000 08:05 1580672                    /home/mustafa/work/tools/android-studio/jre/jre/lib/jsse.jar
7f6090b55000-7f6090b5d000 rw-s 00000000 08:05 3696674                    /tmp/hsperfdata_mustafa/2278
7f6090b5d000-7f6090b5e000 rw-p 00000000 00:00 0 
7f6090b5e000-7f6090b5f000 ---p 00000000 00:00 0 
7f6090b5f000-7f6090b61000 rw-p 00000000 00:00 0 
7f6090b61000-7f6090b62000 r--p 00022000 08:05 2360513                    /lib/x86_64-linux-gnu/ld-2.19.so
7f6090b62000-7f6090b63000 rw-p 00023000 08:05 2360513                    /lib/x86_64-linux-gnu/ld-2.19.so
7f6090b63000-7f6090b64000 rw-p 00000000 00:00 0 
7ffc84e1e000-7ffc84e40000 rw-p 00000000 00:00 0                          [stack]
7ffc84eed000-7ffc84eef000 r-xp 00000000 00:00 0                          [vdso]
ffffffffff600000-ffffffffff601000 r-xp 00000000 00:00 0                  [vsyscall]

VM Arguments:
jvm_args: -Djava.awt.headless=true -Xmx1024M -Dfile.encoding=UTF-8 -Duser.country=US -Duser.language=en -Duser.variant 
java_command: com.android.jack.Main -D jack.dex.optimize=true -D jack.reporter=sdk -D jack.dex.debug.vars=true --classpath /home/mustafa/work/apps/ringdroid/app/build/intermediates/transforms/preJackRuntimeLibraries/debug/jars/8000/40/android-60a6732893213a84eafbee97271077d9c958254c.jar:/home/mustafa/work/apps/ringdroid/app/build/intermediates/transforms/preJackRuntimeLibraries/debug/jars/8000/40/org.apache.http.legacy-ab9308e21bd6734b618c2803ec8f19ce48961397.jar --import /home/mustafa/work/apps/ringdroid/app/build/intermediates/transforms/preJackPackagedLibraries/debug/jars/8000/1f/classes-9b4ce8db62d83d5ebd40e563f32a165b2ad5aee1.jar --import /home/mustafa/work/apps/ringdroid/app/build/intermediates/transforms/preJackPackagedLibraries/debug/jars/8000/1f/classes-75ea7071acd8800b94f55c24a9e15126e5d50fb7.jar --import /home/mustafa/work/apps/ringdroid/app/build/intermediates/transforms/preJackPackagedLibraries/debug/jars/8000/1f/classes-8286af90831b750a989146b11cecfa2635e4e968.jar --import /home/mustafa/work/apps/ringdroid/app/build/intermediates/transforms/preJackPackagedLibraries/debug/jars/8000/1f/classes-3fb421b33ae0d8c30b34eef06a1aaf4cfd49b7f3.jar --import /home/mustafa/work/apps/ringdroid/app/build/intermediates/transforms/preJackPackagedLibraries/debug/jars/8000/1f/classes-44416e0ae53b27c675a9d3074aa8ad2194a34b79.jar --import /home/mustafa/work/apps/ringdroid/app/build/intermediates/transforms/preJackPackagedLibraries/debug/jars/8000/1f/support-annotations-26.0.0-alpha1-81535b28afa8bc53af082bfa24696f1a6d0888aa.jar --import /home/mustafa/work/apps/ringdroid/app/build/intermediates/transforms/preJackPackagedLibraries/debug/jars/8000/1f/classes-3ac11d8bfea5ba0a0bd8e524854d3079fedcb088.jar --import /home/mustafa/work/apps/ringdroid/app/build/intermediates/transforms/preJackPackagedLibraries/debug/jars/8000/1f/classes-0629759d2bf7d207db07edb499455341ef86d2d2.jar --import /home/mustafa/work/apps/ringdroid/app/build/intermediates/transforms/preJackPackagedLibraries/d
java_class_path (initial): /home/mustafa/Android/Sdk/build-tools/25.0.0/jack.jar
Launcher Type: SUN_STANDARD

Environment Variables:
JAVA_HOME=/home/mustafa/work/tools/jdk1.8.0_73
PATH=/usr/local/heroku/bin:/home/mustafa/work/tools/apache-maven-3.3.9/bin:/home/mustafa/work/tools/jdk1.8.0_73/bin:/home/mustafa/work/tools/dibs/plugins/org.tizen.cli-tools:/home/mustafa/work/tools/node-v6.9.1-linux-x64/bin:/usr/local/sbin:/usr/local/bin:/usr/sbin:/usr/bin:/sbin:/bin:/usr/games:/usr/local/games:/home/mustafa/mustafa/tools:/Users/nide/mustafa/android/sdk/platform-tools
LD_LIBRARY_PATH=/home/mustafa/work/tools/android-studio/bin:
SHELL=/bin/bash
DISPLAY=:0

Signal Handlers:
SIGSEGV: [libjvm.so+0x9e5150], sa_mask[0]=11111111011111111101111111111110, sa_flags=SA_RESTART|SA_SIGINFO
SIGBUS: [libjvm.so+0x9e5150], sa_mask[0]=11111111011111111101111111111110, sa_flags=SA_RESTART|SA_SIGINFO
SIGFPE: [libjvm.so+0x848450], sa_mask[0]=11111111011111111101111111111110, sa_flags=SA_RESTART|SA_SIGINFO
SIGPIPE: [libjvm.so+0x848450], sa_mask[0]=11111111011111111101111111111110, sa_flags=SA_RESTART|SA_SIGINFO
SIGXFSZ: [libjvm.so+0x848450], sa_mask[0]=11111111011111111101111111111110, sa_flags=SA_RESTART|SA_SIGINFO
SIGILL: [libjvm.so+0x848450], sa_mask[0]=11111111011111111101111111111110, sa_flags=SA_RESTART|SA_SIGINFO
SIGUSR1: SIG_DFL, sa_mask[0]=00000000000000000000000000000000, sa_flags=none
SIGUSR2: [libjvm.so+0x848320], sa_mask[0]=00100000000000000000000000000000, sa_flags=SA_RESTART|SA_SIGINFO
SIGHUP: [libjvm.so+0x848510], sa_mask[0]=11111111011111111101111111111110, sa_flags=SA_RESTART|SA_SIGINFO
SIGINT: [libjvm.so+0x848510], sa_mask[0]=11111111011111111101111111111110, sa_flags=SA_RESTART|SA_SIGINFO
SIGTERM: [libjvm.so+0x848510], sa_mask[0]=11111111011111111101111111111110, sa_flags=SA_RESTART|SA_SIGINFO
SIGQUIT: [libjvm.so+0x848510], sa_mask[0]=11111111011111111101111111111110, sa_flags=SA_RESTART|SA_SIGINFO


---------------  S Y S T E M  ---------------

OS:DISTRIB_ID=Ubuntu
DISTRIB_RELEASE=14.04
DISTRIB_CODENAME=trusty
DISTRIB_DESCRIPTION="Ubuntu 14.04.4 LTS"

uname:Linux 3.13.0-108-generic #155-Ubuntu SMP Wed Jan 11 16:58:52 UTC 2017 x86_64
libc:glibc 2.19 NPTL 2.19 
rlimit: STACK 8192k, CORE 0k, NPROC 63353, NOFILE 4096, AS infinity
load average:2.30 1.74 1.45

/proc/meminfo:
MemTotal:        8130828 kB
MemFree:          134164 kB
Buffers:            1276 kB
Cached:            81620 kB
SwapCached:            0 kB
Active:          7586972 kB
Inactive:          79168 kB
Active(anon):    7585716 kB
Inactive(anon):    46640 kB
Active(file):       1256 kB
Inactive(file):    32528 kB
Unevictable:          48 kB
Mlocked:              48 kB
SwapTotal:             0 kB
SwapFree:              0 kB
Dirty:               768 kB
Writeback:             0 kB
AnonPages:       7584428 kB
Mapped:           116012 kB
Shmem:             47812 kB
Slab:             109488 kB
SReclaimable:      54080 kB
SUnreclaim:        55408 kB
KernelStack:        7632 kB
PageTables:        58204 kB
NFS_Unstable:          0 kB
Bounce:                0 kB
WritebackTmp:          0 kB
CommitLimit:     4065412 kB
Committed_AS:   11928872 kB
VmallocTotal:   34359738367 kB
VmallocUsed:      119392 kB
VmallocChunk:   34359613436 kB
HardwareCorrupted:     0 kB
AnonHugePages:   4503552 kB
HugePages_Total:       0
HugePages_Free:        0
HugePages_Rsvd:        0
HugePages_Surp:        0
Hugepagesize:       2048 kB
DirectMap4k:      390708 kB
DirectMap2M:     7952384 kB
DirectMap1G:           0 kB


CPU:total 8 (4 cores per cpu, 2 threads per core) family 6 model 60 stepping 3, cmov, cx8, fxsr, mmx, sse, sse2, sse3, ssse3, sse4.1, sse4.2, popcnt, avx, avx2, aes, clmul, erms, lzcnt, ht, tsc, tscinvbit, bmi1, bmi2

/proc/cpuinfo:
processor	: 0
vendor_id	: GenuineIntel
cpu family	: 6
model		: 60
model name	: Intel(R) Core(TM) i7-4790 CPU @ 3.60GHz
stepping	: 3
microcode	: 0x1c
cpu MHz		: 3000.000
cache size	: 8192 KB
physical id	: 0
siblings	: 8
core id		: 0
cpu cores	: 4
apicid		: 0
initial apicid	: 0
fpu		: yes
fpu_exception	: yes
cpuid level	: 13
wp		: yes
flags		: fpu vme de pse tsc msr pae mce cx8 apic sep mtrr pge mca cmov pat pse36 clflush dts acpi mmx fxsr sse sse2 ss ht tm pbe syscall nx pdpe1gb rdtscp lm constant_tsc arch_perfmon pebs bts rep_good nopl xtopology nonstop_tsc aperfmperf eagerfpu pni pclmulqdq dtes64 monitor ds_cpl vmx smx est tm2 ssse3 fma cx16 xtpr pdcm pcid sse4_1 sse4_2 x2apic movbe popcnt tsc_deadline_timer aes xsave avx f16c rdrand lahf_lm abm ida arat epb xsaveopt pln pts dtherm tpr_shadow vnmi flexpriority ept vpid fsgsbase tsc_adjust bmi1 avx2 smep bmi2 erms invpcid
bogomips	: 7183.73
clflush size	: 64
cache_alignment	: 64
address sizes	: 39 bits physical, 48 bits virtual
power management:

processor	: 1
vendor_id	: GenuineIntel
cpu family	: 6
model		: 60
model name	: Intel(R) Core(TM) i7-4790 CPU @ 3.60GHz
stepping	: 3
microcode	: 0x1c
cpu MHz		: 3601.000
cache size	: 8192 KB
physical id	: 0
siblings	: 8
core id		: 1
cpu cores	: 4
apicid		: 2
initial apicid	: 2
fpu		: yes
fpu_exception	: yes
cpuid level	: 13
wp		: yes
flags		: fpu vme de pse tsc msr pae mce cx8 apic sep mtrr pge mca cmov pat pse36 clflush dts acpi mmx fxsr sse sse2 ss ht tm pbe syscall nx pdpe1gb rdtscp lm constant_tsc arch_perfmon pebs bts rep_good nopl xtopology nonstop_tsc aperfmperf eagerfpu pni pclmulqdq dtes64 monitor ds_cpl vmx smx est tm2 ssse3 fma cx16 xtpr pdcm pcid sse4_1 sse4_2 x2apic movbe popcnt tsc_deadline_timer aes xsave avx f16c rdrand lahf_lm abm ida arat epb xsaveopt pln pts dtherm tpr_shadow vnmi flexpriority ept vpid fsgsbase tsc_adjust bmi1 avx2 smep bmi2 erms invpcid
bogomips	: 7183.73
clflush size	: 64
cache_alignment	: 64
address sizes	: 39 bits physical, 48 bits virtual
power management:

processor	: 2
vendor_id	: GenuineIntel
cpu family	: 6
model		: 60
model name	: Intel(R) Core(TM) i7-4790 CPU @ 3.60GHz
stepping	: 3
microcode	: 0x1c
cpu MHz		: 3601.000
cache size	: 8192 KB
physical id	: 0
siblings	: 8
core id		: 2
cpu cores	: 4
apicid		: 4
initial apicid	: 4
fpu		: yes
fpu_exception	: yes
cpuid level	: 13
wp		: yes
flags		: fpu vme de pse tsc msr pae mce cx8 apic sep mtrr pge mca cmov pat pse36 clflush dts acpi mmx fxsr sse sse2 ss ht tm pbe syscall nx pdpe1gb rdtscp lm constant_tsc arch_perfmon pebs bts rep_good nopl xtopology nonstop_tsc aperfmperf eagerfpu pni pclmulqdq dtes64 monitor ds_cpl vmx smx est tm2 ssse3 fma cx16 xtpr pdcm pcid sse4_1 sse4_2 x2apic movbe popcnt tsc_deadline_timer aes xsave avx f16c rdrand lahf_lm abm ida arat epb xsaveopt pln pts dtherm tpr_shadow vnmi flexpriority ept vpid fsgsbase tsc_adjust bmi1 avx2 smep bmi2 erms invpcid
bogomips	: 7183.73
clflush size	: 64
cache_alignment	: 64
address sizes	: 39 bits physical, 48 bits virtual
power management:

processor	: 3
vendor_id	: GenuineIntel
cpu family	: 6
model		: 60
model name	: Intel(R) Core(TM) i7-4790 CPU @ 3.60GHz
stepping	: 3
microcode	: 0x1c
cpu MHz		: 800.000
cache size	: 8192 KB
physical id	: 0
siblings	: 8
core id		: 3
cpu cores	: 4
apicid		: 6
initial apicid	: 6
fpu		: yes
fpu_exception	: yes
cpuid level	: 13
wp		: yes
flags		: fpu vme de pse tsc msr pae mce cx8 apic sep mtrr pge mca cmov pat pse36 clflush dts acpi mmx fxsr sse sse2 ss ht tm pbe syscall nx pdpe1gb rdtscp lm constant_tsc arch_perfmon pebs bts rep_good nopl xtopology nonstop_tsc aperfmperf eagerfpu pni pclmulqdq dtes64 monitor ds_cpl vmx smx est tm2 ssse3 fma cx16 xtpr pdcm pcid sse4_1 sse4_2 x2apic movbe popcnt tsc_deadline_timer aes xsave avx f16c rdrand lahf_lm abm ida arat epb xsaveopt pln pts dtherm tpr_shadow vnmi flexpriority ept vpid fsgsbase tsc_adjust bmi1 avx2 smep bmi2 erms invpcid
bogomips	: 7183.73
clflush size	: 64
cache_alignment	: 64
address sizes	: 39 bits physical, 48 bits virtual
power management:

processor	: 4
vendor_id	: GenuineIntel
cpu family	: 6
model		: 60
model name	: Intel(R) Core(TM) i7-4790 CPU @ 3.60GHz
stepping	: 3
microcode	: 0x1c
cpu MHz		: 2600.000
cache size	: 8192 KB
physical id	: 0
siblings	: 8
core id		: 0
cpu cores	: 4
apicid		: 1
initial apicid	: 1
fpu		: yes
fpu_exception	: yes
cpuid level	: 13
wp		: yes
flags		: fpu vme de pse tsc msr pae mce cx8 apic sep mtrr pge mca cmov pat pse36 clflush dts acpi mmx fxsr sse sse2 ss ht tm pbe syscall nx pdpe1gb rdtscp lm constant_tsc arch_perfmon pebs bts rep_good nopl xtopology nonstop_tsc aperfmperf eagerfpu pni pclmulqdq dtes64 monitor ds_cpl vmx smx est tm2 ssse3 fma cx16 xtpr pdcm pcid sse4_1 sse4_2 x2apic movbe popcnt tsc_deadline_timer aes xsave avx f16c rdrand lahf_lm abm ida arat epb xsaveopt pln pts dtherm tpr_shadow vnmi flexpriority ept vpid fsgsbase tsc_adjust bmi1 avx2 smep bmi2 erms invpcid
bogomips	: 7183.73
clflush size	: 64
cache_alignment	: 64
address sizes	: 39 bits physical, 48 bits virtual
power management:

processor	: 5
vendor_id	: GenuineIntel
cpu family	: 6
model		: 60
model name	: Intel(R) Core(TM) i7-4790 CPU @ 3.60GHz
stepping	: 3
microcode	: 0x1c
cpu MHz		: 2800.000
cache size	: 8192 KB
physical id	: 0
siblings	: 8
core id		: 1
cpu cores	: 4
apicid		: 3
initial apicid	: 3
fpu		: yes
fpu_exception	: yes
cpuid level	: 13
wp		: yes
flags		: fpu vme de pse tsc msr pae mce cx8 apic sep mtrr pge mca cmov pat pse36 clflush dts acpi mmx fxsr sse sse2 ss ht tm pbe syscall nx pdpe1gb rdtscp lm constant_tsc arch_perfmon pebs bts rep_good nopl xtopology nonstop_tsc aperfmperf eagerfpu pni pclmulqdq dtes64 monitor ds_cpl vmx smx est tm2 ssse3 fma cx16 xtpr pdcm pcid sse4_1 sse4_2 x2apic movbe popcnt tsc_deadline_timer aes xsave avx f16c rdrand lahf_lm abm ida arat epb xsaveopt pln pts dtherm tpr_shadow vnmi flexpriority ept vpid fsgsbase tsc_adjust bmi1 avx2 smep bmi2 erms invpcid
bogomips	: 7183.73
clflush size	: 64
cache_alignment	: 64
address sizes	: 39 bits physical, 48 bits virtual
power management:

processor	: 6
vendor_id	: GenuineIntel
cpu family	: 6
model		: 60
model name	: Intel(R) Core(TM) i7-4790 CPU @ 3.60GHz
stepping	: 3
microcode	: 0x1c
cpu MHz		: 3601.000
cache size	: 8192 KB
physical id	: 0
siblings	: 8
core id		: 2
cpu cores	: 4
apicid		: 5
initial apicid	: 5
fpu		: yes
fpu_exception	: yes
cpuid level	: 13
wp		: yes
flags		: fpu vme de pse tsc msr pae mce cx8 apic sep mtrr pge mca cmov pat pse36 clflush dts acpi mmx fxsr sse sse2 ss ht tm pbe syscall nx pdpe1gb rdtscp lm constant_tsc arch_perfmon pebs bts rep_good nopl xtopology nonstop_tsc aperfmperf eagerfpu pni pclmulqdq dtes64 monitor ds_cpl vmx smx est tm2 ssse3 fma cx16 xtpr pdcm pcid sse4_1 sse4_2 x2apic movbe popcnt tsc_deadline_timer aes xsave avx f16c rdrand lahf_lm abm ida arat epb xsaveopt pln pts dtherm tpr_shadow vnmi flexpriority ept vpid fsgsbase tsc_adjust bmi1 avx2 smep bmi2 erms invpcid
bogomips	: 7183.73
clflush size	: 64
cache_alignment	: 64
address sizes	: 39 bits physical, 48 bits virtual
power management:

processor	: 7
vendor_id	: GenuineIntel
cpu family	: 6
model		: 60
model name	: Intel(R) Core(TM) i7-4790 CPU @ 3.60GHz
stepping	: 3
microcode	: 0x1c
cpu MHz		: 3601.000
cache size	: 8192 KB
physical id	: 0
siblings	: 8
core id		: 3
cpu cores	: 4
apicid		: 7
initial apicid	: 7
fpu		: yes
fpu_exception	: yes
cpuid level	: 13
wp		: yes
flags		: fpu vme de pse tsc msr pae mce cx8 apic sep mtrr pge mca cmov pat pse36 clflush dts acpi mmx fxsr sse sse2 ss ht tm pbe syscall nx pdpe1gb rdtscp lm constant_tsc arch_perfmon pebs bts rep_good nopl xtopology nonstop_tsc aperfmperf eagerfpu pni pclmulqdq dtes64 monitor ds_cpl vmx smx est tm2 ssse3 fma cx16 xtpr pdcm pcid sse4_1 sse4_2 x2apic movbe popcnt tsc_deadline_timer aes xsave avx f16c rdrand lahf_lm abm ida arat epb xsaveopt pln pts dtherm tpr_shadow vnmi flexpriority ept vpid fsgsbase tsc_adjust bmi1 avx2 smep bmi2 erms invpcid
bogomips	: 7183.73
clflush size	: 64
cache_alignment	: 64
address sizes	: 39 bits physical, 48 bits virtual
power management:



Memory: 4k page, physical 8130828k(134164k free), swap 0k(0k free)

vm_info: OpenJDK 64-Bit Server VM (25.112-b06) for linux-amd64 JRE (1.8.0_112-release-b06), built on Dec  6 2016 12:11:18 by "builder" with gcc 4.8.4

time: Tue Mar 28 18:26:39 2017
elapsed time: 2 seconds (0d 0h 0m 2s)

